Determining if the __INTEL_COMPILER exist failed with the following output:
Change Dir: /home/janus/NTNU_ROV_COM/lib/janus-c-3.0.5/CMakeFiles/CMakeTmp

Run Build Command(s):/usr/bin/make -f Makefile cmTC_58f6c/fast && /usr/bin/make  -f CMakeFiles/cmTC_58f6c.dir/build.make CMakeFiles/cmTC_58f6c.dir/build
make[1]: Entering directory '/home/janus/NTNU_ROV_COM/lib/janus-c-3.0.5/CMakeFiles/CMakeTmp'
Building C object CMakeFiles/cmTC_58f6c.dir/CheckSymbolExists.c.o
/usr/bin/cc    -o CMakeFiles/cmTC_58f6c.dir/CheckSymbolExists.c.o -c /home/janus/NTNU_ROV_COM/lib/janus-c-3.0.5/CMakeFiles/CMakeTmp/CheckSymbolExists.c
/home/janus/NTNU_ROV_COM/lib/janus-c-3.0.5/CMakeFiles/CMakeTmp/CheckSymbolExists.c: In function ‘main’:
/home/janus/NTNU_ROV_COM/lib/janus-c-3.0.5/CMakeFiles/CMakeTmp/CheckSymbolExists.c:8:19: error: ‘__INTEL_COMPILER’ undeclared (first use in this function)
    8 |   return ((int*)(&__INTEL_COMPILER))[argc];
      |                   ^~~~~~~~~~~~~~~~
/home/janus/NTNU_ROV_COM/lib/janus-c-3.0.5/CMakeFiles/CMakeTmp/CheckSymbolExists.c:8:19: note: each undeclared identifier is reported only once for each function it appears in
make[1]: *** [CMakeFiles/cmTC_58f6c.dir/build.make:78: CMakeFiles/cmTC_58f6c.dir/CheckSymbolExists.c.o] Error 1
make[1]: Leaving directory '/home/janus/NTNU_ROV_COM/lib/janus-c-3.0.5/CMakeFiles/CMakeTmp'
make: *** [Makefile:127: cmTC_58f6c/fast] Error 2


File /home/janus/NTNU_ROV_COM/lib/janus-c-3.0.5/CMakeFiles/CMakeTmp/CheckSymbolExists.c:
/* */
#include <stdio.h>

int main(int argc, char** argv)
{
  (void)argv;
#ifndef __INTEL_COMPILER
  return ((int*)(&__INTEL_COMPILER))[argc];
#else
  (void)argc;
  return 0;
#endif
}
Determining if the __SUNPRO_C exist failed with the following output:
Change Dir: /home/janus/NTNU_ROV_COM/lib/janus-c-3.0.5/CMakeFiles/CMakeTmp

Run Build Command(s):/usr/bin/make -f Makefile cmTC_35388/fast && /usr/bin/make  -f CMakeFiles/cmTC_35388.dir/build.make CMakeFiles/cmTC_35388.dir/build
make[1]: Entering directory '/home/janus/NTNU_ROV_COM/lib/janus-c-3.0.5/CMakeFiles/CMakeTmp'
Building C object CMakeFiles/cmTC_35388.dir/CheckSymbolExists.c.o
/usr/bin/cc    -o CMakeFiles/cmTC_35388.dir/CheckSymbolExists.c.o -c /home/janus/NTNU_ROV_COM/lib/janus-c-3.0.5/CMakeFiles/CMakeTmp/CheckSymbolExists.c
/home/janus/NTNU_ROV_COM/lib/janus-c-3.0.5/CMakeFiles/CMakeTmp/CheckSymbolExists.c: In function ‘main’:
/home/janus/NTNU_ROV_COM/lib/janus-c-3.0.5/CMakeFiles/CMakeTmp/CheckSymbolExists.c:8:19: error: ‘__SUNPRO_C’ undeclared (first use in this function)
    8 |   return ((int*)(&__SUNPRO_C))[argc];
      |                   ^~~~~~~~~~
/home/janus/NTNU_ROV_COM/lib/janus-c-3.0.5/CMakeFiles/CMakeTmp/CheckSymbolExists.c:8:19: note: each undeclared identifier is reported only once for each function it appears in
make[1]: *** [CMakeFiles/cmTC_35388.dir/build.make:78: CMakeFiles/cmTC_35388.dir/CheckSymbolExists.c.o] Error 1
make[1]: Leaving directory '/home/janus/NTNU_ROV_COM/lib/janus-c-3.0.5/CMakeFiles/CMakeTmp'
make: *** [Makefile:127: cmTC_35388/fast] Error 2


File /home/janus/NTNU_ROV_COM/lib/janus-c-3.0.5/CMakeFiles/CMakeTmp/CheckSymbolExists.c:
/* */
#include <stdio.h>

int main(int argc, char** argv)
{
  (void)argv;
#ifndef __SUNPRO_C
  return ((int*)(&__SUNPRO_C))[argc];
#else
  (void)argc;
  return 0;
#endif
}
Determining if the __clang__ exist failed with the following output:
Change Dir: /home/janus/NTNU_ROV_COM/lib/janus-c-3.0.5/CMakeFiles/CMakeTmp

Run Build Command(s):/usr/bin/make -f Makefile cmTC_d5698/fast && /usr/bin/make  -f CMakeFiles/cmTC_d5698.dir/build.make CMakeFiles/cmTC_d5698.dir/build
make[1]: Entering directory '/home/janus/NTNU_ROV_COM/lib/janus-c-3.0.5/CMakeFiles/CMakeTmp'
Building C object CMakeFiles/cmTC_d5698.dir/CheckSymbolExists.c.o
/usr/bin/cc    -o CMakeFiles/cmTC_d5698.dir/CheckSymbolExists.c.o -c /home/janus/NTNU_ROV_COM/lib/janus-c-3.0.5/CMakeFiles/CMakeTmp/CheckSymbolExists.c
/home/janus/NTNU_ROV_COM/lib/janus-c-3.0.5/CMakeFiles/CMakeTmp/CheckSymbolExists.c: In function ‘main’:
/home/janus/NTNU_ROV_COM/lib/janus-c-3.0.5/CMakeFiles/CMakeTmp/CheckSymbolExists.c:8:19: error: ‘__clang__’ undeclared (first use in this function)
    8 |   return ((int*)(&__clang__))[argc];
      |                   ^~~~~~~~~
/home/janus/NTNU_ROV_COM/lib/janus-c-3.0.5/CMakeFiles/CMakeTmp/CheckSymbolExists.c:8:19: note: each undeclared identifier is reported only once for each function it appears in
make[1]: *** [CMakeFiles/cmTC_d5698.dir/build.make:78: CMakeFiles/cmTC_d5698.dir/CheckSymbolExists.c.o] Error 1
make[1]: Leaving directory '/home/janus/NTNU_ROV_COM/lib/janus-c-3.0.5/CMakeFiles/CMakeTmp'
make: *** [Makefile:127: cmTC_d5698/fast] Error 2


File /home/janus/NTNU_ROV_COM/lib/janus-c-3.0.5/CMakeFiles/CMakeTmp/CheckSymbolExists.c:
/* */
#include <stdio.h>

int main(int argc, char** argv)
{
  (void)argv;
#ifndef __clang__
  return ((int*)(&__clang__))[argc];
#else
  (void)argc;
  return 0;
#endif
}
Performing C SOURCE FILE Test JANUS_SYS_HAS___AMD64__ failed with the following output:
Change Dir: /home/janus/NTNU_ROV_COM/lib/janus-c-3.0.5/CMakeFiles/CMakeTmp

Run Build Command(s):/usr/bin/make -f Makefile cmTC_7bd40/fast && /usr/bin/make  -f CMakeFiles/cmTC_7bd40.dir/build.make CMakeFiles/cmTC_7bd40.dir/build
make[1]: Entering directory '/home/janus/NTNU_ROV_COM/lib/janus-c-3.0.5/CMakeFiles/CMakeTmp'
Building C object CMakeFiles/cmTC_7bd40.dir/src.c.o
/usr/bin/cc -DJANUS_SYS_HAS___AMD64__  -fPIC  -o CMakeFiles/cmTC_7bd40.dir/src.c.o -c /home/janus/NTNU_ROV_COM/lib/janus-c-3.0.5/CMakeFiles/CMakeTmp/src.c
/home/janus/NTNU_ROV_COM/lib/janus-c-3.0.5/CMakeFiles/CMakeTmp/src.c:2:2: error: #error undefined macro
    2 | #error undefined macro
      |  ^~~~~
make[1]: *** [CMakeFiles/cmTC_7bd40.dir/build.make:78: CMakeFiles/cmTC_7bd40.dir/src.c.o] Error 1
make[1]: Leaving directory '/home/janus/NTNU_ROV_COM/lib/janus-c-3.0.5/CMakeFiles/CMakeTmp'
make: *** [Makefile:127: cmTC_7bd40/fast] Error 2


Source file was:
#if !defined(__amd64__)
#error undefined macro
#endif
int main(void){return 0;}
Performing C SOURCE FILE Test JANUS_SYS_HAS__AMD64_ failed with the following output:
Change Dir: /home/janus/NTNU_ROV_COM/lib/janus-c-3.0.5/CMakeFiles/CMakeTmp

Run Build Command(s):/usr/bin/make -f Makefile cmTC_c2b62/fast && /usr/bin/make  -f CMakeFiles/cmTC_c2b62.dir/build.make CMakeFiles/cmTC_c2b62.dir/build
make[1]: Entering directory '/home/janus/NTNU_ROV_COM/lib/janus-c-3.0.5/CMakeFiles/CMakeTmp'
Building C object CMakeFiles/cmTC_c2b62.dir/src.c.o
/usr/bin/cc -DJANUS_SYS_HAS__AMD64_  -fPIC  -o CMakeFiles/cmTC_c2b62.dir/src.c.o -c /home/janus/NTNU_ROV_COM/lib/janus-c-3.0.5/CMakeFiles/CMakeTmp/src.c
/home/janus/NTNU_ROV_COM/lib/janus-c-3.0.5/CMakeFiles/CMakeTmp/src.c:2:2: error: #error undefined macro
    2 | #error undefined macro
      |  ^~~~~
make[1]: *** [CMakeFiles/cmTC_c2b62.dir/build.make:78: CMakeFiles/cmTC_c2b62.dir/src.c.o] Error 1
make[1]: Leaving directory '/home/janus/NTNU_ROV_COM/lib/janus-c-3.0.5/CMakeFiles/CMakeTmp'
make: *** [Makefile:127: cmTC_c2b62/fast] Error 2


Source file was:
#if !defined(_AMD64_)
#error undefined macro
#endif
int main(void){return 0;}
Performing C SOURCE FILE Test JANUS_SYS_HAS___X86_64__ failed with the following output:
Change Dir: /home/janus/NTNU_ROV_COM/lib/janus-c-3.0.5/CMakeFiles/CMakeTmp

Run Build Command(s):/usr/bin/make -f Makefile cmTC_2dfc5/fast && /usr/bin/make  -f CMakeFiles/cmTC_2dfc5.dir/build.make CMakeFiles/cmTC_2dfc5.dir/build
make[1]: Entering directory '/home/janus/NTNU_ROV_COM/lib/janus-c-3.0.5/CMakeFiles/CMakeTmp'
Building C object CMakeFiles/cmTC_2dfc5.dir/src.c.o
/usr/bin/cc -DJANUS_SYS_HAS___X86_64__  -fPIC  -o CMakeFiles/cmTC_2dfc5.dir/src.c.o -c /home/janus/NTNU_ROV_COM/lib/janus-c-3.0.5/CMakeFiles/CMakeTmp/src.c
/home/janus/NTNU_ROV_COM/lib/janus-c-3.0.5/CMakeFiles/CMakeTmp/src.c:2:2: error: #error undefined macro
    2 | #error undefined macro
      |  ^~~~~
make[1]: *** [CMakeFiles/cmTC_2dfc5.dir/build.make:78: CMakeFiles/cmTC_2dfc5.dir/src.c.o] Error 1
make[1]: Leaving directory '/home/janus/NTNU_ROV_COM/lib/janus-c-3.0.5/CMakeFiles/CMakeTmp'
make: *** [Makefile:127: cmTC_2dfc5/fast] Error 2


Source file was:
#if !defined(__x86_64__)
#error undefined macro
#endif
int main(void){return 0;}
Performing C SOURCE FILE Test JANUS_SYS_HAS__M_X64 failed with the following output:
Change Dir: /home/janus/NTNU_ROV_COM/lib/janus-c-3.0.5/CMakeFiles/CMakeTmp

Run Build Command(s):/usr/bin/make -f Makefile cmTC_702ab/fast && /usr/bin/make  -f CMakeFiles/cmTC_702ab.dir/build.make CMakeFiles/cmTC_702ab.dir/build
make[1]: Entering directory '/home/janus/NTNU_ROV_COM/lib/janus-c-3.0.5/CMakeFiles/CMakeTmp'
Building C object CMakeFiles/cmTC_702ab.dir/src.c.o
/usr/bin/cc -DJANUS_SYS_HAS__M_X64  -fPIC  -o CMakeFiles/cmTC_702ab.dir/src.c.o -c /home/janus/NTNU_ROV_COM/lib/janus-c-3.0.5/CMakeFiles/CMakeTmp/src.c
/home/janus/NTNU_ROV_COM/lib/janus-c-3.0.5/CMakeFiles/CMakeTmp/src.c:2:2: error: #error undefined macro
    2 | #error undefined macro
      |  ^~~~~
make[1]: *** [CMakeFiles/cmTC_702ab.dir/build.make:78: CMakeFiles/cmTC_702ab.dir/src.c.o] Error 1
make[1]: Leaving directory '/home/janus/NTNU_ROV_COM/lib/janus-c-3.0.5/CMakeFiles/CMakeTmp'
make: *** [Makefile:127: cmTC_702ab/fast] Error 2


Source file was:
#if !defined(_M_X64)
#error undefined macro
#endif
int main(void){return 0;}
Performing C SOURCE FILE Test JANUS_SYS_HAS___I386__ failed with the following output:
Change Dir: /home/janus/NTNU_ROV_COM/lib/janus-c-3.0.5/CMakeFiles/CMakeTmp

Run Build Command(s):/usr/bin/make -f Makefile cmTC_4a745/fast && /usr/bin/make  -f CMakeFiles/cmTC_4a745.dir/build.make CMakeFiles/cmTC_4a745.dir/build
make[1]: Entering directory '/home/janus/NTNU_ROV_COM/lib/janus-c-3.0.5/CMakeFiles/CMakeTmp'
Building C object CMakeFiles/cmTC_4a745.dir/src.c.o
/usr/bin/cc -DJANUS_SYS_HAS___I386__  -fPIC  -o CMakeFiles/cmTC_4a745.dir/src.c.o -c /home/janus/NTNU_ROV_COM/lib/janus-c-3.0.5/CMakeFiles/CMakeTmp/src.c
/home/janus/NTNU_ROV_COM/lib/janus-c-3.0.5/CMakeFiles/CMakeTmp/src.c:2:2: error: #error undefined macro
    2 | #error undefined macro
      |  ^~~~~
make[1]: *** [CMakeFiles/cmTC_4a745.dir/build.make:78: CMakeFiles/cmTC_4a745.dir/src.c.o] Error 1
make[1]: Leaving directory '/home/janus/NTNU_ROV_COM/lib/janus-c-3.0.5/CMakeFiles/CMakeTmp'
make: *** [Makefile:127: cmTC_4a745/fast] Error 2


Source file was:
#if !defined(__i386__)
#error undefined macro
#endif
int main(void){return 0;}
Performing C SOURCE FILE Test JANUS_SYS_HAS__M_IX86 failed with the following output:
Change Dir: /home/janus/NTNU_ROV_COM/lib/janus-c-3.0.5/CMakeFiles/CMakeTmp

Run Build Command(s):/usr/bin/make -f Makefile cmTC_f0096/fast && /usr/bin/make  -f CMakeFiles/cmTC_f0096.dir/build.make CMakeFiles/cmTC_f0096.dir/build
make[1]: Entering directory '/home/janus/NTNU_ROV_COM/lib/janus-c-3.0.5/CMakeFiles/CMakeTmp'
Building C object CMakeFiles/cmTC_f0096.dir/src.c.o
/usr/bin/cc -DJANUS_SYS_HAS__M_IX86  -fPIC  -o CMakeFiles/cmTC_f0096.dir/src.c.o -c /home/janus/NTNU_ROV_COM/lib/janus-c-3.0.5/CMakeFiles/CMakeTmp/src.c
/home/janus/NTNU_ROV_COM/lib/janus-c-3.0.5/CMakeFiles/CMakeTmp/src.c:2:2: error: #error undefined macro
    2 | #error undefined macro
      |  ^~~~~
make[1]: *** [CMakeFiles/cmTC_f0096.dir/build.make:78: CMakeFiles/cmTC_f0096.dir/src.c.o] Error 1
make[1]: Leaving directory '/home/janus/NTNU_ROV_COM/lib/janus-c-3.0.5/CMakeFiles/CMakeTmp'
make: *** [Makefile:127: cmTC_f0096/fast] Error 2


Source file was:
#if !defined(_M_IX86)
#error undefined macro
#endif
int main(void){return 0;}
Performing C SOURCE FILE Test JANUS_SYS_HAS___X86_32__ failed with the following output:
Change Dir: /home/janus/NTNU_ROV_COM/lib/janus-c-3.0.5/CMakeFiles/CMakeTmp

Run Build Command(s):/usr/bin/make -f Makefile cmTC_08460/fast && /usr/bin/make  -f CMakeFiles/cmTC_08460.dir/build.make CMakeFiles/cmTC_08460.dir/build
make[1]: Entering directory '/home/janus/NTNU_ROV_COM/lib/janus-c-3.0.5/CMakeFiles/CMakeTmp'
Building C object CMakeFiles/cmTC_08460.dir/src.c.o
/usr/bin/cc -DJANUS_SYS_HAS___X86_32__  -fPIC  -o CMakeFiles/cmTC_08460.dir/src.c.o -c /home/janus/NTNU_ROV_COM/lib/janus-c-3.0.5/CMakeFiles/CMakeTmp/src.c
/home/janus/NTNU_ROV_COM/lib/janus-c-3.0.5/CMakeFiles/CMakeTmp/src.c:2:2: error: #error undefined macro
    2 | #error undefined macro
      |  ^~~~~
make[1]: *** [CMakeFiles/cmTC_08460.dir/build.make:78: CMakeFiles/cmTC_08460.dir/src.c.o] Error 1
make[1]: Leaving directory '/home/janus/NTNU_ROV_COM/lib/janus-c-3.0.5/CMakeFiles/CMakeTmp'
make: *** [Makefile:127: cmTC_08460/fast] Error 2


Source file was:
#if !defined(__x86_32__)
#error undefined macro
#endif
int main(void){return 0;}
Performing C SOURCE FILE Test JANUS_SYS_HAS___POWERPC64__ failed with the following output:
Change Dir: /home/janus/NTNU_ROV_COM/lib/janus-c-3.0.5/CMakeFiles/CMakeTmp

Run Build Command(s):/usr/bin/make -f Makefile cmTC_3c145/fast && /usr/bin/make  -f CMakeFiles/cmTC_3c145.dir/build.make CMakeFiles/cmTC_3c145.dir/build
make[1]: Entering directory '/home/janus/NTNU_ROV_COM/lib/janus-c-3.0.5/CMakeFiles/CMakeTmp'
Building C object CMakeFiles/cmTC_3c145.dir/src.c.o
/usr/bin/cc -DJANUS_SYS_HAS___POWERPC64__  -fPIC  -o CMakeFiles/cmTC_3c145.dir/src.c.o -c /home/janus/NTNU_ROV_COM/lib/janus-c-3.0.5/CMakeFiles/CMakeTmp/src.c
/home/janus/NTNU_ROV_COM/lib/janus-c-3.0.5/CMakeFiles/CMakeTmp/src.c:2:2: error: #error undefined macro
    2 | #error undefined macro
      |  ^~~~~
make[1]: *** [CMakeFiles/cmTC_3c145.dir/build.make:78: CMakeFiles/cmTC_3c145.dir/src.c.o] Error 1
make[1]: Leaving directory '/home/janus/NTNU_ROV_COM/lib/janus-c-3.0.5/CMakeFiles/CMakeTmp'
make: *** [Makefile:127: cmTC_3c145/fast] Error 2


Source file was:
#if !defined(__powerpc64__)
#error undefined macro
#endif
int main(void){return 0;}
Performing C SOURCE FILE Test JANUS_SYS_HAS___POWERPC__ failed with the following output:
Change Dir: /home/janus/NTNU_ROV_COM/lib/janus-c-3.0.5/CMakeFiles/CMakeTmp

Run Build Command(s):/usr/bin/make -f Makefile cmTC_7a54c/fast && /usr/bin/make  -f CMakeFiles/cmTC_7a54c.dir/build.make CMakeFiles/cmTC_7a54c.dir/build
make[1]: Entering directory '/home/janus/NTNU_ROV_COM/lib/janus-c-3.0.5/CMakeFiles/CMakeTmp'
Building C object CMakeFiles/cmTC_7a54c.dir/src.c.o
/usr/bin/cc -DJANUS_SYS_HAS___POWERPC__  -fPIC  -o CMakeFiles/cmTC_7a54c.dir/src.c.o -c /home/janus/NTNU_ROV_COM/lib/janus-c-3.0.5/CMakeFiles/CMakeTmp/src.c
/home/janus/NTNU_ROV_COM/lib/janus-c-3.0.5/CMakeFiles/CMakeTmp/src.c:2:2: error: #error undefined macro
    2 | #error undefined macro
      |  ^~~~~
make[1]: *** [CMakeFiles/cmTC_7a54c.dir/build.make:78: CMakeFiles/cmTC_7a54c.dir/src.c.o] Error 1
make[1]: Leaving directory '/home/janus/NTNU_ROV_COM/lib/janus-c-3.0.5/CMakeFiles/CMakeTmp'
make: *** [Makefile:127: cmTC_7a54c/fast] Error 2


Source file was:
#if !defined(__powerpc__)
#error undefined macro
#endif
int main(void){return 0;}
Performing C SOURCE FILE Test JANUS_SYS_HAS___PPC__ failed with the following output:
Change Dir: /home/janus/NTNU_ROV_COM/lib/janus-c-3.0.5/CMakeFiles/CMakeTmp

Run Build Command(s):/usr/bin/make -f Makefile cmTC_b4e72/fast && /usr/bin/make  -f CMakeFiles/cmTC_b4e72.dir/build.make CMakeFiles/cmTC_b4e72.dir/build
make[1]: Entering directory '/home/janus/NTNU_ROV_COM/lib/janus-c-3.0.5/CMakeFiles/CMakeTmp'
Building C object CMakeFiles/cmTC_b4e72.dir/src.c.o
/usr/bin/cc -DJANUS_SYS_HAS___PPC__  -fPIC  -o CMakeFiles/cmTC_b4e72.dir/src.c.o -c /home/janus/NTNU_ROV_COM/lib/janus-c-3.0.5/CMakeFiles/CMakeTmp/src.c
/home/janus/NTNU_ROV_COM/lib/janus-c-3.0.5/CMakeFiles/CMakeTmp/src.c:2:2: error: #error undefined macro
    2 | #error undefined macro
      |  ^~~~~
make[1]: *** [CMakeFiles/cmTC_b4e72.dir/build.make:78: CMakeFiles/cmTC_b4e72.dir/src.c.o] Error 1
make[1]: Leaving directory '/home/janus/NTNU_ROV_COM/lib/janus-c-3.0.5/CMakeFiles/CMakeTmp'
make: *** [Makefile:127: cmTC_b4e72/fast] Error 2


Source file was:
#if !defined(__ppc__)
#error undefined macro
#endif
int main(void){return 0;}
Performing C SOURCE FILE Test JANUS_SYS_HAS_PPC failed with the following output:
Change Dir: /home/janus/NTNU_ROV_COM/lib/janus-c-3.0.5/CMakeFiles/CMakeTmp

Run Build Command(s):/usr/bin/make -f Makefile cmTC_6700d/fast && /usr/bin/make  -f CMakeFiles/cmTC_6700d.dir/build.make CMakeFiles/cmTC_6700d.dir/build
make[1]: Entering directory '/home/janus/NTNU_ROV_COM/lib/janus-c-3.0.5/CMakeFiles/CMakeTmp'
Building C object CMakeFiles/cmTC_6700d.dir/src.c.o
/usr/bin/cc -DJANUS_SYS_HAS_PPC  -fPIC  -o CMakeFiles/cmTC_6700d.dir/src.c.o -c /home/janus/NTNU_ROV_COM/lib/janus-c-3.0.5/CMakeFiles/CMakeTmp/src.c
/home/janus/NTNU_ROV_COM/lib/janus-c-3.0.5/CMakeFiles/CMakeTmp/src.c:2:2: error: #error undefined macro
    2 | #error undefined macro
      |  ^~~~~
make[1]: *** [CMakeFiles/cmTC_6700d.dir/build.make:78: CMakeFiles/cmTC_6700d.dir/src.c.o] Error 1
make[1]: Leaving directory '/home/janus/NTNU_ROV_COM/lib/janus-c-3.0.5/CMakeFiles/CMakeTmp'
make: *** [Makefile:127: cmTC_6700d/fast] Error 2


Source file was:
#if !defined(PPC)
#error undefined macro
#endif
int main(void){return 0;}
Performing C SOURCE FILE Test JANUS_SYS_HAS___ALPHA__ failed with the following output:
Change Dir: /home/janus/NTNU_ROV_COM/lib/janus-c-3.0.5/CMakeFiles/CMakeTmp

Run Build Command(s):/usr/bin/make -f Makefile cmTC_acb24/fast && /usr/bin/make  -f CMakeFiles/cmTC_acb24.dir/build.make CMakeFiles/cmTC_acb24.dir/build
make[1]: Entering directory '/home/janus/NTNU_ROV_COM/lib/janus-c-3.0.5/CMakeFiles/CMakeTmp'
Building C object CMakeFiles/cmTC_acb24.dir/src.c.o
/usr/bin/cc -DJANUS_SYS_HAS___ALPHA__  -fPIC  -o CMakeFiles/cmTC_acb24.dir/src.c.o -c /home/janus/NTNU_ROV_COM/lib/janus-c-3.0.5/CMakeFiles/CMakeTmp/src.c
/home/janus/NTNU_ROV_COM/lib/janus-c-3.0.5/CMakeFiles/CMakeTmp/src.c:2:2: error: #error undefined macro
    2 | #error undefined macro
      |  ^~~~~
make[1]: *** [CMakeFiles/cmTC_acb24.dir/build.make:78: CMakeFiles/cmTC_acb24.dir/src.c.o] Error 1
make[1]: Leaving directory '/home/janus/NTNU_ROV_COM/lib/janus-c-3.0.5/CMakeFiles/CMakeTmp'
make: *** [Makefile:127: cmTC_acb24/fast] Error 2


Source file was:
#if !defined(__alpha__)
#error undefined macro
#endif
int main(void){return 0;}
Performing C SOURCE FILE Test JANUS_SYS_HAS___ARM_ARCH_4T__ failed with the following output:
Change Dir: /home/janus/NTNU_ROV_COM/lib/janus-c-3.0.5/CMakeFiles/CMakeTmp

Run Build Command(s):/usr/bin/make -f Makefile cmTC_6d2a5/fast && /usr/bin/make  -f CMakeFiles/cmTC_6d2a5.dir/build.make CMakeFiles/cmTC_6d2a5.dir/build
make[1]: Entering directory '/home/janus/NTNU_ROV_COM/lib/janus-c-3.0.5/CMakeFiles/CMakeTmp'
Building C object CMakeFiles/cmTC_6d2a5.dir/src.c.o
/usr/bin/cc -DJANUS_SYS_HAS___ARM_ARCH_4T__  -fPIC  -o CMakeFiles/cmTC_6d2a5.dir/src.c.o -c /home/janus/NTNU_ROV_COM/lib/janus-c-3.0.5/CMakeFiles/CMakeTmp/src.c
/home/janus/NTNU_ROV_COM/lib/janus-c-3.0.5/CMakeFiles/CMakeTmp/src.c:2:2: error: #error undefined macro
    2 | #error undefined macro
      |  ^~~~~
make[1]: *** [CMakeFiles/cmTC_6d2a5.dir/build.make:78: CMakeFiles/cmTC_6d2a5.dir/src.c.o] Error 1
make[1]: Leaving directory '/home/janus/NTNU_ROV_COM/lib/janus-c-3.0.5/CMakeFiles/CMakeTmp'
make: *** [Makefile:127: cmTC_6d2a5/fast] Error 2


Source file was:
#if !defined(__ARM_ARCH_4T__)
#error undefined macro
#endif
int main(void){return 0;}
Performing C SOURCE FILE Test JANUS_SYS_HAS___ARM_ARCH_5T__ failed with the following output:
Change Dir: /home/janus/NTNU_ROV_COM/lib/janus-c-3.0.5/CMakeFiles/CMakeTmp

Run Build Command(s):/usr/bin/make -f Makefile cmTC_1d655/fast && /usr/bin/make  -f CMakeFiles/cmTC_1d655.dir/build.make CMakeFiles/cmTC_1d655.dir/build
make[1]: Entering directory '/home/janus/NTNU_ROV_COM/lib/janus-c-3.0.5/CMakeFiles/CMakeTmp'
Building C object CMakeFiles/cmTC_1d655.dir/src.c.o
/usr/bin/cc -DJANUS_SYS_HAS___ARM_ARCH_5T__  -fPIC  -o CMakeFiles/cmTC_1d655.dir/src.c.o -c /home/janus/NTNU_ROV_COM/lib/janus-c-3.0.5/CMakeFiles/CMakeTmp/src.c
/home/janus/NTNU_ROV_COM/lib/janus-c-3.0.5/CMakeFiles/CMakeTmp/src.c:2:2: error: #error undefined macro
    2 | #error undefined macro
      |  ^~~~~
make[1]: *** [CMakeFiles/cmTC_1d655.dir/build.make:78: CMakeFiles/cmTC_1d655.dir/src.c.o] Error 1
make[1]: Leaving directory '/home/janus/NTNU_ROV_COM/lib/janus-c-3.0.5/CMakeFiles/CMakeTmp'
make: *** [Makefile:127: cmTC_1d655/fast] Error 2


Source file was:
#if !defined(__ARM_ARCH_5T__)
#error undefined macro
#endif
int main(void){return 0;}
Performing C SOURCE FILE Test JANUS_SYS_HAS___ARM_ARCH_7A__ failed with the following output:
Change Dir: /home/janus/NTNU_ROV_COM/lib/janus-c-3.0.5/CMakeFiles/CMakeTmp

Run Build Command(s):/usr/bin/make -f Makefile cmTC_e4022/fast && /usr/bin/make  -f CMakeFiles/cmTC_e4022.dir/build.make CMakeFiles/cmTC_e4022.dir/build
make[1]: Entering directory '/home/janus/NTNU_ROV_COM/lib/janus-c-3.0.5/CMakeFiles/CMakeTmp'
Building C object CMakeFiles/cmTC_e4022.dir/src.c.o
/usr/bin/cc -DJANUS_SYS_HAS___ARM_ARCH_7A__  -fPIC  -o CMakeFiles/cmTC_e4022.dir/src.c.o -c /home/janus/NTNU_ROV_COM/lib/janus-c-3.0.5/CMakeFiles/CMakeTmp/src.c
/home/janus/NTNU_ROV_COM/lib/janus-c-3.0.5/CMakeFiles/CMakeTmp/src.c:2:2: error: #error undefined macro
    2 | #error undefined macro
      |  ^~~~~
make[1]: *** [CMakeFiles/cmTC_e4022.dir/build.make:78: CMakeFiles/cmTC_e4022.dir/src.c.o] Error 1
make[1]: Leaving directory '/home/janus/NTNU_ROV_COM/lib/janus-c-3.0.5/CMakeFiles/CMakeTmp'
make: *** [Makefile:127: cmTC_e4022/fast] Error 2


Source file was:
#if !defined(__ARM_ARCH_7A__)
#error undefined macro
#endif
int main(void){return 0;}
Performing C SOURCE FILE Test JANUS_SYS_HAS___ARM__ failed with the following output:
Change Dir: /home/janus/NTNU_ROV_COM/lib/janus-c-3.0.5/CMakeFiles/CMakeTmp

Run Build Command(s):/usr/bin/make -f Makefile cmTC_6c729/fast && /usr/bin/make  -f CMakeFiles/cmTC_6c729.dir/build.make CMakeFiles/cmTC_6c729.dir/build
make[1]: Entering directory '/home/janus/NTNU_ROV_COM/lib/janus-c-3.0.5/CMakeFiles/CMakeTmp'
Building C object CMakeFiles/cmTC_6c729.dir/src.c.o
/usr/bin/cc -DJANUS_SYS_HAS___ARM__  -fPIC  -o CMakeFiles/cmTC_6c729.dir/src.c.o -c /home/janus/NTNU_ROV_COM/lib/janus-c-3.0.5/CMakeFiles/CMakeTmp/src.c
/home/janus/NTNU_ROV_COM/lib/janus-c-3.0.5/CMakeFiles/CMakeTmp/src.c:2:2: error: #error undefined macro
    2 | #error undefined macro
      |  ^~~~~
make[1]: *** [CMakeFiles/cmTC_6c729.dir/build.make:78: CMakeFiles/cmTC_6c729.dir/src.c.o] Error 1
make[1]: Leaving directory '/home/janus/NTNU_ROV_COM/lib/janus-c-3.0.5/CMakeFiles/CMakeTmp'
make: *** [Makefile:127: cmTC_6c729/fast] Error 2


Source file was:
#if !defined(__arm__)
#error undefined macro
#endif
int main(void){return 0;}
Performing C SOURCE FILE Test JANUS_SYS_HAS___SPARC__ failed with the following output:
Change Dir: /home/janus/NTNU_ROV_COM/lib/janus-c-3.0.5/CMakeFiles/CMakeTmp

Run Build Command(s):/usr/bin/make -f Makefile cmTC_7cd33/fast && /usr/bin/make  -f CMakeFiles/cmTC_7cd33.dir/build.make CMakeFiles/cmTC_7cd33.dir/build
make[1]: Entering directory '/home/janus/NTNU_ROV_COM/lib/janus-c-3.0.5/CMakeFiles/CMakeTmp'
Building C object CMakeFiles/cmTC_7cd33.dir/src.c.o
/usr/bin/cc -DJANUS_SYS_HAS___SPARC__  -fPIC  -o CMakeFiles/cmTC_7cd33.dir/src.c.o -c /home/janus/NTNU_ROV_COM/lib/janus-c-3.0.5/CMakeFiles/CMakeTmp/src.c
/home/janus/NTNU_ROV_COM/lib/janus-c-3.0.5/CMakeFiles/CMakeTmp/src.c:2:2: error: #error undefined macro
    2 | #error undefined macro
      |  ^~~~~
make[1]: *** [CMakeFiles/cmTC_7cd33.dir/build.make:78: CMakeFiles/cmTC_7cd33.dir/src.c.o] Error 1
make[1]: Leaving directory '/home/janus/NTNU_ROV_COM/lib/janus-c-3.0.5/CMakeFiles/CMakeTmp'
make: *** [Makefile:127: cmTC_7cd33/fast] Error 2


Source file was:
#if !defined(__sparc__)
#error undefined macro
#endif
int main(void){return 0;}
Performing C SOURCE FILE Test JANUS_SYS_HAS___SPARCV9 failed with the following output:
Change Dir: /home/janus/NTNU_ROV_COM/lib/janus-c-3.0.5/CMakeFiles/CMakeTmp

Run Build Command(s):/usr/bin/make -f Makefile cmTC_55754/fast && /usr/bin/make  -f CMakeFiles/cmTC_55754.dir/build.make CMakeFiles/cmTC_55754.dir/build
make[1]: Entering directory '/home/janus/NTNU_ROV_COM/lib/janus-c-3.0.5/CMakeFiles/CMakeTmp'
Building C object CMakeFiles/cmTC_55754.dir/src.c.o
/usr/bin/cc -DJANUS_SYS_HAS___SPARCV9  -fPIC  -o CMakeFiles/cmTC_55754.dir/src.c.o -c /home/janus/NTNU_ROV_COM/lib/janus-c-3.0.5/CMakeFiles/CMakeTmp/src.c
/home/janus/NTNU_ROV_COM/lib/janus-c-3.0.5/CMakeFiles/CMakeTmp/src.c:2:2: error: #error undefined macro
    2 | #error undefined macro
      |  ^~~~~
make[1]: *** [CMakeFiles/cmTC_55754.dir/build.make:78: CMakeFiles/cmTC_55754.dir/src.c.o] Error 1
make[1]: Leaving directory '/home/janus/NTNU_ROV_COM/lib/janus-c-3.0.5/CMakeFiles/CMakeTmp'
make: *** [Makefile:127: cmTC_55754/fast] Error 2


Source file was:
#if !defined(__sparcv9)
#error undefined macro
#endif
int main(void){return 0;}
Performing C SOURCE FILE Test JANUS_SYS_HAS___SPARCV8 failed with the following output:
Change Dir: /home/janus/NTNU_ROV_COM/lib/janus-c-3.0.5/CMakeFiles/CMakeTmp

Run Build Command(s):/usr/bin/make -f Makefile cmTC_3977e/fast && /usr/bin/make  -f CMakeFiles/cmTC_3977e.dir/build.make CMakeFiles/cmTC_3977e.dir/build
make[1]: Entering directory '/home/janus/NTNU_ROV_COM/lib/janus-c-3.0.5/CMakeFiles/CMakeTmp'
Building C object CMakeFiles/cmTC_3977e.dir/src.c.o
/usr/bin/cc -DJANUS_SYS_HAS___SPARCV8  -fPIC  -o CMakeFiles/cmTC_3977e.dir/src.c.o -c /home/janus/NTNU_ROV_COM/lib/janus-c-3.0.5/CMakeFiles/CMakeTmp/src.c
/home/janus/NTNU_ROV_COM/lib/janus-c-3.0.5/CMakeFiles/CMakeTmp/src.c:2:2: error: #error undefined macro
    2 | #error undefined macro
      |  ^~~~~
make[1]: *** [CMakeFiles/cmTC_3977e.dir/build.make:78: CMakeFiles/cmTC_3977e.dir/src.c.o] Error 1
make[1]: Leaving directory '/home/janus/NTNU_ROV_COM/lib/janus-c-3.0.5/CMakeFiles/CMakeTmp'
make: *** [Makefile:127: cmTC_3977e/fast] Error 2


Source file was:
#if !defined(__sparcv8)
#error undefined macro
#endif
int main(void){return 0;}
Performing C SOURCE FILE Test JANUS_SYS_HAS___MIPSEL__ failed with the following output:
Change Dir: /home/janus/NTNU_ROV_COM/lib/janus-c-3.0.5/CMakeFiles/CMakeTmp

Run Build Command(s):/usr/bin/make -f Makefile cmTC_441f9/fast && /usr/bin/make  -f CMakeFiles/cmTC_441f9.dir/build.make CMakeFiles/cmTC_441f9.dir/build
make[1]: Entering directory '/home/janus/NTNU_ROV_COM/lib/janus-c-3.0.5/CMakeFiles/CMakeTmp'
Building C object CMakeFiles/cmTC_441f9.dir/src.c.o
/usr/bin/cc -DJANUS_SYS_HAS___MIPSEL__  -fPIC  -o CMakeFiles/cmTC_441f9.dir/src.c.o -c /home/janus/NTNU_ROV_COM/lib/janus-c-3.0.5/CMakeFiles/CMakeTmp/src.c
/home/janus/NTNU_ROV_COM/lib/janus-c-3.0.5/CMakeFiles/CMakeTmp/src.c:2:2: error: #error undefined macro
    2 | #error undefined macro
      |  ^~~~~
make[1]: *** [CMakeFiles/cmTC_441f9.dir/build.make:78: CMakeFiles/cmTC_441f9.dir/src.c.o] Error 1
make[1]: Leaving directory '/home/janus/NTNU_ROV_COM/lib/janus-c-3.0.5/CMakeFiles/CMakeTmp'
make: *** [Makefile:127: cmTC_441f9/fast] Error 2


Source file was:
#if !defined(__MIPSEL__)
#error undefined macro
#endif
int main(void){return 0;}
Performing C SOURCE FILE Test JANUS_SYS_HAS___MIPSEB__ failed with the following output:
Change Dir: /home/janus/NTNU_ROV_COM/lib/janus-c-3.0.5/CMakeFiles/CMakeTmp

Run Build Command(s):/usr/bin/make -f Makefile cmTC_22816/fast && /usr/bin/make  -f CMakeFiles/cmTC_22816.dir/build.make CMakeFiles/cmTC_22816.dir/build
make[1]: Entering directory '/home/janus/NTNU_ROV_COM/lib/janus-c-3.0.5/CMakeFiles/CMakeTmp'
Building C object CMakeFiles/cmTC_22816.dir/src.c.o
/usr/bin/cc -DJANUS_SYS_HAS___MIPSEB__  -fPIC  -o CMakeFiles/cmTC_22816.dir/src.c.o -c /home/janus/NTNU_ROV_COM/lib/janus-c-3.0.5/CMakeFiles/CMakeTmp/src.c
/home/janus/NTNU_ROV_COM/lib/janus-c-3.0.5/CMakeFiles/CMakeTmp/src.c:2:2: error: #error undefined macro
    2 | #error undefined macro
      |  ^~~~~
make[1]: *** [CMakeFiles/cmTC_22816.dir/build.make:78: CMakeFiles/cmTC_22816.dir/src.c.o] Error 1
make[1]: Leaving directory '/home/janus/NTNU_ROV_COM/lib/janus-c-3.0.5/CMakeFiles/CMakeTmp'
make: *** [Makefile:127: cmTC_22816/fast] Error 2


Source file was:
#if !defined(__MIPSEB__)
#error undefined macro
#endif
int main(void){return 0;}
Performing C SOURCE FILE Test JANUS_SYS_HAS___AVR32__ failed with the following output:
Change Dir: /home/janus/NTNU_ROV_COM/lib/janus-c-3.0.5/CMakeFiles/CMakeTmp

Run Build Command(s):/usr/bin/make -f Makefile cmTC_c1b42/fast && /usr/bin/make  -f CMakeFiles/cmTC_c1b42.dir/build.make CMakeFiles/cmTC_c1b42.dir/build
make[1]: Entering directory '/home/janus/NTNU_ROV_COM/lib/janus-c-3.0.5/CMakeFiles/CMakeTmp'
Building C object CMakeFiles/cmTC_c1b42.dir/src.c.o
/usr/bin/cc -DJANUS_SYS_HAS___AVR32__  -fPIC  -o CMakeFiles/cmTC_c1b42.dir/src.c.o -c /home/janus/NTNU_ROV_COM/lib/janus-c-3.0.5/CMakeFiles/CMakeTmp/src.c
/home/janus/NTNU_ROV_COM/lib/janus-c-3.0.5/CMakeFiles/CMakeTmp/src.c:2:2: error: #error undefined macro
    2 | #error undefined macro
      |  ^~~~~
make[1]: *** [CMakeFiles/cmTC_c1b42.dir/build.make:78: CMakeFiles/cmTC_c1b42.dir/src.c.o] Error 1
make[1]: Leaving directory '/home/janus/NTNU_ROV_COM/lib/janus-c-3.0.5/CMakeFiles/CMakeTmp'
make: *** [Makefile:127: cmTC_c1b42/fast] Error 2


Source file was:
#if !defined(__avr32__)
#error undefined macro
#endif
int main(void){return 0;}
Performing C SOURCE FILE Test JANUS_CPU_BIG_ENDIAN failed with the following output:
Change Dir: /home/janus/NTNU_ROV_COM/lib/janus-c-3.0.5/CMakeFiles/CMakeTmp

Run Build Command(s):/usr/bin/make -f Makefile cmTC_1730c/fast && /usr/bin/make  -f CMakeFiles/cmTC_1730c.dir/build.make CMakeFiles/cmTC_1730c.dir/build
make[1]: Entering directory '/home/janus/NTNU_ROV_COM/lib/janus-c-3.0.5/CMakeFiles/CMakeTmp'
Building C object CMakeFiles/cmTC_1730c.dir/src.c.o
/usr/bin/cc -DJANUS_CPU_BIG_ENDIAN  -fPIC  -o CMakeFiles/cmTC_1730c.dir/src.c.o -c /home/janus/NTNU_ROV_COM/lib/janus-c-3.0.5/CMakeFiles/CMakeTmp/src.c
Linking C executable cmTC_1730c
/snap/cmake/1009/bin/cmake -E cmake_link_script CMakeFiles/cmTC_1730c.dir/link.txt --verbose=1
/usr/bin/cc  -fPIC  -rdynamic CMakeFiles/cmTC_1730c.dir/src.c.o -o cmTC_1730c 
/usr/bin/ld: /usr/lib/gcc/aarch64-linux-gnu/9/../../../aarch64-linux-gnu/Scrt1.o: in function `_start':
(.text+0x18): undefined reference to `main'
/usr/bin/ld: (.text+0x1c): undefined reference to `main'
collect2: error: ld returned 1 exit status
make[1]: *** [CMakeFiles/cmTC_1730c.dir/build.make:99: cmTC_1730c] Error 1
make[1]: Leaving directory '/home/janus/NTNU_ROV_COM/lib/janus-c-3.0.5/CMakeFiles/CMakeTmp'
make: *** [Makefile:127: cmTC_1730c/fast] Error 2


Source file was:

#include <sys/types.h>
#include <sys/param.h>

#ifdef __BYTE_ORDER
#  if (__BYTE_ORDER == __BIG_ENDIAN) || defined(_BIG_ENDIAN)
int main(void) { return 0; }
#  endif
#endif

Performing C SOURCE FILE Test armel failed with the following output:
Change Dir: /home/janus/NTNU_ROV_COM/lib/janus-c-3.0.5/CMakeFiles/CMakeTmp

Run Build Command(s):/usr/bin/make -f Makefile cmTC_d12b5/fast && /usr/bin/make  -f CMakeFiles/cmTC_d12b5.dir/build.make CMakeFiles/cmTC_d12b5.dir/build
make[1]: Entering directory '/home/janus/NTNU_ROV_COM/lib/janus-c-3.0.5/CMakeFiles/CMakeTmp'
Building C object CMakeFiles/cmTC_d12b5.dir/src.c.o
/usr/bin/cc -Darmel  -fPIC  -o CMakeFiles/cmTC_d12b5.dir/src.c.o -c /home/janus/NTNU_ROV_COM/lib/janus-c-3.0.5/CMakeFiles/CMakeTmp/src.c
/home/janus/NTNU_ROV_COM/lib/janus-c-3.0.5/CMakeFiles/CMakeTmp/src.c:2:2: error: #error no __ARMEL__
    2 | #error no __ARMEL__
      |  ^~~~~
make[1]: *** [CMakeFiles/cmTC_d12b5.dir/build.make:78: CMakeFiles/cmTC_d12b5.dir/src.c.o] Error 1
make[1]: Leaving directory '/home/janus/NTNU_ROV_COM/lib/janus-c-3.0.5/CMakeFiles/CMakeTmp'
make: *** [Makefile:127: cmTC_d12b5/fast] Error 2


Source file was:
#if !defined(__ARMEL__)
#error no __ARMEL__
#endif
int main(void) {return 0;}

Performing C SOURCE FILE Test armeb failed with the following output:
Change Dir: /home/janus/NTNU_ROV_COM/lib/janus-c-3.0.5/CMakeFiles/CMakeTmp

Run Build Command(s):/usr/bin/make -f Makefile cmTC_8f497/fast && /usr/bin/make  -f CMakeFiles/cmTC_8f497.dir/build.make CMakeFiles/cmTC_8f497.dir/build
make[1]: Entering directory '/home/janus/NTNU_ROV_COM/lib/janus-c-3.0.5/CMakeFiles/CMakeTmp'
Building C object CMakeFiles/cmTC_8f497.dir/src.c.o
/usr/bin/cc -Darmeb  -fPIC  -o CMakeFiles/cmTC_8f497.dir/src.c.o -c /home/janus/NTNU_ROV_COM/lib/janus-c-3.0.5/CMakeFiles/CMakeTmp/src.c
/home/janus/NTNU_ROV_COM/lib/janus-c-3.0.5/CMakeFiles/CMakeTmp/src.c:2:2: error: #error no __ARMEB__
    2 | #error no __ARMEB__
      |  ^~~~~
make[1]: *** [CMakeFiles/cmTC_8f497.dir/build.make:78: CMakeFiles/cmTC_8f497.dir/src.c.o] Error 1
make[1]: Leaving directory '/home/janus/NTNU_ROV_COM/lib/janus-c-3.0.5/CMakeFiles/CMakeTmp'
make: *** [Makefile:127: cmTC_8f497/fast] Error 2


Source file was:
#if !defined(__ARMEB__)
#error no __ARMEB__
#endif
int main(void) {return 0;}

Performing C SOURCE FILE Test JANUS_CPU_MIXED_ENDIAN_DOUBLES failed with the following output:
Change Dir: /home/janus/NTNU_ROV_COM/lib/janus-c-3.0.5/CMakeFiles/CMakeTmp

Run Build Command(s):/usr/bin/make -f Makefile cmTC_1dea3/fast && /usr/bin/make  -f CMakeFiles/cmTC_1dea3.dir/build.make CMakeFiles/cmTC_1dea3.dir/build
make[1]: Entering directory '/home/janus/NTNU_ROV_COM/lib/janus-c-3.0.5/CMakeFiles/CMakeTmp'
Building C object CMakeFiles/cmTC_1dea3.dir/src.c.o
/usr/bin/cc -DJANUS_CPU_MIXED_ENDIAN_DOUBLES  -fPIC  -o CMakeFiles/cmTC_1dea3.dir/src.c.o -c /home/janus/NTNU_ROV_COM/lib/janus-c-3.0.5/CMakeFiles/CMakeTmp/src.c
/home/janus/NTNU_ROV_COM/lib/janus-c-3.0.5/CMakeFiles/CMakeTmp/src.c:3:4: error: #error not ARM architecture
    3 | #  error not ARM architecture
      |    ^~~~~
make[1]: *** [CMakeFiles/cmTC_1dea3.dir/build.make:78: CMakeFiles/cmTC_1dea3.dir/src.c.o] Error 1
make[1]: Leaving directory '/home/janus/NTNU_ROV_COM/lib/janus-c-3.0.5/CMakeFiles/CMakeTmp'
make: *** [Makefile:127: cmTC_1dea3/fast] Error 2


Source file was:

#if !defined(__arm__)
#  error not ARM architecture
#endif

#if defined(__VFP_FP__)
#  error normal doubles.
#endif

int main(void) { return 0; }

Performing C SOURCE FILE Test OS_LINUX24 failed with the following output:
Change Dir: /home/janus/NTNU_ROV_COM/lib/janus-c-3.0.5/CMakeFiles/CMakeTmp

Run Build Command(s):/usr/bin/make -f Makefile cmTC_3449b/fast && /usr/bin/make  -f CMakeFiles/cmTC_3449b.dir/build.make CMakeFiles/cmTC_3449b.dir/build
make[1]: Entering directory '/home/janus/NTNU_ROV_COM/lib/janus-c-3.0.5/CMakeFiles/CMakeTmp'
Building C object CMakeFiles/cmTC_3449b.dir/src.c.o
/usr/bin/cc -DOS_LINUX24  -fPIC  -o CMakeFiles/cmTC_3449b.dir/src.c.o -c /home/janus/NTNU_ROV_COM/lib/janus-c-3.0.5/CMakeFiles/CMakeTmp/src.c
/home/janus/NTNU_ROV_COM/lib/janus-c-3.0.5/CMakeFiles/CMakeTmp/src.c:4:4: error: #error Linux 2.5 or superior
    4 | #  error Linux 2.5 or superior
      |    ^~~~~
make[1]: *** [CMakeFiles/cmTC_3449b.dir/build.make:78: CMakeFiles/cmTC_3449b.dir/src.c.o] Error 1
make[1]: Leaving directory '/home/janus/NTNU_ROV_COM/lib/janus-c-3.0.5/CMakeFiles/CMakeTmp'
make: *** [Makefile:127: cmTC_3449b/fast] Error 2


Source file was:

#include <linux/version.h>
#if LINUX_VERSION_CODE >= KERNEL_VERSION(2, 5, 0)
#  error Linux 2.5 or superior
#endif

Performing C SOURCE FILE Test LLVM_LIBC failed with the following output:
Change Dir: /home/janus/NTNU_ROV_COM/lib/janus-c-3.0.5/CMakeFiles/CMakeTmp

Run Build Command(s):/usr/bin/make -f Makefile cmTC_f2cc0/fast && /usr/bin/make  -f CMakeFiles/cmTC_f2cc0.dir/build.make CMakeFiles/cmTC_f2cc0.dir/build
make[1]: Entering directory '/home/janus/NTNU_ROV_COM/lib/janus-c-3.0.5/CMakeFiles/CMakeTmp'
Building C object CMakeFiles/cmTC_f2cc0.dir/src.c.o
/usr/bin/cc -DLLVM_LIBC  -fPIC  -o CMakeFiles/cmTC_f2cc0.dir/src.c.o -c /home/janus/NTNU_ROV_COM/lib/janus-c-3.0.5/CMakeFiles/CMakeTmp/src.c
/home/janus/NTNU_ROV_COM/lib/janus-c-3.0.5/CMakeFiles/CMakeTmp/src.c:1:10: fatal error: cstddef: No such file or directory
    1 | #include <cstddef>
      |          ^~~~~~~~~
compilation terminated.
make[1]: *** [CMakeFiles/cmTC_f2cc0.dir/build.make:78: CMakeFiles/cmTC_f2cc0.dir/src.c.o] Error 1
make[1]: Leaving directory '/home/janus/NTNU_ROV_COM/lib/janus-c-3.0.5/CMakeFiles/CMakeTmp'
make: *** [Makefile:127: cmTC_f2cc0/fast] Error 2


Source file was:
#include <cstddef>
 int main(void) { return _LIBCPP_VERSION; }
Determining if the __UCLIBC__ exist failed with the following output:
Change Dir: /home/janus/NTNU_ROV_COM/lib/janus-c-3.0.5/CMakeFiles/CMakeTmp

Run Build Command(s):/usr/bin/make -f Makefile cmTC_298c1/fast && /usr/bin/make  -f CMakeFiles/cmTC_298c1.dir/build.make CMakeFiles/cmTC_298c1.dir/build
make[1]: Entering directory '/home/janus/NTNU_ROV_COM/lib/janus-c-3.0.5/CMakeFiles/CMakeTmp'
Building C object CMakeFiles/cmTC_298c1.dir/CheckSymbolExists.c.o
/usr/bin/cc   -fPIC  -o CMakeFiles/cmTC_298c1.dir/CheckSymbolExists.c.o -c /home/janus/NTNU_ROV_COM/lib/janus-c-3.0.5/CMakeFiles/CMakeTmp/CheckSymbolExists.c
/home/janus/NTNU_ROV_COM/lib/janus-c-3.0.5/CMakeFiles/CMakeTmp/CheckSymbolExists.c: In function ‘main’:
/home/janus/NTNU_ROV_COM/lib/janus-c-3.0.5/CMakeFiles/CMakeTmp/CheckSymbolExists.c:8:19: error: ‘__UCLIBC__’ undeclared (first use in this function); did you mean ‘__LINE__’?
    8 |   return ((int*)(&__UCLIBC__))[argc];
      |                   ^~~~~~~~~~
      |                   __LINE__
/home/janus/NTNU_ROV_COM/lib/janus-c-3.0.5/CMakeFiles/CMakeTmp/CheckSymbolExists.c:8:19: note: each undeclared identifier is reported only once for each function it appears in
make[1]: *** [CMakeFiles/cmTC_298c1.dir/build.make:78: CMakeFiles/cmTC_298c1.dir/CheckSymbolExists.c.o] Error 1
make[1]: Leaving directory '/home/janus/NTNU_ROV_COM/lib/janus-c-3.0.5/CMakeFiles/CMakeTmp'
make: *** [Makefile:127: cmTC_298c1/fast] Error 2


File /home/janus/NTNU_ROV_COM/lib/janus-c-3.0.5/CMakeFiles/CMakeTmp/CheckSymbolExists.c:
/* */
#include <stdio.h>

int main(int argc, char** argv)
{
  (void)argv;
#ifndef __UCLIBC__
  return ((int*)(&__UCLIBC__))[argc];
#else
  (void)argc;
  return 0;
#endif
}
Determining if the function getch exists in the ws2_32 failed with the following output:
Change Dir: /home/janus/NTNU_ROV_COM/lib/janus-c-3.0.5/CMakeFiles/CMakeTmp

Run Build Command(s):/usr/bin/make -f Makefile cmTC_e560a/fast && /usr/bin/make  -f CMakeFiles/cmTC_e560a.dir/build.make CMakeFiles/cmTC_e560a.dir/build
make[1]: Entering directory '/home/janus/NTNU_ROV_COM/lib/janus-c-3.0.5/CMakeFiles/CMakeTmp'
Building C object CMakeFiles/cmTC_e560a.dir/CheckFunctionExists.c.o
/usr/bin/cc   -fPIC -DCHECK_FUNCTION_EXISTS=getch -L"/home/janus/NTNU_ROV_COM/lib/janus-c-3.0.5/external/libraries/-bit-linux-glibc-gcc93/lib" -o CMakeFiles/cmTC_e560a.dir/CheckFunctionExists.c.o -c /snap/cmake/1009/share/cmake-3.22/Modules/CheckFunctionExists.c
Linking C executable cmTC_e560a
/snap/cmake/1009/bin/cmake -E cmake_link_script CMakeFiles/cmTC_e560a.dir/link.txt --verbose=1
/usr/bin/cc  -fPIC -DCHECK_FUNCTION_EXISTS=getch -L"/home/janus/NTNU_ROV_COM/lib/janus-c-3.0.5/external/libraries/-bit-linux-glibc-gcc93/lib" -rdynamic CMakeFiles/cmTC_e560a.dir/CheckFunctionExists.c.o -o cmTC_e560a  -lws2_32 -lrt 
/usr/bin/ld: cannot find -lws2_32
collect2: error: ld returned 1 exit status
make[1]: *** [CMakeFiles/cmTC_e560a.dir/build.make:99: cmTC_e560a] Error 1
make[1]: Leaving directory '/home/janus/NTNU_ROV_COM/lib/janus-c-3.0.5/CMakeFiles/CMakeTmp'
make: *** [Makefile:127: cmTC_e560a/fast] Error 2



Determining if the function getch exists in the wsock32 failed with the following output:
Change Dir: /home/janus/NTNU_ROV_COM/lib/janus-c-3.0.5/CMakeFiles/CMakeTmp

Run Build Command(s):/usr/bin/make -f Makefile cmTC_bdf0a/fast && /usr/bin/make  -f CMakeFiles/cmTC_bdf0a.dir/build.make CMakeFiles/cmTC_bdf0a.dir/build
make[1]: Entering directory '/home/janus/NTNU_ROV_COM/lib/janus-c-3.0.5/CMakeFiles/CMakeTmp'
Building C object CMakeFiles/cmTC_bdf0a.dir/CheckFunctionExists.c.o
/usr/bin/cc   -fPIC -DCHECK_FUNCTION_EXISTS=getch -L"/home/janus/NTNU_ROV_COM/lib/janus-c-3.0.5/external/libraries/-bit-linux-glibc-gcc93/lib" -o CMakeFiles/cmTC_bdf0a.dir/CheckFunctionExists.c.o -c /snap/cmake/1009/share/cmake-3.22/Modules/CheckFunctionExists.c
Linking C executable cmTC_bdf0a
/snap/cmake/1009/bin/cmake -E cmake_link_script CMakeFiles/cmTC_bdf0a.dir/link.txt --verbose=1
/usr/bin/cc  -fPIC -DCHECK_FUNCTION_EXISTS=getch -L"/home/janus/NTNU_ROV_COM/lib/janus-c-3.0.5/external/libraries/-bit-linux-glibc-gcc93/lib" -rdynamic CMakeFiles/cmTC_bdf0a.dir/CheckFunctionExists.c.o -o cmTC_bdf0a  -lwsock32 -lrt 
/usr/bin/ld: cannot find -lwsock32
collect2: error: ld returned 1 exit status
make[1]: *** [CMakeFiles/cmTC_bdf0a.dir/build.make:99: cmTC_bdf0a] Error 1
make[1]: Leaving directory '/home/janus/NTNU_ROV_COM/lib/janus-c-3.0.5/CMakeFiles/CMakeTmp'
make: *** [Makefile:127: cmTC_bdf0a/fast] Error 2



Determining if the function getch exists in the iphlpapi failed with the following output:
Change Dir: /home/janus/NTNU_ROV_COM/lib/janus-c-3.0.5/CMakeFiles/CMakeTmp

Run Build Command(s):/usr/bin/make -f Makefile cmTC_529a8/fast && /usr/bin/make  -f CMakeFiles/cmTC_529a8.dir/build.make CMakeFiles/cmTC_529a8.dir/build
make[1]: Entering directory '/home/janus/NTNU_ROV_COM/lib/janus-c-3.0.5/CMakeFiles/CMakeTmp'
Building C object CMakeFiles/cmTC_529a8.dir/CheckFunctionExists.c.o
/usr/bin/cc   -fPIC -DCHECK_FUNCTION_EXISTS=getch -L"/home/janus/NTNU_ROV_COM/lib/janus-c-3.0.5/external/libraries/-bit-linux-glibc-gcc93/lib" -o CMakeFiles/cmTC_529a8.dir/CheckFunctionExists.c.o -c /snap/cmake/1009/share/cmake-3.22/Modules/CheckFunctionExists.c
Linking C executable cmTC_529a8
/snap/cmake/1009/bin/cmake -E cmake_link_script CMakeFiles/cmTC_529a8.dir/link.txt --verbose=1
/usr/bin/cc  -fPIC -DCHECK_FUNCTION_EXISTS=getch -L"/home/janus/NTNU_ROV_COM/lib/janus-c-3.0.5/external/libraries/-bit-linux-glibc-gcc93/lib" -rdynamic CMakeFiles/cmTC_529a8.dir/CheckFunctionExists.c.o -o cmTC_529a8  -liphlpapi -lrt 
/usr/bin/ld: cannot find -liphlpapi
collect2: error: ld returned 1 exit status
make[1]: *** [CMakeFiles/cmTC_529a8.dir/build.make:99: cmTC_529a8] Error 1
make[1]: Leaving directory '/home/janus/NTNU_ROV_COM/lib/janus-c-3.0.5/CMakeFiles/CMakeTmp'
make: *** [Makefile:127: cmTC_529a8/fast] Error 2



Determining if the function setsockopt exists in the socket failed with the following output:
Change Dir: /home/janus/NTNU_ROV_COM/lib/janus-c-3.0.5/CMakeFiles/CMakeTmp

Run Build Command(s):/usr/bin/make -f Makefile cmTC_e3a07/fast && /usr/bin/make  -f CMakeFiles/cmTC_e3a07.dir/build.make CMakeFiles/cmTC_e3a07.dir/build
make[1]: Entering directory '/home/janus/NTNU_ROV_COM/lib/janus-c-3.0.5/CMakeFiles/CMakeTmp'
Building C object CMakeFiles/cmTC_e3a07.dir/CheckFunctionExists.c.o
/usr/bin/cc   -fPIC -DCHECK_FUNCTION_EXISTS=setsockopt -L"/home/janus/NTNU_ROV_COM/lib/janus-c-3.0.5/external/libraries/-bit-linux-glibc-gcc93/lib" -o CMakeFiles/cmTC_e3a07.dir/CheckFunctionExists.c.o -c /snap/cmake/1009/share/cmake-3.22/Modules/CheckFunctionExists.c
Linking C executable cmTC_e3a07
/snap/cmake/1009/bin/cmake -E cmake_link_script CMakeFiles/cmTC_e3a07.dir/link.txt --verbose=1
/usr/bin/cc  -fPIC -DCHECK_FUNCTION_EXISTS=setsockopt -L"/home/janus/NTNU_ROV_COM/lib/janus-c-3.0.5/external/libraries/-bit-linux-glibc-gcc93/lib" -rdynamic CMakeFiles/cmTC_e3a07.dir/CheckFunctionExists.c.o -o cmTC_e3a07  -lsocket -lrt 
/usr/bin/ld: cannot find -lsocket
collect2: error: ld returned 1 exit status
make[1]: *** [CMakeFiles/cmTC_e3a07.dir/build.make:99: cmTC_e3a07] Error 1
make[1]: Leaving directory '/home/janus/NTNU_ROV_COM/lib/janus-c-3.0.5/CMakeFiles/CMakeTmp'
make: *** [Makefile:127: cmTC_e3a07/fast] Error 2



Determining if the function inet_addr exists in the xnet failed with the following output:
Change Dir: /home/janus/NTNU_ROV_COM/lib/janus-c-3.0.5/CMakeFiles/CMakeTmp

Run Build Command(s):/usr/bin/make -f Makefile cmTC_f5e10/fast && /usr/bin/make  -f CMakeFiles/cmTC_f5e10.dir/build.make CMakeFiles/cmTC_f5e10.dir/build
make[1]: Entering directory '/home/janus/NTNU_ROV_COM/lib/janus-c-3.0.5/CMakeFiles/CMakeTmp'
Building C object CMakeFiles/cmTC_f5e10.dir/CheckFunctionExists.c.o
/usr/bin/cc   -fPIC -DCHECK_FUNCTION_EXISTS=inet_addr -L"/home/janus/NTNU_ROV_COM/lib/janus-c-3.0.5/external/libraries/-bit-linux-glibc-gcc93/lib" -o CMakeFiles/cmTC_f5e10.dir/CheckFunctionExists.c.o -c /snap/cmake/1009/share/cmake-3.22/Modules/CheckFunctionExists.c
Linking C executable cmTC_f5e10
/snap/cmake/1009/bin/cmake -E cmake_link_script CMakeFiles/cmTC_f5e10.dir/link.txt --verbose=1
/usr/bin/cc  -fPIC -DCHECK_FUNCTION_EXISTS=inet_addr -L"/home/janus/NTNU_ROV_COM/lib/janus-c-3.0.5/external/libraries/-bit-linux-glibc-gcc93/lib" -rdynamic CMakeFiles/cmTC_f5e10.dir/CheckFunctionExists.c.o -o cmTC_f5e10  -lxnet -lrt -lpthread -lm 
/usr/bin/ld: cannot find -lxnet
collect2: error: ld returned 1 exit status
make[1]: *** [CMakeFiles/cmTC_f5e10.dir/build.make:99: cmTC_f5e10] Error 1
make[1]: Leaving directory '/home/janus/NTNU_ROV_COM/lib/janus-c-3.0.5/CMakeFiles/CMakeTmp'
make: *** [Makefile:127: cmTC_f5e10/fast] Error 2



Determining if the include file sys/io.h exists failed with the following output:
Change Dir: /home/janus/NTNU_ROV_COM/lib/janus-c-3.0.5/CMakeFiles/CMakeTmp

Run Build Command(s):/usr/bin/make -f Makefile cmTC_eee9e/fast && /usr/bin/make  -f CMakeFiles/cmTC_eee9e.dir/build.make CMakeFiles/cmTC_eee9e.dir/build
make[1]: Entering directory '/home/janus/NTNU_ROV_COM/lib/janus-c-3.0.5/CMakeFiles/CMakeTmp'
Building C object CMakeFiles/cmTC_eee9e.dir/CheckIncludeFile.c.o
/usr/bin/cc  -I/home/janus/NTNU_ROV_COM/lib/janus-c-3.0.5/external/libraries/-bit-linux-glibc-gcc93/include -fPIC -L"/home/janus/NTNU_ROV_COM/lib/janus-c-3.0.5/external/libraries/-bit-linux-glibc-gcc93/lib" -o CMakeFiles/cmTC_eee9e.dir/CheckIncludeFile.c.o -c /home/janus/NTNU_ROV_COM/lib/janus-c-3.0.5/CMakeFiles/CMakeTmp/CheckIncludeFile.c
/home/janus/NTNU_ROV_COM/lib/janus-c-3.0.5/CMakeFiles/CMakeTmp/CheckIncludeFile.c:1:10: fatal error: sys/io.h: No such file or directory
    1 | #include <sys/io.h>
      |          ^~~~~~~~~~
compilation terminated.
make[1]: *** [CMakeFiles/cmTC_eee9e.dir/build.make:78: CMakeFiles/cmTC_eee9e.dir/CheckIncludeFile.c.o] Error 1
make[1]: Leaving directory '/home/janus/NTNU_ROV_COM/lib/janus-c-3.0.5/CMakeFiles/CMakeTmp'
make: *** [Makefile:127: cmTC_eee9e/fast] Error 2



Determining if the include file windows.h exists failed with the following output:
Change Dir: /home/janus/NTNU_ROV_COM/lib/janus-c-3.0.5/CMakeFiles/CMakeTmp

Run Build Command(s):/usr/bin/make -f Makefile cmTC_1fec9/fast && /usr/bin/make  -f CMakeFiles/cmTC_1fec9.dir/build.make CMakeFiles/cmTC_1fec9.dir/build
make[1]: Entering directory '/home/janus/NTNU_ROV_COM/lib/janus-c-3.0.5/CMakeFiles/CMakeTmp'
Building C object CMakeFiles/cmTC_1fec9.dir/CheckIncludeFile.c.o
/usr/bin/cc  -I/home/janus/NTNU_ROV_COM/lib/janus-c-3.0.5/external/libraries/-bit-linux-glibc-gcc93/include -fPIC -L"/home/janus/NTNU_ROV_COM/lib/janus-c-3.0.5/external/libraries/-bit-linux-glibc-gcc93/lib" -o CMakeFiles/cmTC_1fec9.dir/CheckIncludeFile.c.o -c /home/janus/NTNU_ROV_COM/lib/janus-c-3.0.5/CMakeFiles/CMakeTmp/CheckIncludeFile.c
/home/janus/NTNU_ROV_COM/lib/janus-c-3.0.5/CMakeFiles/CMakeTmp/CheckIncludeFile.c:1:10: fatal error: windows.h: No such file or directory
    1 | #include <windows.h>
      |          ^~~~~~~~~~~
compilation terminated.
make[1]: *** [CMakeFiles/cmTC_1fec9.dir/build.make:78: CMakeFiles/cmTC_1fec9.dir/CheckIncludeFile.c.o] Error 1
make[1]: Leaving directory '/home/janus/NTNU_ROV_COM/lib/janus-c-3.0.5/CMakeFiles/CMakeTmp'
make: *** [Makefile:127: cmTC_1fec9/fast] Error 2



Determining if the include file direct.h exists failed with the following output:
Change Dir: /home/janus/NTNU_ROV_COM/lib/janus-c-3.0.5/CMakeFiles/CMakeTmp

Run Build Command(s):/usr/bin/make -f Makefile cmTC_bb4cc/fast && /usr/bin/make  -f CMakeFiles/cmTC_bb4cc.dir/build.make CMakeFiles/cmTC_bb4cc.dir/build
make[1]: Entering directory '/home/janus/NTNU_ROV_COM/lib/janus-c-3.0.5/CMakeFiles/CMakeTmp'
Building C object CMakeFiles/cmTC_bb4cc.dir/CheckIncludeFile.c.o
/usr/bin/cc  -I/home/janus/NTNU_ROV_COM/lib/janus-c-3.0.5/external/libraries/-bit-linux-glibc-gcc93/include -fPIC -L"/home/janus/NTNU_ROV_COM/lib/janus-c-3.0.5/external/libraries/-bit-linux-glibc-gcc93/lib" -o CMakeFiles/cmTC_bb4cc.dir/CheckIncludeFile.c.o -c /home/janus/NTNU_ROV_COM/lib/janus-c-3.0.5/CMakeFiles/CMakeTmp/CheckIncludeFile.c
/home/janus/NTNU_ROV_COM/lib/janus-c-3.0.5/CMakeFiles/CMakeTmp/CheckIncludeFile.c:1:10: fatal error: direct.h: No such file or directory
    1 | #include <direct.h>
      |          ^~~~~~~~~~
compilation terminated.
make[1]: *** [CMakeFiles/cmTC_bb4cc.dir/build.make:78: CMakeFiles/cmTC_bb4cc.dir/CheckIncludeFile.c.o] Error 1
make[1]: Leaving directory '/home/janus/NTNU_ROV_COM/lib/janus-c-3.0.5/CMakeFiles/CMakeTmp'
make: *** [Makefile:127: cmTC_bb4cc/fast] Error 2



Determining if the include file winsock2.h exists failed with the following output:
Change Dir: /home/janus/NTNU_ROV_COM/lib/janus-c-3.0.5/CMakeFiles/CMakeTmp

Run Build Command(s):/usr/bin/make -f Makefile cmTC_b087e/fast && /usr/bin/make  -f CMakeFiles/cmTC_b087e.dir/build.make CMakeFiles/cmTC_b087e.dir/build
make[1]: Entering directory '/home/janus/NTNU_ROV_COM/lib/janus-c-3.0.5/CMakeFiles/CMakeTmp'
Building C object CMakeFiles/cmTC_b087e.dir/CheckIncludeFile.c.o
/usr/bin/cc  -I/home/janus/NTNU_ROV_COM/lib/janus-c-3.0.5/external/libraries/-bit-linux-glibc-gcc93/include -fPIC -L"/home/janus/NTNU_ROV_COM/lib/janus-c-3.0.5/external/libraries/-bit-linux-glibc-gcc93/lib" -o CMakeFiles/cmTC_b087e.dir/CheckIncludeFile.c.o -c /home/janus/NTNU_ROV_COM/lib/janus-c-3.0.5/CMakeFiles/CMakeTmp/CheckIncludeFile.c
/home/janus/NTNU_ROV_COM/lib/janus-c-3.0.5/CMakeFiles/CMakeTmp/CheckIncludeFile.c:1:10: fatal error: winsock2.h: No such file or directory
    1 | #include <winsock2.h>
      |          ^~~~~~~~~~~~
compilation terminated.
make[1]: *** [CMakeFiles/cmTC_b087e.dir/build.make:78: CMakeFiles/cmTC_b087e.dir/CheckIncludeFile.c.o] Error 1
make[1]: Leaving directory '/home/janus/NTNU_ROV_COM/lib/janus-c-3.0.5/CMakeFiles/CMakeTmp'
make: *** [Makefile:127: cmTC_b087e/fast] Error 2



Determining if the include file ws2tcpip.h exists failed with the following output:
Change Dir: /home/janus/NTNU_ROV_COM/lib/janus-c-3.0.5/CMakeFiles/CMakeTmp

Run Build Command(s):/usr/bin/make -f Makefile cmTC_44dda/fast && /usr/bin/make  -f CMakeFiles/cmTC_44dda.dir/build.make CMakeFiles/cmTC_44dda.dir/build
make[1]: Entering directory '/home/janus/NTNU_ROV_COM/lib/janus-c-3.0.5/CMakeFiles/CMakeTmp'
Building C object CMakeFiles/cmTC_44dda.dir/CheckIncludeFile.c.o
/usr/bin/cc  -I/home/janus/NTNU_ROV_COM/lib/janus-c-3.0.5/external/libraries/-bit-linux-glibc-gcc93/include -fPIC -L"/home/janus/NTNU_ROV_COM/lib/janus-c-3.0.5/external/libraries/-bit-linux-glibc-gcc93/lib" -o CMakeFiles/cmTC_44dda.dir/CheckIncludeFile.c.o -c /home/janus/NTNU_ROV_COM/lib/janus-c-3.0.5/CMakeFiles/CMakeTmp/CheckIncludeFile.c
/home/janus/NTNU_ROV_COM/lib/janus-c-3.0.5/CMakeFiles/CMakeTmp/CheckIncludeFile.c:1:10: fatal error: ws2tcpip.h: No such file or directory
    1 | #include <ws2tcpip.h>
      |          ^~~~~~~~~~~~
compilation terminated.
make[1]: *** [CMakeFiles/cmTC_44dda.dir/build.make:78: CMakeFiles/cmTC_44dda.dir/CheckIncludeFile.c.o] Error 1
make[1]: Leaving directory '/home/janus/NTNU_ROV_COM/lib/janus-c-3.0.5/CMakeFiles/CMakeTmp'
make: *** [Makefile:127: cmTC_44dda/fast] Error 2



Determining if the include file wspiapi.h exists failed with the following output:
Change Dir: /home/janus/NTNU_ROV_COM/lib/janus-c-3.0.5/CMakeFiles/CMakeTmp

Run Build Command(s):/usr/bin/make -f Makefile cmTC_64045/fast && /usr/bin/make  -f CMakeFiles/cmTC_64045.dir/build.make CMakeFiles/cmTC_64045.dir/build
make[1]: Entering directory '/home/janus/NTNU_ROV_COM/lib/janus-c-3.0.5/CMakeFiles/CMakeTmp'
Building C object CMakeFiles/cmTC_64045.dir/CheckIncludeFile.c.o
/usr/bin/cc  -I/home/janus/NTNU_ROV_COM/lib/janus-c-3.0.5/external/libraries/-bit-linux-glibc-gcc93/include -fPIC -L"/home/janus/NTNU_ROV_COM/lib/janus-c-3.0.5/external/libraries/-bit-linux-glibc-gcc93/lib" -o CMakeFiles/cmTC_64045.dir/CheckIncludeFile.c.o -c /home/janus/NTNU_ROV_COM/lib/janus-c-3.0.5/CMakeFiles/CMakeTmp/CheckIncludeFile.c
/home/janus/NTNU_ROV_COM/lib/janus-c-3.0.5/CMakeFiles/CMakeTmp/CheckIncludeFile.c:1:10: fatal error: wspiapi.h: No such file or directory
    1 | #include <wspiapi.h>
      |          ^~~~~~~~~~~
compilation terminated.
make[1]: *** [CMakeFiles/cmTC_64045.dir/build.make:78: CMakeFiles/cmTC_64045.dir/CheckIncludeFile.c.o] Error 1
make[1]: Leaving directory '/home/janus/NTNU_ROV_COM/lib/janus-c-3.0.5/CMakeFiles/CMakeTmp'
make: *** [Makefile:127: cmTC_64045/fast] Error 2



Determining if the include file ws2spi.h exists failed with the following output:
Change Dir: /home/janus/NTNU_ROV_COM/lib/janus-c-3.0.5/CMakeFiles/CMakeTmp

Run Build Command(s):/usr/bin/make -f Makefile cmTC_dd48a/fast && /usr/bin/make  -f CMakeFiles/cmTC_dd48a.dir/build.make CMakeFiles/cmTC_dd48a.dir/build
make[1]: Entering directory '/home/janus/NTNU_ROV_COM/lib/janus-c-3.0.5/CMakeFiles/CMakeTmp'
Building C object CMakeFiles/cmTC_dd48a.dir/CheckIncludeFile.c.o
/usr/bin/cc  -I/home/janus/NTNU_ROV_COM/lib/janus-c-3.0.5/external/libraries/-bit-linux-glibc-gcc93/include -fPIC -L"/home/janus/NTNU_ROV_COM/lib/janus-c-3.0.5/external/libraries/-bit-linux-glibc-gcc93/lib" -o CMakeFiles/cmTC_dd48a.dir/CheckIncludeFile.c.o -c /home/janus/NTNU_ROV_COM/lib/janus-c-3.0.5/CMakeFiles/CMakeTmp/CheckIncludeFile.c
/home/janus/NTNU_ROV_COM/lib/janus-c-3.0.5/CMakeFiles/CMakeTmp/CheckIncludeFile.c:1:10: fatal error: ws2spi.h: No such file or directory
    1 | #include <ws2spi.h>
      |          ^~~~~~~~~~
compilation terminated.
make[1]: *** [CMakeFiles/cmTC_dd48a.dir/build.make:78: CMakeFiles/cmTC_dd48a.dir/CheckIncludeFile.c.o] Error 1
make[1]: Leaving directory '/home/janus/NTNU_ROV_COM/lib/janus-c-3.0.5/CMakeFiles/CMakeTmp'
make: *** [Makefile:127: cmTC_dd48a/fast] Error 2



Determining if the include file mach-o/dyld.h exists failed with the following output:
Change Dir: /home/janus/NTNU_ROV_COM/lib/janus-c-3.0.5/CMakeFiles/CMakeTmp

Run Build Command(s):/usr/bin/make -f Makefile cmTC_756e8/fast && /usr/bin/make  -f CMakeFiles/cmTC_756e8.dir/build.make CMakeFiles/cmTC_756e8.dir/build
make[1]: Entering directory '/home/janus/NTNU_ROV_COM/lib/janus-c-3.0.5/CMakeFiles/CMakeTmp'
Building C object CMakeFiles/cmTC_756e8.dir/CheckIncludeFile.c.o
/usr/bin/cc  -I/home/janus/NTNU_ROV_COM/lib/janus-c-3.0.5/external/libraries/-bit-linux-glibc-gcc93/include -fPIC -L"/home/janus/NTNU_ROV_COM/lib/janus-c-3.0.5/external/libraries/-bit-linux-glibc-gcc93/lib" -o CMakeFiles/cmTC_756e8.dir/CheckIncludeFile.c.o -c /home/janus/NTNU_ROV_COM/lib/janus-c-3.0.5/CMakeFiles/CMakeTmp/CheckIncludeFile.c
/home/janus/NTNU_ROV_COM/lib/janus-c-3.0.5/CMakeFiles/CMakeTmp/CheckIncludeFile.c:1:10: fatal error: mach-o/dyld.h: No such file or directory
    1 | #include <mach-o/dyld.h>
      |          ^~~~~~~~~~~~~~~
compilation terminated.
make[1]: *** [CMakeFiles/cmTC_756e8.dir/build.make:78: CMakeFiles/cmTC_756e8.dir/CheckIncludeFile.c.o] Error 1
make[1]: Leaving directory '/home/janus/NTNU_ROV_COM/lib/janus-c-3.0.5/CMakeFiles/CMakeTmp'
make: *** [Makefile:127: cmTC_756e8/fast] Error 2



Determining if the include file process.h exists failed with the following output:
Change Dir: /home/janus/NTNU_ROV_COM/lib/janus-c-3.0.5/CMakeFiles/CMakeTmp

Run Build Command(s):/usr/bin/make -f Makefile cmTC_bade1/fast && /usr/bin/make  -f CMakeFiles/cmTC_bade1.dir/build.make CMakeFiles/cmTC_bade1.dir/build
make[1]: Entering directory '/home/janus/NTNU_ROV_COM/lib/janus-c-3.0.5/CMakeFiles/CMakeTmp'
Building C object CMakeFiles/cmTC_bade1.dir/CheckIncludeFile.c.o
/usr/bin/cc  -I/home/janus/NTNU_ROV_COM/lib/janus-c-3.0.5/external/libraries/-bit-linux-glibc-gcc93/include -fPIC -L"/home/janus/NTNU_ROV_COM/lib/janus-c-3.0.5/external/libraries/-bit-linux-glibc-gcc93/lib" -o CMakeFiles/cmTC_bade1.dir/CheckIncludeFile.c.o -c /home/janus/NTNU_ROV_COM/lib/janus-c-3.0.5/CMakeFiles/CMakeTmp/CheckIncludeFile.c
/home/janus/NTNU_ROV_COM/lib/janus-c-3.0.5/CMakeFiles/CMakeTmp/CheckIncludeFile.c:1:10: fatal error: process.h: No such file or directory
    1 | #include <process.h>
      |          ^~~~~~~~~~~
compilation terminated.
make[1]: *** [CMakeFiles/cmTC_bade1.dir/build.make:78: CMakeFiles/cmTC_bade1.dir/CheckIncludeFile.c.o] Error 1
make[1]: Leaving directory '/home/janus/NTNU_ROV_COM/lib/janus-c-3.0.5/CMakeFiles/CMakeTmp'
make: *** [Makefile:127: cmTC_bade1/fast] Error 2



Determining if the include file bsp.h exists failed with the following output:
Change Dir: /home/janus/NTNU_ROV_COM/lib/janus-c-3.0.5/CMakeFiles/CMakeTmp

Run Build Command(s):/usr/bin/make -f Makefile cmTC_98471/fast && /usr/bin/make  -f CMakeFiles/cmTC_98471.dir/build.make CMakeFiles/cmTC_98471.dir/build
make[1]: Entering directory '/home/janus/NTNU_ROV_COM/lib/janus-c-3.0.5/CMakeFiles/CMakeTmp'
Building C object CMakeFiles/cmTC_98471.dir/CheckIncludeFile.c.o
/usr/bin/cc  -I/home/janus/NTNU_ROV_COM/lib/janus-c-3.0.5/external/libraries/-bit-linux-glibc-gcc93/include -fPIC -L"/home/janus/NTNU_ROV_COM/lib/janus-c-3.0.5/external/libraries/-bit-linux-glibc-gcc93/lib" -o CMakeFiles/cmTC_98471.dir/CheckIncludeFile.c.o -c /home/janus/NTNU_ROV_COM/lib/janus-c-3.0.5/CMakeFiles/CMakeTmp/CheckIncludeFile.c
/home/janus/NTNU_ROV_COM/lib/janus-c-3.0.5/CMakeFiles/CMakeTmp/CheckIncludeFile.c:1:10: fatal error: bsp.h: No such file or directory
    1 | #include <bsp.h>
      |          ^~~~~~~
compilation terminated.
make[1]: *** [CMakeFiles/cmTC_98471.dir/build.make:78: CMakeFiles/cmTC_98471.dir/CheckIncludeFile.c.o] Error 1
make[1]: Leaving directory '/home/janus/NTNU_ROV_COM/lib/janus-c-3.0.5/CMakeFiles/CMakeTmp'
make: *** [Makefile:127: cmTC_98471/fast] Error 2



Performing C SOURCE FILE Test JANUS_SYS_HAS_TIMEPPS_H failed with the following output:
Change Dir: /home/janus/NTNU_ROV_COM/lib/janus-c-3.0.5/CMakeFiles/CMakeTmp

Run Build Command(s):/usr/bin/make -f Makefile cmTC_97274/fast && /usr/bin/make  -f CMakeFiles/cmTC_97274.dir/build.make CMakeFiles/cmTC_97274.dir/build
make[1]: Entering directory '/home/janus/NTNU_ROV_COM/lib/janus-c-3.0.5/CMakeFiles/CMakeTmp'
Building C object CMakeFiles/cmTC_97274.dir/src.c.o
/usr/bin/cc -DJANUS_SYS_HAS_TIMEPPS_H -I/home/janus/NTNU_ROV_COM/lib/janus-c-3.0.5/external/libraries/-bit-linux-glibc-gcc93/include -fPIC -L"/home/janus/NTNU_ROV_COM/lib/janus-c-3.0.5/external/libraries/-bit-linux-glibc-gcc93/lib" -o CMakeFiles/cmTC_97274.dir/src.c.o -c /home/janus/NTNU_ROV_COM/lib/janus-c-3.0.5/CMakeFiles/CMakeTmp/src.c
/home/janus/NTNU_ROV_COM/lib/janus-c-3.0.5/CMakeFiles/CMakeTmp/src.c:3:10: fatal error: timepps.h: No such file or directory
    3 | #include <timepps.h>
      |          ^~~~~~~~~~~
compilation terminated.
make[1]: *** [CMakeFiles/cmTC_97274.dir/build.make:78: CMakeFiles/cmTC_97274.dir/src.c.o] Error 1
make[1]: Leaving directory '/home/janus/NTNU_ROV_COM/lib/janus-c-3.0.5/CMakeFiles/CMakeTmp'
make: *** [Makefile:127: cmTC_97274/fast] Error 2


Source file was:
#include <unistd.h>

#include <timepps.h>
int main(void){ return 0; }

Performing C SOURCE FILE Test JANUS_SYS_HAS_IPHLPAPI_H failed with the following output:
Change Dir: /home/janus/NTNU_ROV_COM/lib/janus-c-3.0.5/CMakeFiles/CMakeTmp

Run Build Command(s):/usr/bin/make -f Makefile cmTC_394cd/fast && /usr/bin/make  -f CMakeFiles/cmTC_394cd.dir/build.make CMakeFiles/cmTC_394cd.dir/build
make[1]: Entering directory '/home/janus/NTNU_ROV_COM/lib/janus-c-3.0.5/CMakeFiles/CMakeTmp'
Building C object CMakeFiles/cmTC_394cd.dir/src.c.o
/usr/bin/cc -DJANUS_SYS_HAS_IPHLPAPI_H -I/home/janus/NTNU_ROV_COM/lib/janus-c-3.0.5/external/libraries/-bit-linux-glibc-gcc93/include -fPIC -L"/home/janus/NTNU_ROV_COM/lib/janus-c-3.0.5/external/libraries/-bit-linux-glibc-gcc93/lib" -o CMakeFiles/cmTC_394cd.dir/src.c.o -c /home/janus/NTNU_ROV_COM/lib/janus-c-3.0.5/CMakeFiles/CMakeTmp/src.c
/home/janus/NTNU_ROV_COM/lib/janus-c-3.0.5/CMakeFiles/CMakeTmp/src.c:2:10: fatal error: iphlpapi.h: No such file or directory
    2 | #include <iphlpapi.h>
      |          ^~~~~~~~~~~~
compilation terminated.
make[1]: *** [CMakeFiles/cmTC_394cd.dir/build.make:78: CMakeFiles/cmTC_394cd.dir/src.c.o] Error 1
make[1]: Leaving directory '/home/janus/NTNU_ROV_COM/lib/janus-c-3.0.5/CMakeFiles/CMakeTmp'
make: *** [Makefile:127: cmTC_394cd/fast] Error 2


Source file was:

#include <iphlpapi.h>
int main(void){ return 0; }

Performing C SOURCE FILE Test JANUS_SYS_HAS_STRNCPY_S failed with the following output:
Change Dir: /home/janus/NTNU_ROV_COM/lib/janus-c-3.0.5/CMakeFiles/CMakeTmp

Run Build Command(s):/usr/bin/make -f Makefile cmTC_35b32/fast && /usr/bin/make  -f CMakeFiles/cmTC_35b32.dir/build.make CMakeFiles/cmTC_35b32.dir/build
make[1]: Entering directory '/home/janus/NTNU_ROV_COM/lib/janus-c-3.0.5/CMakeFiles/CMakeTmp'
Building C object CMakeFiles/cmTC_35b32.dir/src.c.o
/usr/bin/cc -DJANUS_SYS_HAS_STRNCPY_S -I/home/janus/NTNU_ROV_COM/lib/janus-c-3.0.5/external/libraries/-bit-linux-glibc-gcc93/include -fPIC -std=c99 -Wall -Wshadow -pedantic -o CMakeFiles/cmTC_35b32.dir/src.c.o -c /home/janus/NTNU_ROV_COM/lib/janus-c-3.0.5/CMakeFiles/CMakeTmp/src.c
/home/janus/NTNU_ROV_COM/lib/janus-c-3.0.5/CMakeFiles/CMakeTmp/src.c: In function ‘main’:
/home/janus/NTNU_ROV_COM/lib/janus-c-3.0.5/CMakeFiles/CMakeTmp/src.c:4:1: error: unknown type name ‘size_t’
    4 | size_t xx;
      | ^~~~~~
/home/janus/NTNU_ROV_COM/lib/janus-c-3.0.5/CMakeFiles/CMakeTmp/src.c:1:1: note: ‘size_t’ is defined in header ‘<stddef.h>’; did you forget to ‘#include <stddef.h>’?
  +++ |+#include <stddef.h>
    1 | 
/home/janus/NTNU_ROV_COM/lib/janus-c-3.0.5/CMakeFiles/CMakeTmp/src.c:6:1: error: unknown type name ‘size_t’
    6 | size_t xxxx;
      | ^~~~~~
/home/janus/NTNU_ROV_COM/lib/janus-c-3.0.5/CMakeFiles/CMakeTmp/src.c:6:1: note: ‘size_t’ is defined in header ‘<stddef.h>’; did you forget to ‘#include <stddef.h>’?
/home/janus/NTNU_ROV_COM/lib/janus-c-3.0.5/CMakeFiles/CMakeTmp/src.c:8:2: error: unknown type name ‘errno_t’
    8 |  errno_t rv = strncpy_s(&x, xx, &xxx, xxxx);
      |  ^~~~~~~
/home/janus/NTNU_ROV_COM/lib/janus-c-3.0.5/CMakeFiles/CMakeTmp/src.c:8:15: warning: implicit declaration of function ‘strncpy_s’ [-Wimplicit-function-declaration]
    8 |  errno_t rv = strncpy_s(&x, xx, &xxx, xxxx);
      |               ^~~~~~~~~
/home/janus/NTNU_ROV_COM/lib/janus-c-3.0.5/CMakeFiles/CMakeTmp/src.c:8:10: warning: unused variable ‘rv’ [-Wunused-variable]
    8 |  errno_t rv = strncpy_s(&x, xx, &xxx, xxxx);
      |          ^~
make[1]: *** [CMakeFiles/cmTC_35b32.dir/build.make:78: CMakeFiles/cmTC_35b32.dir/src.c.o] Error 1
make[1]: Leaving directory '/home/janus/NTNU_ROV_COM/lib/janus-c-3.0.5/CMakeFiles/CMakeTmp'
make: *** [Makefile:127: cmTC_35b32/fast] Error 2


Source file was:

int main(void) {
char x;
size_t xx;
char xxx;
size_t xxxx;

 errno_t rv = strncpy_s(&x, xx, &xxx, xxxx);
return 0;
}

Performing C SOURCE FILE Test JANUS_SYS_HAS_STRNCPY failed with the following output:
Change Dir: /home/janus/NTNU_ROV_COM/lib/janus-c-3.0.5/CMakeFiles/CMakeTmp

Run Build Command(s):/usr/bin/make -f Makefile cmTC_fc396/fast && /usr/bin/make  -f CMakeFiles/cmTC_fc396.dir/build.make CMakeFiles/cmTC_fc396.dir/build
make[1]: Entering directory '/home/janus/NTNU_ROV_COM/lib/janus-c-3.0.5/CMakeFiles/CMakeTmp'
Building C object CMakeFiles/cmTC_fc396.dir/src.c.o
/usr/bin/cc -DJANUS_SYS_HAS_STRNCPY -I/home/janus/NTNU_ROV_COM/lib/janus-c-3.0.5/external/libraries/-bit-linux-glibc-gcc93/include -fPIC -std=c99 -Wall -Wshadow -pedantic -o CMakeFiles/cmTC_fc396.dir/src.c.o -c /home/janus/NTNU_ROV_COM/lib/janus-c-3.0.5/CMakeFiles/CMakeTmp/src.c
/home/janus/NTNU_ROV_COM/lib/janus-c-3.0.5/CMakeFiles/CMakeTmp/src.c: In function ‘main’:
/home/janus/NTNU_ROV_COM/lib/janus-c-3.0.5/CMakeFiles/CMakeTmp/src.c:5:1: error: unknown type name ‘size_t’
    5 | size_t xxx;
      | ^~~~~~
/home/janus/NTNU_ROV_COM/lib/janus-c-3.0.5/CMakeFiles/CMakeTmp/src.c:1:1: note: ‘size_t’ is defined in header ‘<stddef.h>’; did you forget to ‘#include <stddef.h>’?
  +++ |+#include <stddef.h>
    1 | 
/home/janus/NTNU_ROV_COM/lib/janus-c-3.0.5/CMakeFiles/CMakeTmp/src.c:7:13: warning: implicit declaration of function ‘strncpy’ [-Wimplicit-function-declaration]
    7 |  char* rv = strncpy(&x, &xx, xxx);
      |             ^~~~~~~
/home/janus/NTNU_ROV_COM/lib/janus-c-3.0.5/CMakeFiles/CMakeTmp/src.c:7:13: warning: incompatible implicit declaration of built-in function ‘strncpy’
/home/janus/NTNU_ROV_COM/lib/janus-c-3.0.5/CMakeFiles/CMakeTmp/src.c:1:1: note: include ‘<string.h>’ or provide a declaration of ‘strncpy’
  +++ |+#include <string.h>
    1 | 
/home/janus/NTNU_ROV_COM/lib/janus-c-3.0.5/CMakeFiles/CMakeTmp/src.c:7:8: warning: unused variable ‘rv’ [-Wunused-variable]
    7 |  char* rv = strncpy(&x, &xx, xxx);
      |        ^~
make[1]: *** [CMakeFiles/cmTC_fc396.dir/build.make:78: CMakeFiles/cmTC_fc396.dir/src.c.o] Error 1
make[1]: Leaving directory '/home/janus/NTNU_ROV_COM/lib/janus-c-3.0.5/CMakeFiles/CMakeTmp'
make: *** [Makefile:127: cmTC_fc396/fast] Error 2


Source file was:

int main(void) {
char x;
char xx;
size_t xxx;

 char* rv = strncpy(&x, &xx, xxx);
return 0;
}

Performing C SOURCE FILE Test JANUS_SYS_HAS_VSNPRINTF failed with the following output:
Change Dir: /home/janus/NTNU_ROV_COM/lib/janus-c-3.0.5/CMakeFiles/CMakeTmp

Run Build Command(s):/usr/bin/make -f Makefile cmTC_b631b/fast && /usr/bin/make  -f CMakeFiles/cmTC_b631b.dir/build.make CMakeFiles/cmTC_b631b.dir/build
make[1]: Entering directory '/home/janus/NTNU_ROV_COM/lib/janus-c-3.0.5/CMakeFiles/CMakeTmp'
Building C object CMakeFiles/cmTC_b631b.dir/src.c.o
/usr/bin/cc -DJANUS_SYS_HAS_VSNPRINTF -I/home/janus/NTNU_ROV_COM/lib/janus-c-3.0.5/external/libraries/-bit-linux-glibc-gcc93/include -fPIC -std=c99 -Wall -Wshadow -pedantic -o CMakeFiles/cmTC_b631b.dir/src.c.o -c /home/janus/NTNU_ROV_COM/lib/janus-c-3.0.5/CMakeFiles/CMakeTmp/src.c
/home/janus/NTNU_ROV_COM/lib/janus-c-3.0.5/CMakeFiles/CMakeTmp/src.c: In function ‘main’:
/home/janus/NTNU_ROV_COM/lib/janus-c-3.0.5/CMakeFiles/CMakeTmp/src.c:4:1: error: unknown type name ‘size_t’
    4 | size_t xx;
      | ^~~~~~
/home/janus/NTNU_ROV_COM/lib/janus-c-3.0.5/CMakeFiles/CMakeTmp/src.c:1:1: note: ‘size_t’ is defined in header ‘<stddef.h>’; did you forget to ‘#include <stddef.h>’?
  +++ |+#include <stddef.h>
    1 | 
/home/janus/NTNU_ROV_COM/lib/janus-c-3.0.5/CMakeFiles/CMakeTmp/src.c:6:1: error: unknown type name ‘va_list’
    6 | va_list xxxx;
      | ^~~~~~~
/home/janus/NTNU_ROV_COM/lib/janus-c-3.0.5/CMakeFiles/CMakeTmp/src.c:1:1: note: ‘va_list’ is defined in header ‘<stdarg.h>’; did you forget to ‘#include <stdarg.h>’?
  +++ |+#include <stdarg.h>
    1 | 
/home/janus/NTNU_ROV_COM/lib/janus-c-3.0.5/CMakeFiles/CMakeTmp/src.c:8:11: warning: implicit declaration of function ‘vsnprintf’ [-Wimplicit-function-declaration]
    8 |  int rv = vsnprintf(&x, xx, &xxx, xxxx);
      |           ^~~~~~~~~
/home/janus/NTNU_ROV_COM/lib/janus-c-3.0.5/CMakeFiles/CMakeTmp/src.c:8:25: warning: ‘vsnprintf’ argument 2 type is ‘int’ where ‘long unsigned int’ is expected in a call to built-in function declared without prototype [-Wbuiltin-declaration-mismatch]
    8 |  int rv = vsnprintf(&x, xx, &xxx, xxxx);
      |                         ^~
<built-in>: note: built-in ‘vsnprintf’ declared here
/home/janus/NTNU_ROV_COM/lib/janus-c-3.0.5/CMakeFiles/CMakeTmp/src.c:8:35: warning: incompatible type for argument 4 of ‘vsnprintf’ [-Wbuiltin-declaration-mismatch]
    8 |  int rv = vsnprintf(&x, xx, &xxx, xxxx);
      |                                   ^~~~
/home/janus/NTNU_ROV_COM/lib/janus-c-3.0.5/CMakeFiles/CMakeTmp/src.c:8:35: note: expected ‘__va_list’ but argument is of type ‘int’
/home/janus/NTNU_ROV_COM/lib/janus-c-3.0.5/CMakeFiles/CMakeTmp/src.c:8:6: warning: unused variable ‘rv’ [-Wunused-variable]
    8 |  int rv = vsnprintf(&x, xx, &xxx, xxxx);
      |      ^~
make[1]: *** [CMakeFiles/cmTC_b631b.dir/build.make:78: CMakeFiles/cmTC_b631b.dir/src.c.o] Error 1
make[1]: Leaving directory '/home/janus/NTNU_ROV_COM/lib/janus-c-3.0.5/CMakeFiles/CMakeTmp'
make: *** [Makefile:127: cmTC_b631b/fast] Error 2


Source file was:

int main(void) {
char x;
size_t xx;
char xxx;
va_list xxxx;

 int rv = vsnprintf(&x, xx, &xxx, xxxx);
return 0;
}

Performing C SOURCE FILE Test JANUS_SYS_HAS_VSNPRINTF_S failed with the following output:
Change Dir: /home/janus/NTNU_ROV_COM/lib/janus-c-3.0.5/CMakeFiles/CMakeTmp

Run Build Command(s):/usr/bin/make -f Makefile cmTC_c25fe/fast && /usr/bin/make  -f CMakeFiles/cmTC_c25fe.dir/build.make CMakeFiles/cmTC_c25fe.dir/build
make[1]: Entering directory '/home/janus/NTNU_ROV_COM/lib/janus-c-3.0.5/CMakeFiles/CMakeTmp'
Building C object CMakeFiles/cmTC_c25fe.dir/src.c.o
/usr/bin/cc -DJANUS_SYS_HAS_VSNPRINTF_S -I/home/janus/NTNU_ROV_COM/lib/janus-c-3.0.5/external/libraries/-bit-linux-glibc-gcc93/include -fPIC -std=c99 -Wall -Wshadow -pedantic -o CMakeFiles/cmTC_c25fe.dir/src.c.o -c /home/janus/NTNU_ROV_COM/lib/janus-c-3.0.5/CMakeFiles/CMakeTmp/src.c
/home/janus/NTNU_ROV_COM/lib/janus-c-3.0.5/CMakeFiles/CMakeTmp/src.c: In function ‘main’:
/home/janus/NTNU_ROV_COM/lib/janus-c-3.0.5/CMakeFiles/CMakeTmp/src.c:4:1: error: unknown type name ‘size_t’
    4 | size_t xx;
      | ^~~~~~
/home/janus/NTNU_ROV_COM/lib/janus-c-3.0.5/CMakeFiles/CMakeTmp/src.c:1:1: note: ‘size_t’ is defined in header ‘<stddef.h>’; did you forget to ‘#include <stddef.h>’?
  +++ |+#include <stddef.h>
    1 | 
/home/janus/NTNU_ROV_COM/lib/janus-c-3.0.5/CMakeFiles/CMakeTmp/src.c:5:1: error: unknown type name ‘size_t’
    5 | size_t xxx;
      | ^~~~~~
/home/janus/NTNU_ROV_COM/lib/janus-c-3.0.5/CMakeFiles/CMakeTmp/src.c:5:1: note: ‘size_t’ is defined in header ‘<stddef.h>’; did you forget to ‘#include <stddef.h>’?
/home/janus/NTNU_ROV_COM/lib/janus-c-3.0.5/CMakeFiles/CMakeTmp/src.c:7:2: error: unknown type name ‘va_list’
    7 |  va_list xxxxx;
      |  ^~~~~~~
/home/janus/NTNU_ROV_COM/lib/janus-c-3.0.5/CMakeFiles/CMakeTmp/src.c:1:1: note: ‘va_list’ is defined in header ‘<stdarg.h>’; did you forget to ‘#include <stdarg.h>’?
  +++ |+#include <stdarg.h>
    1 | 
/home/janus/NTNU_ROV_COM/lib/janus-c-3.0.5/CMakeFiles/CMakeTmp/src.c:9:11: warning: implicit declaration of function ‘vsnprintf_s’ [-Wimplicit-function-declaration]
    9 |  int rv = vsnprintf_s(&x, xx, xxx, &xxxx, xxxxx);
      |           ^~~~~~~~~~~
/home/janus/NTNU_ROV_COM/lib/janus-c-3.0.5/CMakeFiles/CMakeTmp/src.c:9:6: warning: unused variable ‘rv’ [-Wunused-variable]
    9 |  int rv = vsnprintf_s(&x, xx, xxx, &xxxx, xxxxx);
      |      ^~
make[1]: *** [CMakeFiles/cmTC_c25fe.dir/build.make:78: CMakeFiles/cmTC_c25fe.dir/src.c.o] Error 1
make[1]: Leaving directory '/home/janus/NTNU_ROV_COM/lib/janus-c-3.0.5/CMakeFiles/CMakeTmp'
make: *** [Makefile:127: cmTC_c25fe/fast] Error 2


Source file was:

int main(void) {
char x;
size_t xx;
size_t xxx;
char xxxx;
 va_list xxxxx;

 int rv = vsnprintf_s(&x, xx, xxx, &xxxx, xxxxx);
return 0;
}

Performing C SOURCE FILE Test JANUS_SYS_HAS_CLOSESOCKET failed with the following output:
Change Dir: /home/janus/NTNU_ROV_COM/lib/janus-c-3.0.5/CMakeFiles/CMakeTmp

Run Build Command(s):/usr/bin/make -f Makefile cmTC_ebe9a/fast && /usr/bin/make  -f CMakeFiles/cmTC_ebe9a.dir/build.make CMakeFiles/cmTC_ebe9a.dir/build
make[1]: Entering directory '/home/janus/NTNU_ROV_COM/lib/janus-c-3.0.5/CMakeFiles/CMakeTmp'
Building C object CMakeFiles/cmTC_ebe9a.dir/src.c.o
/usr/bin/cc -DJANUS_SYS_HAS_CLOSESOCKET -I/home/janus/NTNU_ROV_COM/lib/janus-c-3.0.5/external/libraries/-bit-linux-glibc-gcc93/include -fPIC -std=c99 -Wall -Wshadow -pedantic -o CMakeFiles/cmTC_ebe9a.dir/src.c.o -c /home/janus/NTNU_ROV_COM/lib/janus-c-3.0.5/CMakeFiles/CMakeTmp/src.c
/home/janus/NTNU_ROV_COM/lib/janus-c-3.0.5/CMakeFiles/CMakeTmp/src.c: In function ‘main’:
/home/janus/NTNU_ROV_COM/lib/janus-c-3.0.5/CMakeFiles/CMakeTmp/src.c:3:1: error: unknown type name ‘SOCKET’
    3 | SOCKET x;
      | ^~~~~~
/home/janus/NTNU_ROV_COM/lib/janus-c-3.0.5/CMakeFiles/CMakeTmp/src.c:5:11: warning: implicit declaration of function ‘closesocket’ [-Wimplicit-function-declaration]
    5 |  int rv = closesocket(x);
      |           ^~~~~~~~~~~
/home/janus/NTNU_ROV_COM/lib/janus-c-3.0.5/CMakeFiles/CMakeTmp/src.c:5:6: warning: unused variable ‘rv’ [-Wunused-variable]
    5 |  int rv = closesocket(x);
      |      ^~
make[1]: *** [CMakeFiles/cmTC_ebe9a.dir/build.make:78: CMakeFiles/cmTC_ebe9a.dir/src.c.o] Error 1
make[1]: Leaving directory '/home/janus/NTNU_ROV_COM/lib/janus-c-3.0.5/CMakeFiles/CMakeTmp'
make: *** [Makefile:127: cmTC_ebe9a/fast] Error 2


Source file was:

int main(void) {
SOCKET x;

 int rv = closesocket(x);
return 0;
}

Performing C SOURCE FILE Test JANUS_SYS_HAS_PTHREAD_SIGMASK failed with the following output:
Change Dir: /home/janus/NTNU_ROV_COM/lib/janus-c-3.0.5/CMakeFiles/CMakeTmp

Run Build Command(s):/usr/bin/make -f Makefile cmTC_d7a83/fast && /usr/bin/make  -f CMakeFiles/cmTC_d7a83.dir/build.make CMakeFiles/cmTC_d7a83.dir/build
make[1]: Entering directory '/home/janus/NTNU_ROV_COM/lib/janus-c-3.0.5/CMakeFiles/CMakeTmp'
Building C object CMakeFiles/cmTC_d7a83.dir/src.c.o
/usr/bin/cc -DJANUS_SYS_HAS_PTHREAD_SIGMASK -I/home/janus/NTNU_ROV_COM/lib/janus-c-3.0.5/external/libraries/-bit-linux-glibc-gcc93/include -fPIC -std=c99 -Wall -Wshadow -pedantic -o CMakeFiles/cmTC_d7a83.dir/src.c.o -c /home/janus/NTNU_ROV_COM/lib/janus-c-3.0.5/CMakeFiles/CMakeTmp/src.c
/home/janus/NTNU_ROV_COM/lib/janus-c-3.0.5/CMakeFiles/CMakeTmp/src.c: In function ‘main’:
/home/janus/NTNU_ROV_COM/lib/janus-c-3.0.5/CMakeFiles/CMakeTmp/src.c:5:1: error: unknown type name ‘sigset_t’
    5 | sigset_t xx;
      | ^~~~~~~~
/home/janus/NTNU_ROV_COM/lib/janus-c-3.0.5/CMakeFiles/CMakeTmp/src.c:6:1: error: unknown type name ‘sigset_t’
    6 | sigset_t xxx;
      | ^~~~~~~~
/home/janus/NTNU_ROV_COM/lib/janus-c-3.0.5/CMakeFiles/CMakeTmp/src.c:8:11: warning: implicit declaration of function ‘pthread_sigmask’ [-Wimplicit-function-declaration]
    8 |  int rv = pthread_sigmask(x, &xx, &xxx);
      |           ^~~~~~~~~~~~~~~
/home/janus/NTNU_ROV_COM/lib/janus-c-3.0.5/CMakeFiles/CMakeTmp/src.c:8:6: warning: unused variable ‘rv’ [-Wunused-variable]
    8 |  int rv = pthread_sigmask(x, &xx, &xxx);
      |      ^~
make[1]: *** [CMakeFiles/cmTC_d7a83.dir/build.make:78: CMakeFiles/cmTC_d7a83.dir/src.c.o] Error 1
make[1]: Leaving directory '/home/janus/NTNU_ROV_COM/lib/janus-c-3.0.5/CMakeFiles/CMakeTmp'
make: *** [Makefile:127: cmTC_d7a83/fast] Error 2


Source file was:
#include <signal.h>

int main(void) {
int x;
sigset_t xx;
sigset_t xxx;

 int rv = pthread_sigmask(x, &xx, &xxx);
return 0;
}

Performing C SOURCE FILE Test JANUS_SYS_HAS_PTHREAD_KILL failed with the following output:
Change Dir: /home/janus/NTNU_ROV_COM/lib/janus-c-3.0.5/CMakeFiles/CMakeTmp

Run Build Command(s):/usr/bin/make -f Makefile cmTC_eefe9/fast && /usr/bin/make  -f CMakeFiles/cmTC_eefe9.dir/build.make CMakeFiles/cmTC_eefe9.dir/build
make[1]: Entering directory '/home/janus/NTNU_ROV_COM/lib/janus-c-3.0.5/CMakeFiles/CMakeTmp'
Building C object CMakeFiles/cmTC_eefe9.dir/src.c.o
/usr/bin/cc -DJANUS_SYS_HAS_PTHREAD_KILL -I/home/janus/NTNU_ROV_COM/lib/janus-c-3.0.5/external/libraries/-bit-linux-glibc-gcc93/include -fPIC -std=c99 -Wall -Wshadow -pedantic -o CMakeFiles/cmTC_eefe9.dir/src.c.o -c /home/janus/NTNU_ROV_COM/lib/janus-c-3.0.5/CMakeFiles/CMakeTmp/src.c
/home/janus/NTNU_ROV_COM/lib/janus-c-3.0.5/CMakeFiles/CMakeTmp/src.c: In function ‘main’:
/home/janus/NTNU_ROV_COM/lib/janus-c-3.0.5/CMakeFiles/CMakeTmp/src.c:4:1: error: unknown type name ‘pthread_t’
    4 | pthread_t x;
      | ^~~~~~~~~
/home/janus/NTNU_ROV_COM/lib/janus-c-3.0.5/CMakeFiles/CMakeTmp/src.c:7:11: warning: implicit declaration of function ‘pthread_kill’ [-Wimplicit-function-declaration]
    7 |  int rv = pthread_kill(x, xx);
      |           ^~~~~~~~~~~~
/home/janus/NTNU_ROV_COM/lib/janus-c-3.0.5/CMakeFiles/CMakeTmp/src.c:7:6: warning: unused variable ‘rv’ [-Wunused-variable]
    7 |  int rv = pthread_kill(x, xx);
      |      ^~
make[1]: *** [CMakeFiles/cmTC_eefe9.dir/build.make:78: CMakeFiles/cmTC_eefe9.dir/src.c.o] Error 1
make[1]: Leaving directory '/home/janus/NTNU_ROV_COM/lib/janus-c-3.0.5/CMakeFiles/CMakeTmp'
make: *** [Makefile:127: cmTC_eefe9/fast] Error 2


Source file was:
#include <signal.h>

int main(void) {
pthread_t x;
int xx;

 int rv = pthread_kill(x, xx);
return 0;
}

Performing C SOURCE FILE Test JANUS_SYS_HAS_PTHREAD_BARRIER failed with the following output:
Change Dir: /home/janus/NTNU_ROV_COM/lib/janus-c-3.0.5/CMakeFiles/CMakeTmp

Run Build Command(s):/usr/bin/make -f Makefile cmTC_8dbe3/fast && /usr/bin/make  -f CMakeFiles/cmTC_8dbe3.dir/build.make CMakeFiles/cmTC_8dbe3.dir/build
make[1]: Entering directory '/home/janus/NTNU_ROV_COM/lib/janus-c-3.0.5/CMakeFiles/CMakeTmp'
Building C object CMakeFiles/cmTC_8dbe3.dir/src.c.o
/usr/bin/cc -DJANUS_SYS_HAS_PTHREAD_BARRIER -I/home/janus/NTNU_ROV_COM/lib/janus-c-3.0.5/external/libraries/-bit-linux-glibc-gcc93/include -fPIC -std=c99 -Wall -Wshadow -pedantic -o CMakeFiles/cmTC_8dbe3.dir/src.c.o -c /home/janus/NTNU_ROV_COM/lib/janus-c-3.0.5/CMakeFiles/CMakeTmp/src.c
/home/janus/NTNU_ROV_COM/lib/janus-c-3.0.5/CMakeFiles/CMakeTmp/src.c: In function ‘main’:
/home/janus/NTNU_ROV_COM/lib/janus-c-3.0.5/CMakeFiles/CMakeTmp/src.c:4:1: error: unknown type name ‘pthread_barrier_t’; did you mean ‘pthread_attr_t’?
    4 | pthread_barrier_t x;
      | ^~~~~~~~~~~~~~~~~
      | pthread_attr_t
/home/janus/NTNU_ROV_COM/lib/janus-c-3.0.5/CMakeFiles/CMakeTmp/src.c:5:1: error: unknown type name ‘pthread_barrierattr_t’; did you mean ‘pthread_mutexattr_t’?
    5 | pthread_barrierattr_t xx;
      | ^~~~~~~~~~~~~~~~~~~~~
      | pthread_mutexattr_t
/home/janus/NTNU_ROV_COM/lib/janus-c-3.0.5/CMakeFiles/CMakeTmp/src.c:8:11: warning: implicit declaration of function ‘pthread_barrier_init’; did you mean ‘pthread_attr_init’? [-Wimplicit-function-declaration]
    8 |  int rv = pthread_barrier_init(&x, &xx, xxx);
      |           ^~~~~~~~~~~~~~~~~~~~
      |           pthread_attr_init
/home/janus/NTNU_ROV_COM/lib/janus-c-3.0.5/CMakeFiles/CMakeTmp/src.c:8:6: warning: unused variable ‘rv’ [-Wunused-variable]
    8 |  int rv = pthread_barrier_init(&x, &xx, xxx);
      |      ^~
make[1]: *** [CMakeFiles/cmTC_8dbe3.dir/build.make:78: CMakeFiles/cmTC_8dbe3.dir/src.c.o] Error 1
make[1]: Leaving directory '/home/janus/NTNU_ROV_COM/lib/janus-c-3.0.5/CMakeFiles/CMakeTmp'
make: *** [Makefile:127: cmTC_8dbe3/fast] Error 2


Source file was:
#include <pthread.h>

int main(void) {
pthread_barrier_t x;
pthread_barrierattr_t xx;
unsigned xxx;

 int rv = pthread_barrier_init(&x, &xx, xxx);
return 0;
}

Performing C SOURCE FILE Test JANUS_SYS_HAS_PTHREAD_RWLOCK failed with the following output:
Change Dir: /home/janus/NTNU_ROV_COM/lib/janus-c-3.0.5/CMakeFiles/CMakeTmp

Run Build Command(s):/usr/bin/make -f Makefile cmTC_5a4d0/fast && /usr/bin/make  -f CMakeFiles/cmTC_5a4d0.dir/build.make CMakeFiles/cmTC_5a4d0.dir/build
make[1]: Entering directory '/home/janus/NTNU_ROV_COM/lib/janus-c-3.0.5/CMakeFiles/CMakeTmp'
Building C object CMakeFiles/cmTC_5a4d0.dir/src.c.o
/usr/bin/cc -DJANUS_SYS_HAS_PTHREAD_RWLOCK -I/home/janus/NTNU_ROV_COM/lib/janus-c-3.0.5/external/libraries/-bit-linux-glibc-gcc93/include -fPIC -std=c99 -Wall -Wshadow -pedantic -o CMakeFiles/cmTC_5a4d0.dir/src.c.o -c /home/janus/NTNU_ROV_COM/lib/janus-c-3.0.5/CMakeFiles/CMakeTmp/src.c
/home/janus/NTNU_ROV_COM/lib/janus-c-3.0.5/CMakeFiles/CMakeTmp/src.c: In function ‘main’:
/home/janus/NTNU_ROV_COM/lib/janus-c-3.0.5/CMakeFiles/CMakeTmp/src.c:4:1: error: unknown type name ‘pthread_rwlock_t’; did you mean ‘pthread_cond_t’?
    4 | pthread_rwlock_t x;
      | ^~~~~~~~~~~~~~~~
      | pthread_cond_t
/home/janus/NTNU_ROV_COM/lib/janus-c-3.0.5/CMakeFiles/CMakeTmp/src.c:5:1: error: unknown type name ‘pthread_rwlockattr_t’; did you mean ‘pthread_condattr_t’?
    5 | pthread_rwlockattr_t xx;
      | ^~~~~~~~~~~~~~~~~~~~
      | pthread_condattr_t
/home/janus/NTNU_ROV_COM/lib/janus-c-3.0.5/CMakeFiles/CMakeTmp/src.c:7:11: warning: implicit declaration of function ‘pthread_rwlock_init’; did you mean ‘pthread_cond_init’? [-Wimplicit-function-declaration]
    7 |  int rv = pthread_rwlock_init(&x, &xx);
      |           ^~~~~~~~~~~~~~~~~~~
      |           pthread_cond_init
/home/janus/NTNU_ROV_COM/lib/janus-c-3.0.5/CMakeFiles/CMakeTmp/src.c:7:6: warning: unused variable ‘rv’ [-Wunused-variable]
    7 |  int rv = pthread_rwlock_init(&x, &xx);
      |      ^~
make[1]: *** [CMakeFiles/cmTC_5a4d0.dir/build.make:78: CMakeFiles/cmTC_5a4d0.dir/src.c.o] Error 1
make[1]: Leaving directory '/home/janus/NTNU_ROV_COM/lib/janus-c-3.0.5/CMakeFiles/CMakeTmp'
make: *** [Makefile:127: cmTC_5a4d0/fast] Error 2


Source file was:
#include <pthread.h>

int main(void) {
pthread_rwlock_t x;
pthread_rwlockattr_t xx;

 int rv = pthread_rwlock_init(&x, &xx);
return 0;
}

Performing C SOURCE FILE Test JANUS_SYS_HAS_PTHREAD_CONDATTR_SETCLOCK failed with the following output:
Change Dir: /home/janus/NTNU_ROV_COM/lib/janus-c-3.0.5/CMakeFiles/CMakeTmp

Run Build Command(s):/usr/bin/make -f Makefile cmTC_6a377/fast && /usr/bin/make  -f CMakeFiles/cmTC_6a377.dir/build.make CMakeFiles/cmTC_6a377.dir/build
make[1]: Entering directory '/home/janus/NTNU_ROV_COM/lib/janus-c-3.0.5/CMakeFiles/CMakeTmp'
Building C object CMakeFiles/cmTC_6a377.dir/src.c.o
/usr/bin/cc -DJANUS_SYS_HAS_PTHREAD_CONDATTR_SETCLOCK -I/home/janus/NTNU_ROV_COM/lib/janus-c-3.0.5/external/libraries/-bit-linux-glibc-gcc93/include -fPIC -std=c99 -Wall -Wshadow -pedantic -o CMakeFiles/cmTC_6a377.dir/src.c.o -c /home/janus/NTNU_ROV_COM/lib/janus-c-3.0.5/CMakeFiles/CMakeTmp/src.c
/home/janus/NTNU_ROV_COM/lib/janus-c-3.0.5/CMakeFiles/CMakeTmp/src.c: In function ‘main’:
/home/janus/NTNU_ROV_COM/lib/janus-c-3.0.5/CMakeFiles/CMakeTmp/src.c:5:1: error: unknown type name ‘clockid_t’; did you mean ‘clock_t’?
    5 | clockid_t xx;
      | ^~~~~~~~~
      | clock_t
/home/janus/NTNU_ROV_COM/lib/janus-c-3.0.5/CMakeFiles/CMakeTmp/src.c:7:11: warning: implicit declaration of function ‘pthread_condattr_setclock’; did you mean ‘pthread_condattr_destroy’? [-Wimplicit-function-declaration]
    7 |  int rv = pthread_condattr_setclock(&x, xx);
      |           ^~~~~~~~~~~~~~~~~~~~~~~~~
      |           pthread_condattr_destroy
/home/janus/NTNU_ROV_COM/lib/janus-c-3.0.5/CMakeFiles/CMakeTmp/src.c:7:6: warning: unused variable ‘rv’ [-Wunused-variable]
    7 |  int rv = pthread_condattr_setclock(&x, xx);
      |      ^~
make[1]: *** [CMakeFiles/cmTC_6a377.dir/build.make:78: CMakeFiles/cmTC_6a377.dir/src.c.o] Error 1
make[1]: Leaving directory '/home/janus/NTNU_ROV_COM/lib/janus-c-3.0.5/CMakeFiles/CMakeTmp'
make: *** [Makefile:127: cmTC_6a377/fast] Error 2


Source file was:
#include <pthread.h>

int main(void) {
pthread_condattr_t x;
clockid_t xx;

 int rv = pthread_condattr_setclock(&x, xx);
return 0;
}

Performing C SOURCE FILE Test JANUS_SYS_HAS_SIGACTION failed with the following output:
Change Dir: /home/janus/NTNU_ROV_COM/lib/janus-c-3.0.5/CMakeFiles/CMakeTmp

Run Build Command(s):/usr/bin/make -f Makefile cmTC_92e1e/fast && /usr/bin/make  -f CMakeFiles/cmTC_92e1e.dir/build.make CMakeFiles/cmTC_92e1e.dir/build
make[1]: Entering directory '/home/janus/NTNU_ROV_COM/lib/janus-c-3.0.5/CMakeFiles/CMakeTmp'
Building C object CMakeFiles/cmTC_92e1e.dir/src.c.o
/usr/bin/cc -DJANUS_SYS_HAS_SIGACTION -I/home/janus/NTNU_ROV_COM/lib/janus-c-3.0.5/external/libraries/-bit-linux-glibc-gcc93/include -fPIC -std=c99 -Wall -Wshadow -pedantic -o CMakeFiles/cmTC_92e1e.dir/src.c.o -c /home/janus/NTNU_ROV_COM/lib/janus-c-3.0.5/CMakeFiles/CMakeTmp/src.c
/home/janus/NTNU_ROV_COM/lib/janus-c-3.0.5/CMakeFiles/CMakeTmp/src.c: In function ‘main’:
/home/janus/NTNU_ROV_COM/lib/janus-c-3.0.5/CMakeFiles/CMakeTmp/src.c:5:18: error: storage size of ‘xx’ isn’t known
    5 | struct sigaction xx;
      |                  ^~
/home/janus/NTNU_ROV_COM/lib/janus-c-3.0.5/CMakeFiles/CMakeTmp/src.c:6:18: error: storage size of ‘xxx’ isn’t known
    6 | struct sigaction xxx;
      |                  ^~~
/home/janus/NTNU_ROV_COM/lib/janus-c-3.0.5/CMakeFiles/CMakeTmp/src.c:8:11: warning: implicit declaration of function ‘sigaction’ [-Wimplicit-function-declaration]
    8 |  int rv = sigaction(x, &xx, &xxx);
      |           ^~~~~~~~~
/home/janus/NTNU_ROV_COM/lib/janus-c-3.0.5/CMakeFiles/CMakeTmp/src.c:8:6: warning: unused variable ‘rv’ [-Wunused-variable]
    8 |  int rv = sigaction(x, &xx, &xxx);
      |      ^~
/home/janus/NTNU_ROV_COM/lib/janus-c-3.0.5/CMakeFiles/CMakeTmp/src.c:6:18: warning: unused variable ‘xxx’ [-Wunused-variable]
    6 | struct sigaction xxx;
      |                  ^~~
/home/janus/NTNU_ROV_COM/lib/janus-c-3.0.5/CMakeFiles/CMakeTmp/src.c:5:18: warning: unused variable ‘xx’ [-Wunused-variable]
    5 | struct sigaction xx;
      |                  ^~
make[1]: *** [CMakeFiles/cmTC_92e1e.dir/build.make:78: CMakeFiles/cmTC_92e1e.dir/src.c.o] Error 1
make[1]: Leaving directory '/home/janus/NTNU_ROV_COM/lib/janus-c-3.0.5/CMakeFiles/CMakeTmp'
make: *** [Makefile:127: cmTC_92e1e/fast] Error 2


Source file was:
#include <signal.h>

int main(void) {
int x;
struct sigaction xx;
struct sigaction xxx;

 int rv = sigaction(x, &xx, &xxx);
return 0;
}

Performing C SOURCE FILE Test JANUS_SYS_HAS__GETCWD failed with the following output:
Change Dir: /home/janus/NTNU_ROV_COM/lib/janus-c-3.0.5/CMakeFiles/CMakeTmp

Run Build Command(s):/usr/bin/make -f Makefile cmTC_a45b6/fast && /usr/bin/make  -f CMakeFiles/cmTC_a45b6.dir/build.make CMakeFiles/cmTC_a45b6.dir/build
make[1]: Entering directory '/home/janus/NTNU_ROV_COM/lib/janus-c-3.0.5/CMakeFiles/CMakeTmp'
Building C object CMakeFiles/cmTC_a45b6.dir/src.c.o
/usr/bin/cc -DJANUS_SYS_HAS__GETCWD -I/home/janus/NTNU_ROV_COM/lib/janus-c-3.0.5/external/libraries/-bit-linux-glibc-gcc93/include -fPIC -std=c99 -Wall -Wshadow -pedantic -o CMakeFiles/cmTC_a45b6.dir/src.c.o -c /home/janus/NTNU_ROV_COM/lib/janus-c-3.0.5/CMakeFiles/CMakeTmp/src.c
/home/janus/NTNU_ROV_COM/lib/janus-c-3.0.5/CMakeFiles/CMakeTmp/src.c: In function ‘main’:
/home/janus/NTNU_ROV_COM/lib/janus-c-3.0.5/CMakeFiles/CMakeTmp/src.c:6:13: warning: implicit declaration of function ‘_getcwd’ [-Wimplicit-function-declaration]
    6 |  char* rv = _getcwd(&x, xx);
      |             ^~~~~~~
/home/janus/NTNU_ROV_COM/lib/janus-c-3.0.5/CMakeFiles/CMakeTmp/src.c:6:13: warning: initialization of ‘char *’ from ‘int’ makes pointer from integer without a cast [-Wint-conversion]
/home/janus/NTNU_ROV_COM/lib/janus-c-3.0.5/CMakeFiles/CMakeTmp/src.c:6:8: warning: unused variable ‘rv’ [-Wunused-variable]
    6 |  char* rv = _getcwd(&x, xx);
      |        ^~
/home/janus/NTNU_ROV_COM/lib/janus-c-3.0.5/CMakeFiles/CMakeTmp/src.c:6:13: warning: ‘xx’ is used uninitialized in this function [-Wuninitialized]
    6 |  char* rv = _getcwd(&x, xx);
      |             ^~~~~~~~~~~~~~~
Linking C executable cmTC_a45b6
/snap/cmake/1009/bin/cmake -E cmake_link_script CMakeFiles/cmTC_a45b6.dir/link.txt --verbose=1
/usr/bin/cc  -fPIC -std=c99 -Wall -Wshadow -pedantic -rdynamic CMakeFiles/cmTC_a45b6.dir/src.c.o -o cmTC_a45b6  -lrt -lpthread -lm -lnsl -ldl 
/usr/bin/ld: CMakeFiles/cmTC_a45b6.dir/src.c.o: in function `main':
src.c:(.text+0x24): undefined reference to `_getcwd'
collect2: error: ld returned 1 exit status
make[1]: *** [CMakeFiles/cmTC_a45b6.dir/build.make:99: cmTC_a45b6] Error 1
make[1]: Leaving directory '/home/janus/NTNU_ROV_COM/lib/janus-c-3.0.5/CMakeFiles/CMakeTmp'
make: *** [Makefile:127: cmTC_a45b6/fast] Error 2


Source file was:

int main(void) {
char x;
int xx;

 char* rv = _getcwd(&x, xx);
return 0;
}

Performing C SOURCE FILE Test JANUS_SYS_HAS_FORMAT_MESSAGE failed with the following output:
Change Dir: /home/janus/NTNU_ROV_COM/lib/janus-c-3.0.5/CMakeFiles/CMakeTmp

Run Build Command(s):/usr/bin/make -f Makefile cmTC_19b6e/fast && /usr/bin/make  -f CMakeFiles/cmTC_19b6e.dir/build.make CMakeFiles/cmTC_19b6e.dir/build
make[1]: Entering directory '/home/janus/NTNU_ROV_COM/lib/janus-c-3.0.5/CMakeFiles/CMakeTmp'
Building C object CMakeFiles/cmTC_19b6e.dir/src.c.o
/usr/bin/cc -DJANUS_SYS_HAS_FORMAT_MESSAGE -I/home/janus/NTNU_ROV_COM/lib/janus-c-3.0.5/external/libraries/-bit-linux-glibc-gcc93/include -fPIC -std=c99 -Wall -Wshadow -pedantic -o CMakeFiles/cmTC_19b6e.dir/src.c.o -c /home/janus/NTNU_ROV_COM/lib/janus-c-3.0.5/CMakeFiles/CMakeTmp/src.c
/home/janus/NTNU_ROV_COM/lib/janus-c-3.0.5/CMakeFiles/CMakeTmp/src.c: In function ‘main’:
/home/janus/NTNU_ROV_COM/lib/janus-c-3.0.5/CMakeFiles/CMakeTmp/src.c:3:1: error: unknown type name ‘DWORD’
    3 | DWORD x;
      | ^~~~~
/home/janus/NTNU_ROV_COM/lib/janus-c-3.0.5/CMakeFiles/CMakeTmp/src.c:5:1: error: unknown type name ‘DWORD’
    5 | DWORD xxx;
      | ^~~~~
/home/janus/NTNU_ROV_COM/lib/janus-c-3.0.5/CMakeFiles/CMakeTmp/src.c:6:1: error: unknown type name ‘DWORD’
    6 | DWORD xxxx;
      | ^~~~~
/home/janus/NTNU_ROV_COM/lib/janus-c-3.0.5/CMakeFiles/CMakeTmp/src.c:8:1: error: unknown type name ‘DWORD’
    8 | DWORD xxxxxx;
      | ^~~~~
/home/janus/NTNU_ROV_COM/lib/janus-c-3.0.5/CMakeFiles/CMakeTmp/src.c:9:1: error: unknown type name ‘va_list’
    9 | va_list xxxxxxx;
      | ^~~~~~~
/home/janus/NTNU_ROV_COM/lib/janus-c-3.0.5/CMakeFiles/CMakeTmp/src.c:1:1: note: ‘va_list’ is defined in header ‘<stdarg.h>’; did you forget to ‘#include <stdarg.h>’?
  +++ |+#include <stdarg.h>
    1 | 
/home/janus/NTNU_ROV_COM/lib/janus-c-3.0.5/CMakeFiles/CMakeTmp/src.c:11:2: error: unknown type name ‘DWORD’
   11 |  DWORD rv = FormatMessage(x, &xx, xxx, xxxx, &xxxxx, xxxxxx, &xxxxxxx);
      |  ^~~~~
/home/janus/NTNU_ROV_COM/lib/janus-c-3.0.5/CMakeFiles/CMakeTmp/src.c:11:13: warning: implicit declaration of function ‘FormatMessage’ [-Wimplicit-function-declaration]
   11 |  DWORD rv = FormatMessage(x, &xx, xxx, xxxx, &xxxxx, xxxxxx, &xxxxxxx);
      |             ^~~~~~~~~~~~~
/home/janus/NTNU_ROV_COM/lib/janus-c-3.0.5/CMakeFiles/CMakeTmp/src.c:11:8: warning: unused variable ‘rv’ [-Wunused-variable]
   11 |  DWORD rv = FormatMessage(x, &xx, xxx, xxxx, &xxxxx, xxxxxx, &xxxxxxx);
      |        ^~
make[1]: *** [CMakeFiles/cmTC_19b6e.dir/build.make:78: CMakeFiles/cmTC_19b6e.dir/src.c.o] Error 1
make[1]: Leaving directory '/home/janus/NTNU_ROV_COM/lib/janus-c-3.0.5/CMakeFiles/CMakeTmp'
make: *** [Makefile:127: cmTC_19b6e/fast] Error 2


Source file was:

int main(void) {
DWORD x;
char xx;
DWORD xxx;
DWORD xxxx;
char xxxxx;
DWORD xxxxxx;
va_list xxxxxxx;

 DWORD rv = FormatMessage(x, &xx, xxx, xxxx, &xxxxx, xxxxxx, &xxxxxxx);
return 0;
}

Performing C SOURCE FILE Test JANUS_SYS_HAS_IOPERM failed with the following output:
Change Dir: /home/janus/NTNU_ROV_COM/lib/janus-c-3.0.5/CMakeFiles/CMakeTmp

Run Build Command(s):/usr/bin/make -f Makefile cmTC_091f8/fast && /usr/bin/make  -f CMakeFiles/cmTC_091f8.dir/build.make CMakeFiles/cmTC_091f8.dir/build
make[1]: Entering directory '/home/janus/NTNU_ROV_COM/lib/janus-c-3.0.5/CMakeFiles/CMakeTmp'
Building C object CMakeFiles/cmTC_091f8.dir/src.c.o
/usr/bin/cc -DJANUS_SYS_HAS_IOPERM -I/home/janus/NTNU_ROV_COM/lib/janus-c-3.0.5/external/libraries/-bit-linux-glibc-gcc93/include -fPIC -std=c99 -Wall -Wshadow -pedantic -o CMakeFiles/cmTC_091f8.dir/src.c.o -c /home/janus/NTNU_ROV_COM/lib/janus-c-3.0.5/CMakeFiles/CMakeTmp/src.c
/home/janus/NTNU_ROV_COM/lib/janus-c-3.0.5/CMakeFiles/CMakeTmp/src.c: In function ‘main’:
/home/janus/NTNU_ROV_COM/lib/janus-c-3.0.5/CMakeFiles/CMakeTmp/src.c:8:11: warning: implicit declaration of function ‘ioperm’ [-Wimplicit-function-declaration]
    8 |  int rv = ioperm(x, xx, xxx);
      |           ^~~~~~
/home/janus/NTNU_ROV_COM/lib/janus-c-3.0.5/CMakeFiles/CMakeTmp/src.c:8:6: warning: unused variable ‘rv’ [-Wunused-variable]
    8 |  int rv = ioperm(x, xx, xxx);
      |      ^~
/home/janus/NTNU_ROV_COM/lib/janus-c-3.0.5/CMakeFiles/CMakeTmp/src.c:8:11: warning: ‘x’ is used uninitialized in this function [-Wuninitialized]
    8 |  int rv = ioperm(x, xx, xxx);
      |           ^~~~~~~~~~~~~~~~~~
/home/janus/NTNU_ROV_COM/lib/janus-c-3.0.5/CMakeFiles/CMakeTmp/src.c:8:11: warning: ‘xx’ is used uninitialized in this function [-Wuninitialized]
/home/janus/NTNU_ROV_COM/lib/janus-c-3.0.5/CMakeFiles/CMakeTmp/src.c:8:11: warning: ‘xxx’ is used uninitialized in this function [-Wuninitialized]
Linking C executable cmTC_091f8
/snap/cmake/1009/bin/cmake -E cmake_link_script CMakeFiles/cmTC_091f8.dir/link.txt --verbose=1
/usr/bin/cc  -fPIC -std=c99 -Wall -Wshadow -pedantic -rdynamic CMakeFiles/cmTC_091f8.dir/src.c.o -o cmTC_091f8  -lrt -lpthread -lm -lnsl -ldl 
/usr/bin/ld: CMakeFiles/cmTC_091f8.dir/src.c.o: in function `main':
src.c:(.text+0x14): undefined reference to `ioperm'
collect2: error: ld returned 1 exit status
make[1]: *** [CMakeFiles/cmTC_091f8.dir/build.make:99: cmTC_091f8] Error 1
make[1]: Leaving directory '/home/janus/NTNU_ROV_COM/lib/janus-c-3.0.5/CMakeFiles/CMakeTmp'
make: *** [Makefile:127: cmTC_091f8/fast] Error 2


Source file was:
#include <unistd.h>

int main(void) {
unsigned long x;
unsigned long xx;
int xxx;

 int rv = ioperm(x, xx, xxx);
return 0;
}

Performing C SOURCE FILE Test JANUS_SYS_HAS_CLOCK_NANOSLEEP failed with the following output:
Change Dir: /home/janus/NTNU_ROV_COM/lib/janus-c-3.0.5/CMakeFiles/CMakeTmp

Run Build Command(s):/usr/bin/make -f Makefile cmTC_74849/fast && /usr/bin/make  -f CMakeFiles/cmTC_74849.dir/build.make CMakeFiles/cmTC_74849.dir/build
make[1]: Entering directory '/home/janus/NTNU_ROV_COM/lib/janus-c-3.0.5/CMakeFiles/CMakeTmp'
Building C object CMakeFiles/cmTC_74849.dir/src.c.o
/usr/bin/cc -DJANUS_SYS_HAS_CLOCK_NANOSLEEP -I/home/janus/NTNU_ROV_COM/lib/janus-c-3.0.5/external/libraries/-bit-linux-glibc-gcc93/include -fPIC -std=c99 -Wall -Wshadow -pedantic -o CMakeFiles/cmTC_74849.dir/src.c.o -c /home/janus/NTNU_ROV_COM/lib/janus-c-3.0.5/CMakeFiles/CMakeTmp/src.c
/home/janus/NTNU_ROV_COM/lib/janus-c-3.0.5/CMakeFiles/CMakeTmp/src.c: In function ‘main’:
/home/janus/NTNU_ROV_COM/lib/janus-c-3.0.5/CMakeFiles/CMakeTmp/src.c:4:1: error: unknown type name ‘clockid_t’; did you mean ‘clock_t’?
    4 | clockid_t x;
      | ^~~~~~~~~
      | clock_t
/home/janus/NTNU_ROV_COM/lib/janus-c-3.0.5/CMakeFiles/CMakeTmp/src.c:6:17: error: storage size of ‘xxx’ isn’t known
    6 | struct timespec xxx;
      |                 ^~~
/home/janus/NTNU_ROV_COM/lib/janus-c-3.0.5/CMakeFiles/CMakeTmp/src.c:7:17: error: storage size of ‘xxxx’ isn’t known
    7 | struct timespec xxxx;
      |                 ^~~~
/home/janus/NTNU_ROV_COM/lib/janus-c-3.0.5/CMakeFiles/CMakeTmp/src.c:9:11: warning: implicit declaration of function ‘clock_nanosleep’ [-Wimplicit-function-declaration]
    9 |  int rv = clock_nanosleep(x, xx, &xxx, &xxxx);
      |           ^~~~~~~~~~~~~~~
/home/janus/NTNU_ROV_COM/lib/janus-c-3.0.5/CMakeFiles/CMakeTmp/src.c:9:6: warning: unused variable ‘rv’ [-Wunused-variable]
    9 |  int rv = clock_nanosleep(x, xx, &xxx, &xxxx);
      |      ^~
/home/janus/NTNU_ROV_COM/lib/janus-c-3.0.5/CMakeFiles/CMakeTmp/src.c:7:17: warning: unused variable ‘xxxx’ [-Wunused-variable]
    7 | struct timespec xxxx;
      |                 ^~~~
/home/janus/NTNU_ROV_COM/lib/janus-c-3.0.5/CMakeFiles/CMakeTmp/src.c:6:17: warning: unused variable ‘xxx’ [-Wunused-variable]
    6 | struct timespec xxx;
      |                 ^~~
make[1]: *** [CMakeFiles/cmTC_74849.dir/build.make:78: CMakeFiles/cmTC_74849.dir/src.c.o] Error 1
make[1]: Leaving directory '/home/janus/NTNU_ROV_COM/lib/janus-c-3.0.5/CMakeFiles/CMakeTmp'
make: *** [Makefile:127: cmTC_74849/fast] Error 2


Source file was:
#include <time.h>

int main(void) {
clockid_t x;
int xx;
struct timespec xxx;
struct timespec xxxx;

 int rv = clock_nanosleep(x, xx, &xxx, &xxxx);
return 0;
}

Performing C SOURCE FILE Test JANUS_SYS_HAS_NANOSLEEP failed with the following output:
Change Dir: /home/janus/NTNU_ROV_COM/lib/janus-c-3.0.5/CMakeFiles/CMakeTmp

Run Build Command(s):/usr/bin/make -f Makefile cmTC_c34fb/fast && /usr/bin/make  -f CMakeFiles/cmTC_c34fb.dir/build.make CMakeFiles/cmTC_c34fb.dir/build
make[1]: Entering directory '/home/janus/NTNU_ROV_COM/lib/janus-c-3.0.5/CMakeFiles/CMakeTmp'
Building C object CMakeFiles/cmTC_c34fb.dir/src.c.o
/usr/bin/cc -DJANUS_SYS_HAS_NANOSLEEP -I/home/janus/NTNU_ROV_COM/lib/janus-c-3.0.5/external/libraries/-bit-linux-glibc-gcc93/include -fPIC -std=c99 -Wall -Wshadow -pedantic -o CMakeFiles/cmTC_c34fb.dir/src.c.o -c /home/janus/NTNU_ROV_COM/lib/janus-c-3.0.5/CMakeFiles/CMakeTmp/src.c
/home/janus/NTNU_ROV_COM/lib/janus-c-3.0.5/CMakeFiles/CMakeTmp/src.c: In function ‘main’:
/home/janus/NTNU_ROV_COM/lib/janus-c-3.0.5/CMakeFiles/CMakeTmp/src.c:4:17: error: storage size of ‘x’ isn’t known
    4 | struct timespec x;
      |                 ^
/home/janus/NTNU_ROV_COM/lib/janus-c-3.0.5/CMakeFiles/CMakeTmp/src.c:5:17: error: storage size of ‘xx’ isn’t known
    5 | struct timespec xx;
      |                 ^~
/home/janus/NTNU_ROV_COM/lib/janus-c-3.0.5/CMakeFiles/CMakeTmp/src.c:7:11: warning: implicit declaration of function ‘nanosleep’ [-Wimplicit-function-declaration]
    7 |  int rv = nanosleep(&x, &xx);
      |           ^~~~~~~~~
/home/janus/NTNU_ROV_COM/lib/janus-c-3.0.5/CMakeFiles/CMakeTmp/src.c:7:6: warning: unused variable ‘rv’ [-Wunused-variable]
    7 |  int rv = nanosleep(&x, &xx);
      |      ^~
/home/janus/NTNU_ROV_COM/lib/janus-c-3.0.5/CMakeFiles/CMakeTmp/src.c:5:17: warning: unused variable ‘xx’ [-Wunused-variable]
    5 | struct timespec xx;
      |                 ^~
/home/janus/NTNU_ROV_COM/lib/janus-c-3.0.5/CMakeFiles/CMakeTmp/src.c:4:17: warning: unused variable ‘x’ [-Wunused-variable]
    4 | struct timespec x;
      |                 ^
make[1]: *** [CMakeFiles/cmTC_c34fb.dir/build.make:78: CMakeFiles/cmTC_c34fb.dir/src.c.o] Error 1
make[1]: Leaving directory '/home/janus/NTNU_ROV_COM/lib/janus-c-3.0.5/CMakeFiles/CMakeTmp'
make: *** [Makefile:127: cmTC_c34fb/fast] Error 2


Source file was:
#include <time.h>

int main(void) {
struct timespec x;
struct timespec xx;

 int rv = nanosleep(&x, &xx);
return 0;
}

Performing C SOURCE FILE Test JANUS_SYS_HAS_CLOCK_GETTIME failed with the following output:
Change Dir: /home/janus/NTNU_ROV_COM/lib/janus-c-3.0.5/CMakeFiles/CMakeTmp

Run Build Command(s):/usr/bin/make -f Makefile cmTC_62aae/fast && /usr/bin/make  -f CMakeFiles/cmTC_62aae.dir/build.make CMakeFiles/cmTC_62aae.dir/build
make[1]: Entering directory '/home/janus/NTNU_ROV_COM/lib/janus-c-3.0.5/CMakeFiles/CMakeTmp'
Building C object CMakeFiles/cmTC_62aae.dir/src.c.o
/usr/bin/cc -DJANUS_SYS_HAS_CLOCK_GETTIME -I/home/janus/NTNU_ROV_COM/lib/janus-c-3.0.5/external/libraries/-bit-linux-glibc-gcc93/include -fPIC -std=c99 -Wall -Wshadow -pedantic -o CMakeFiles/cmTC_62aae.dir/src.c.o -c /home/janus/NTNU_ROV_COM/lib/janus-c-3.0.5/CMakeFiles/CMakeTmp/src.c
/home/janus/NTNU_ROV_COM/lib/janus-c-3.0.5/CMakeFiles/CMakeTmp/src.c: In function ‘main’:
/home/janus/NTNU_ROV_COM/lib/janus-c-3.0.5/CMakeFiles/CMakeTmp/src.c:4:1: error: unknown type name ‘clockid_t’; did you mean ‘clock_t’?
    4 | clockid_t x;
      | ^~~~~~~~~
      | clock_t
/home/janus/NTNU_ROV_COM/lib/janus-c-3.0.5/CMakeFiles/CMakeTmp/src.c:5:17: error: storage size of ‘xx’ isn’t known
    5 | struct timespec xx;
      |                 ^~
/home/janus/NTNU_ROV_COM/lib/janus-c-3.0.5/CMakeFiles/CMakeTmp/src.c:7:11: warning: implicit declaration of function ‘clock_gettime’ [-Wimplicit-function-declaration]
    7 |  int rv = clock_gettime(x, &xx);
      |           ^~~~~~~~~~~~~
/home/janus/NTNU_ROV_COM/lib/janus-c-3.0.5/CMakeFiles/CMakeTmp/src.c:7:6: warning: unused variable ‘rv’ [-Wunused-variable]
    7 |  int rv = clock_gettime(x, &xx);
      |      ^~
/home/janus/NTNU_ROV_COM/lib/janus-c-3.0.5/CMakeFiles/CMakeTmp/src.c:5:17: warning: unused variable ‘xx’ [-Wunused-variable]
    5 | struct timespec xx;
      |                 ^~
make[1]: *** [CMakeFiles/cmTC_62aae.dir/build.make:78: CMakeFiles/cmTC_62aae.dir/src.c.o] Error 1
make[1]: Leaving directory '/home/janus/NTNU_ROV_COM/lib/janus-c-3.0.5/CMakeFiles/CMakeTmp'
make: *** [Makefile:127: cmTC_62aae/fast] Error 2


Source file was:
#include <time.h>

int main(void) {
clockid_t x;
struct timespec xx;

 int rv = clock_gettime(x, &xx);
return 0;
}

Performing C SOURCE FILE Test JANUS_SYS_HAS_GET_SYSTEM_TIME_AS_FILE_TIME failed with the following output:
Change Dir: /home/janus/NTNU_ROV_COM/lib/janus-c-3.0.5/CMakeFiles/CMakeTmp

Run Build Command(s):/usr/bin/make -f Makefile cmTC_453fb/fast && /usr/bin/make  -f CMakeFiles/cmTC_453fb.dir/build.make CMakeFiles/cmTC_453fb.dir/build
make[1]: Entering directory '/home/janus/NTNU_ROV_COM/lib/janus-c-3.0.5/CMakeFiles/CMakeTmp'
Building C object CMakeFiles/cmTC_453fb.dir/src.c.o
/usr/bin/cc -DJANUS_SYS_HAS_GET_SYSTEM_TIME_AS_FILE_TIME -I/home/janus/NTNU_ROV_COM/lib/janus-c-3.0.5/external/libraries/-bit-linux-glibc-gcc93/include -fPIC -std=c99 -Wall -Wshadow -pedantic -o CMakeFiles/cmTC_453fb.dir/src.c.o -c /home/janus/NTNU_ROV_COM/lib/janus-c-3.0.5/CMakeFiles/CMakeTmp/src.c
/home/janus/NTNU_ROV_COM/lib/janus-c-3.0.5/CMakeFiles/CMakeTmp/src.c: In function ‘main’:
/home/janus/NTNU_ROV_COM/lib/janus-c-3.0.5/CMakeFiles/CMakeTmp/src.c:3:1: error: unknown type name ‘FILETIME’
    3 | FILETIME x;
      | ^~~~~~~~
/home/janus/NTNU_ROV_COM/lib/janus-c-3.0.5/CMakeFiles/CMakeTmp/src.c:5:1: warning: implicit declaration of function ‘GetSystemTimeAsFileTime’ [-Wimplicit-function-declaration]
    5 | GetSystemTimeAsFileTime(&x);
      | ^~~~~~~~~~~~~~~~~~~~~~~
make[1]: *** [CMakeFiles/cmTC_453fb.dir/build.make:78: CMakeFiles/cmTC_453fb.dir/src.c.o] Error 1
make[1]: Leaving directory '/home/janus/NTNU_ROV_COM/lib/janus-c-3.0.5/CMakeFiles/CMakeTmp'
make: *** [Makefile:127: cmTC_453fb/fast] Error 2


Source file was:

int main(void) {
FILETIME x;

GetSystemTimeAsFileTime(&x);
return 0;
}

Performing C SOURCE FILE Test JANUS_SYS_HAS_GET_LAST_ERROR failed with the following output:
Change Dir: /home/janus/NTNU_ROV_COM/lib/janus-c-3.0.5/CMakeFiles/CMakeTmp

Run Build Command(s):/usr/bin/make -f Makefile cmTC_5b85c/fast && /usr/bin/make  -f CMakeFiles/cmTC_5b85c.dir/build.make CMakeFiles/cmTC_5b85c.dir/build
make[1]: Entering directory '/home/janus/NTNU_ROV_COM/lib/janus-c-3.0.5/CMakeFiles/CMakeTmp'
Building C object CMakeFiles/cmTC_5b85c.dir/src.c.o
/usr/bin/cc -DJANUS_SYS_HAS_GET_LAST_ERROR -I/home/janus/NTNU_ROV_COM/lib/janus-c-3.0.5/external/libraries/-bit-linux-glibc-gcc93/include -fPIC -std=c99 -Wall -Wshadow -pedantic -o CMakeFiles/cmTC_5b85c.dir/src.c.o -c /home/janus/NTNU_ROV_COM/lib/janus-c-3.0.5/CMakeFiles/CMakeTmp/src.c
/home/janus/NTNU_ROV_COM/lib/janus-c-3.0.5/CMakeFiles/CMakeTmp/src.c: In function ‘main’:
/home/janus/NTNU_ROV_COM/lib/janus-c-3.0.5/CMakeFiles/CMakeTmp/src.c:4:2: error: unknown type name ‘DWORD’
    4 |  DWORD rv = GetLastError();
      |  ^~~~~
/home/janus/NTNU_ROV_COM/lib/janus-c-3.0.5/CMakeFiles/CMakeTmp/src.c:4:13: warning: implicit declaration of function ‘GetLastError’ [-Wimplicit-function-declaration]
    4 |  DWORD rv = GetLastError();
      |             ^~~~~~~~~~~~
/home/janus/NTNU_ROV_COM/lib/janus-c-3.0.5/CMakeFiles/CMakeTmp/src.c:4:8: warning: unused variable ‘rv’ [-Wunused-variable]
    4 |  DWORD rv = GetLastError();
      |        ^~
make[1]: *** [CMakeFiles/cmTC_5b85c.dir/build.make:78: CMakeFiles/cmTC_5b85c.dir/src.c.o] Error 1
make[1]: Leaving directory '/home/janus/NTNU_ROV_COM/lib/janus-c-3.0.5/CMakeFiles/CMakeTmp'
make: *** [Makefile:127: cmTC_5b85c/fast] Error 2


Source file was:

int main(void) {

 DWORD rv = GetLastError();
return 0;
}

Performing C SOURCE FILE Test JANUS_SYS_HAS_CREATE_WAITABLE_TIMER failed with the following output:
Change Dir: /home/janus/NTNU_ROV_COM/lib/janus-c-3.0.5/CMakeFiles/CMakeTmp

Run Build Command(s):/usr/bin/make -f Makefile cmTC_07cb1/fast && /usr/bin/make  -f CMakeFiles/cmTC_07cb1.dir/build.make CMakeFiles/cmTC_07cb1.dir/build
make[1]: Entering directory '/home/janus/NTNU_ROV_COM/lib/janus-c-3.0.5/CMakeFiles/CMakeTmp'
Building C object CMakeFiles/cmTC_07cb1.dir/src.c.o
/usr/bin/cc -DJANUS_SYS_HAS_CREATE_WAITABLE_TIMER -I/home/janus/NTNU_ROV_COM/lib/janus-c-3.0.5/external/libraries/-bit-linux-glibc-gcc93/include -fPIC -std=c99 -Wall -Wshadow -pedantic -o CMakeFiles/cmTC_07cb1.dir/src.c.o -c /home/janus/NTNU_ROV_COM/lib/janus-c-3.0.5/CMakeFiles/CMakeTmp/src.c
/home/janus/NTNU_ROV_COM/lib/janus-c-3.0.5/CMakeFiles/CMakeTmp/src.c: In function ‘main’:
/home/janus/NTNU_ROV_COM/lib/janus-c-3.0.5/CMakeFiles/CMakeTmp/src.c:3:1: error: unknown type name ‘SECURITY_ATTRIBUTES’
    3 | SECURITY_ATTRIBUTES x;
      | ^~~~~~~~~~~~~~~~~~~
/home/janus/NTNU_ROV_COM/lib/janus-c-3.0.5/CMakeFiles/CMakeTmp/src.c:4:1: error: unknown type name ‘BOOL’
    4 | BOOL xx;
      | ^~~~
/home/janus/NTNU_ROV_COM/lib/janus-c-3.0.5/CMakeFiles/CMakeTmp/src.c:7:2: error: unknown type name ‘HANDLE’
    7 |  HANDLE rv = CreateWaitableTimer(&x, xx, &xxx);
      |  ^~~~~~
/home/janus/NTNU_ROV_COM/lib/janus-c-3.0.5/CMakeFiles/CMakeTmp/src.c:7:14: warning: implicit declaration of function ‘CreateWaitableTimer’ [-Wimplicit-function-declaration]
    7 |  HANDLE rv = CreateWaitableTimer(&x, xx, &xxx);
      |              ^~~~~~~~~~~~~~~~~~~
/home/janus/NTNU_ROV_COM/lib/janus-c-3.0.5/CMakeFiles/CMakeTmp/src.c:7:9: warning: unused variable ‘rv’ [-Wunused-variable]
    7 |  HANDLE rv = CreateWaitableTimer(&x, xx, &xxx);
      |         ^~
make[1]: *** [CMakeFiles/cmTC_07cb1.dir/build.make:78: CMakeFiles/cmTC_07cb1.dir/src.c.o] Error 1
make[1]: Leaving directory '/home/janus/NTNU_ROV_COM/lib/janus-c-3.0.5/CMakeFiles/CMakeTmp'
make: *** [Makefile:127: cmTC_07cb1/fast] Error 2


Source file was:

int main(void) {
SECURITY_ATTRIBUTES x;
BOOL xx;
char xxx;

 HANDLE rv = CreateWaitableTimer(&x, xx, &xxx);
return 0;
}

Performing C SOURCE FILE Test JANUS_SYS_HAS_GET_MODULE_FILE_NAME failed with the following output:
Change Dir: /home/janus/NTNU_ROV_COM/lib/janus-c-3.0.5/CMakeFiles/CMakeTmp

Run Build Command(s):/usr/bin/make -f Makefile cmTC_cbd2f/fast && /usr/bin/make  -f CMakeFiles/cmTC_cbd2f.dir/build.make CMakeFiles/cmTC_cbd2f.dir/build
make[1]: Entering directory '/home/janus/NTNU_ROV_COM/lib/janus-c-3.0.5/CMakeFiles/CMakeTmp'
Building C object CMakeFiles/cmTC_cbd2f.dir/src.c.o
/usr/bin/cc -DJANUS_SYS_HAS_GET_MODULE_FILE_NAME -I/home/janus/NTNU_ROV_COM/lib/janus-c-3.0.5/external/libraries/-bit-linux-glibc-gcc93/include -fPIC -std=c99 -Wall -Wshadow -pedantic -o CMakeFiles/cmTC_cbd2f.dir/src.c.o -c /home/janus/NTNU_ROV_COM/lib/janus-c-3.0.5/CMakeFiles/CMakeTmp/src.c
/home/janus/NTNU_ROV_COM/lib/janus-c-3.0.5/CMakeFiles/CMakeTmp/src.c: In function ‘main’:
/home/janus/NTNU_ROV_COM/lib/janus-c-3.0.5/CMakeFiles/CMakeTmp/src.c:3:1: error: unknown type name ‘HMODULE’
    3 | HMODULE x;
      | ^~~~~~~
/home/janus/NTNU_ROV_COM/lib/janus-c-3.0.5/CMakeFiles/CMakeTmp/src.c:4:1: error: unknown type name ‘LPSTR’
    4 | LPSTR xx;
      | ^~~~~
/home/janus/NTNU_ROV_COM/lib/janus-c-3.0.5/CMakeFiles/CMakeTmp/src.c:5:1: error: unknown type name ‘DWORD’
    5 | DWORD xxx;
      | ^~~~~
/home/janus/NTNU_ROV_COM/lib/janus-c-3.0.5/CMakeFiles/CMakeTmp/src.c:7:2: error: unknown type name ‘DWORD’
    7 |  DWORD rv = GetModuleFileName(x, xx, xxx);
      |  ^~~~~
/home/janus/NTNU_ROV_COM/lib/janus-c-3.0.5/CMakeFiles/CMakeTmp/src.c:7:13: warning: implicit declaration of function ‘GetModuleFileName’ [-Wimplicit-function-declaration]
    7 |  DWORD rv = GetModuleFileName(x, xx, xxx);
      |             ^~~~~~~~~~~~~~~~~
/home/janus/NTNU_ROV_COM/lib/janus-c-3.0.5/CMakeFiles/CMakeTmp/src.c:7:8: warning: unused variable ‘rv’ [-Wunused-variable]
    7 |  DWORD rv = GetModuleFileName(x, xx, xxx);
      |        ^~
make[1]: *** [CMakeFiles/cmTC_cbd2f.dir/build.make:78: CMakeFiles/cmTC_cbd2f.dir/src.c.o] Error 1
make[1]: Leaving directory '/home/janus/NTNU_ROV_COM/lib/janus-c-3.0.5/CMakeFiles/CMakeTmp'
make: *** [Makefile:127: cmTC_cbd2f/fast] Error 2


Source file was:

int main(void) {
HMODULE x;
LPSTR xx;
DWORD xxx;

 DWORD rv = GetModuleFileName(x, xx, xxx);
return 0;
}

Performing C SOURCE FILE Test JANUS_SYS_HAS_LOAD_LIBRARY failed with the following output:
Change Dir: /home/janus/NTNU_ROV_COM/lib/janus-c-3.0.5/CMakeFiles/CMakeTmp

Run Build Command(s):/usr/bin/make -f Makefile cmTC_f71e5/fast && /usr/bin/make  -f CMakeFiles/cmTC_f71e5.dir/build.make CMakeFiles/cmTC_f71e5.dir/build
make[1]: Entering directory '/home/janus/NTNU_ROV_COM/lib/janus-c-3.0.5/CMakeFiles/CMakeTmp'
Building C object CMakeFiles/cmTC_f71e5.dir/src.c.o
/usr/bin/cc -DJANUS_SYS_HAS_LOAD_LIBRARY -I/home/janus/NTNU_ROV_COM/lib/janus-c-3.0.5/external/libraries/-bit-linux-glibc-gcc93/include -fPIC -std=c99 -Wall -Wshadow -pedantic -o CMakeFiles/cmTC_f71e5.dir/src.c.o -c /home/janus/NTNU_ROV_COM/lib/janus-c-3.0.5/CMakeFiles/CMakeTmp/src.c
/home/janus/NTNU_ROV_COM/lib/janus-c-3.0.5/CMakeFiles/CMakeTmp/src.c: In function ‘main’:
/home/janus/NTNU_ROV_COM/lib/janus-c-3.0.5/CMakeFiles/CMakeTmp/src.c:5:2: error: unknown type name ‘HMODULE’
    5 |  HMODULE rv = LoadLibrary(&x);
      |  ^~~~~~~
/home/janus/NTNU_ROV_COM/lib/janus-c-3.0.5/CMakeFiles/CMakeTmp/src.c:5:15: warning: implicit declaration of function ‘LoadLibrary’ [-Wimplicit-function-declaration]
    5 |  HMODULE rv = LoadLibrary(&x);
      |               ^~~~~~~~~~~
/home/janus/NTNU_ROV_COM/lib/janus-c-3.0.5/CMakeFiles/CMakeTmp/src.c:5:10: warning: unused variable ‘rv’ [-Wunused-variable]
    5 |  HMODULE rv = LoadLibrary(&x);
      |          ^~
make[1]: *** [CMakeFiles/cmTC_f71e5.dir/build.make:78: CMakeFiles/cmTC_f71e5.dir/src.c.o] Error 1
make[1]: Leaving directory '/home/janus/NTNU_ROV_COM/lib/janus-c-3.0.5/CMakeFiles/CMakeTmp'
make: *** [Makefile:127: cmTC_f71e5/fast] Error 2


Source file was:

int main(void) {
char x;

 HMODULE rv = LoadLibrary(&x);
return 0;
}

Performing C SOURCE FILE Test JANUS_SYS_HAS_TLS_ALLOC failed with the following output:
Change Dir: /home/janus/NTNU_ROV_COM/lib/janus-c-3.0.5/CMakeFiles/CMakeTmp

Run Build Command(s):/usr/bin/make -f Makefile cmTC_7c2f3/fast && /usr/bin/make  -f CMakeFiles/cmTC_7c2f3.dir/build.make CMakeFiles/cmTC_7c2f3.dir/build
make[1]: Entering directory '/home/janus/NTNU_ROV_COM/lib/janus-c-3.0.5/CMakeFiles/CMakeTmp'
Building C object CMakeFiles/cmTC_7c2f3.dir/src.c.o
/usr/bin/cc -DJANUS_SYS_HAS_TLS_ALLOC -I/home/janus/NTNU_ROV_COM/lib/janus-c-3.0.5/external/libraries/-bit-linux-glibc-gcc93/include -fPIC -std=c99 -Wall -Wshadow -pedantic -o CMakeFiles/cmTC_7c2f3.dir/src.c.o -c /home/janus/NTNU_ROV_COM/lib/janus-c-3.0.5/CMakeFiles/CMakeTmp/src.c
/home/janus/NTNU_ROV_COM/lib/janus-c-3.0.5/CMakeFiles/CMakeTmp/src.c: In function ‘main’:
/home/janus/NTNU_ROV_COM/lib/janus-c-3.0.5/CMakeFiles/CMakeTmp/src.c:4:2: error: unknown type name ‘DWORD’
    4 |  DWORD rv = TlsAlloc();
      |  ^~~~~
/home/janus/NTNU_ROV_COM/lib/janus-c-3.0.5/CMakeFiles/CMakeTmp/src.c:4:13: warning: implicit declaration of function ‘TlsAlloc’ [-Wimplicit-function-declaration]
    4 |  DWORD rv = TlsAlloc();
      |             ^~~~~~~~
/home/janus/NTNU_ROV_COM/lib/janus-c-3.0.5/CMakeFiles/CMakeTmp/src.c:4:8: warning: unused variable ‘rv’ [-Wunused-variable]
    4 |  DWORD rv = TlsAlloc();
      |        ^~
make[1]: *** [CMakeFiles/cmTC_7c2f3.dir/build.make:78: CMakeFiles/cmTC_7c2f3.dir/src.c.o] Error 1
make[1]: Leaving directory '/home/janus/NTNU_ROV_COM/lib/janus-c-3.0.5/CMakeFiles/CMakeTmp'
make: *** [Makefile:127: cmTC_7c2f3/fast] Error 2


Source file was:

int main(void) {

 DWORD rv = TlsAlloc();
return 0;
}

Performing C SOURCE FILE Test JANUS_SYS_HAS_GETTIMEOFDAY failed with the following output:
Change Dir: /home/janus/NTNU_ROV_COM/lib/janus-c-3.0.5/CMakeFiles/CMakeTmp

Run Build Command(s):/usr/bin/make -f Makefile cmTC_8c202/fast && /usr/bin/make  -f CMakeFiles/cmTC_8c202.dir/build.make CMakeFiles/cmTC_8c202.dir/build
make[1]: Entering directory '/home/janus/NTNU_ROV_COM/lib/janus-c-3.0.5/CMakeFiles/CMakeTmp'
Building C object CMakeFiles/cmTC_8c202.dir/src.c.o
/usr/bin/cc -DJANUS_SYS_HAS_GETTIMEOFDAY -I/home/janus/NTNU_ROV_COM/lib/janus-c-3.0.5/external/libraries/-bit-linux-glibc-gcc93/include -fPIC -std=c99 -Wall -Wshadow -pedantic -o CMakeFiles/cmTC_8c202.dir/src.c.o -c /home/janus/NTNU_ROV_COM/lib/janus-c-3.0.5/CMakeFiles/CMakeTmp/src.c
/home/janus/NTNU_ROV_COM/lib/janus-c-3.0.5/CMakeFiles/CMakeTmp/src.c: In function ‘main’:
/home/janus/NTNU_ROV_COM/lib/janus-c-3.0.5/CMakeFiles/CMakeTmp/src.c:5:17: error: storage size of ‘xx’ isn’t known
    5 | struct timezone xx;
      |                 ^~
/home/janus/NTNU_ROV_COM/lib/janus-c-3.0.5/CMakeFiles/CMakeTmp/src.c:7:6: warning: unused variable ‘rv’ [-Wunused-variable]
    7 |  int rv = gettimeofday(&x, &xx);
      |      ^~
/home/janus/NTNU_ROV_COM/lib/janus-c-3.0.5/CMakeFiles/CMakeTmp/src.c:5:17: warning: unused variable ‘xx’ [-Wunused-variable]
    5 | struct timezone xx;
      |                 ^~
make[1]: *** [CMakeFiles/cmTC_8c202.dir/build.make:78: CMakeFiles/cmTC_8c202.dir/src.c.o] Error 1
make[1]: Leaving directory '/home/janus/NTNU_ROV_COM/lib/janus-c-3.0.5/CMakeFiles/CMakeTmp'
make: *** [Makefile:127: cmTC_8c202/fast] Error 2


Source file was:
#include <sys/time.h>

int main(void) {
struct timeval x;
struct timezone xx;

 int rv = gettimeofday(&x, &xx);
return 0;
}

Performing C SOURCE FILE Test JANUS_SYS_HAS_GETADDRINFO failed with the following output:
Change Dir: /home/janus/NTNU_ROV_COM/lib/janus-c-3.0.5/CMakeFiles/CMakeTmp

Run Build Command(s):/usr/bin/make -f Makefile cmTC_72e67/fast && /usr/bin/make  -f CMakeFiles/cmTC_72e67.dir/build.make CMakeFiles/cmTC_72e67.dir/build
make[1]: Entering directory '/home/janus/NTNU_ROV_COM/lib/janus-c-3.0.5/CMakeFiles/CMakeTmp'
Building C object CMakeFiles/cmTC_72e67.dir/src.c.o
/usr/bin/cc -DJANUS_SYS_HAS_GETADDRINFO -I/home/janus/NTNU_ROV_COM/lib/janus-c-3.0.5/external/libraries/-bit-linux-glibc-gcc93/include -fPIC -std=c99 -Wall -Wshadow -pedantic -o CMakeFiles/cmTC_72e67.dir/src.c.o -c /home/janus/NTNU_ROV_COM/lib/janus-c-3.0.5/CMakeFiles/CMakeTmp/src.c
/home/janus/NTNU_ROV_COM/lib/janus-c-3.0.5/CMakeFiles/CMakeTmp/src.c: In function ‘main’:
/home/janus/NTNU_ROV_COM/lib/janus-c-3.0.5/CMakeFiles/CMakeTmp/src.c:8:17: error: storage size of ‘xxx’ isn’t known
    8 | struct addrinfo xxx;
      |                 ^~~
/home/janus/NTNU_ROV_COM/lib/janus-c-3.0.5/CMakeFiles/CMakeTmp/src.c:11:11: warning: implicit declaration of function ‘getaddrinfo’ [-Wimplicit-function-declaration]
   11 |  int rv = getaddrinfo(&x, &xx, &xxx, &xxxx);
      |           ^~~~~~~~~~~
/home/janus/NTNU_ROV_COM/lib/janus-c-3.0.5/CMakeFiles/CMakeTmp/src.c:11:6: warning: unused variable ‘rv’ [-Wunused-variable]
   11 |  int rv = getaddrinfo(&x, &xx, &xxx, &xxxx);
      |      ^~
/home/janus/NTNU_ROV_COM/lib/janus-c-3.0.5/CMakeFiles/CMakeTmp/src.c:8:17: warning: unused variable ‘xxx’ [-Wunused-variable]
    8 | struct addrinfo xxx;
      |                 ^~~
make[1]: *** [CMakeFiles/cmTC_72e67.dir/build.make:78: CMakeFiles/cmTC_72e67.dir/src.c.o] Error 1
make[1]: Leaving directory '/home/janus/NTNU_ROV_COM/lib/janus-c-3.0.5/CMakeFiles/CMakeTmp'
make: *** [Makefile:127: cmTC_72e67/fast] Error 2


Source file was:
#include <sys/types.h>
#include <sys/socket.h>
#include <netdb.h>

int main(void) {
char x;
char xx;
struct addrinfo xxx;
struct addrinfo* xxxx;

 int rv = getaddrinfo(&x, &xx, &xxx, &xxxx);
return 0;
}

Performing C SOURCE FILE Test JANUS_SYS_HAS_STATFS64_DARWIN_LINUX failed with the following output:
Change Dir: /home/janus/NTNU_ROV_COM/lib/janus-c-3.0.5/CMakeFiles/CMakeTmp

Run Build Command(s):/usr/bin/make -f Makefile cmTC_03435/fast && /usr/bin/make  -f CMakeFiles/cmTC_03435.dir/build.make CMakeFiles/cmTC_03435.dir/build
make[1]: Entering directory '/home/janus/NTNU_ROV_COM/lib/janus-c-3.0.5/CMakeFiles/CMakeTmp'
Building C object CMakeFiles/cmTC_03435.dir/src.c.o
/usr/bin/cc -DJANUS_SYS_HAS_STATFS64_DARWIN_LINUX -I/home/janus/NTNU_ROV_COM/lib/janus-c-3.0.5/external/libraries/-bit-linux-glibc-gcc93/include -fPIC -std=c99 -Wall -Wshadow -pedantic -o CMakeFiles/cmTC_03435.dir/src.c.o -c /home/janus/NTNU_ROV_COM/lib/janus-c-3.0.5/CMakeFiles/CMakeTmp/src.c
/home/janus/NTNU_ROV_COM/lib/janus-c-3.0.5/CMakeFiles/CMakeTmp/src.c: In function ‘main’:
/home/janus/NTNU_ROV_COM/lib/janus-c-3.0.5/CMakeFiles/CMakeTmp/src.c:7:17: error: storage size of ‘xx’ isn’t known
    7 | struct statfs64 xx;
      |                 ^~
/home/janus/NTNU_ROV_COM/lib/janus-c-3.0.5/CMakeFiles/CMakeTmp/src.c:9:11: warning: implicit declaration of function ‘statfs64’; did you mean ‘statfs’? [-Wimplicit-function-declaration]
    9 |  int rv = statfs64(&x, &xx);
      |           ^~~~~~~~
      |           statfs
/home/janus/NTNU_ROV_COM/lib/janus-c-3.0.5/CMakeFiles/CMakeTmp/src.c:9:6: warning: unused variable ‘rv’ [-Wunused-variable]
    9 |  int rv = statfs64(&x, &xx);
      |      ^~
/home/janus/NTNU_ROV_COM/lib/janus-c-3.0.5/CMakeFiles/CMakeTmp/src.c:7:17: warning: unused variable ‘xx’ [-Wunused-variable]
    7 | struct statfs64 xx;
      |                 ^~
make[1]: *** [CMakeFiles/cmTC_03435.dir/build.make:78: CMakeFiles/cmTC_03435.dir/src.c.o] Error 1
make[1]: Leaving directory '/home/janus/NTNU_ROV_COM/lib/janus-c-3.0.5/CMakeFiles/CMakeTmp'
make: *** [Makefile:127: cmTC_03435/fast] Error 2


Source file was:
#include <sys/param.h>
#include <sys/mount.h>
#include <sys/vfs.h>

int main(void) {
char x;
struct statfs64 xx;

 int rv = statfs64(&x, &xx);
return 0;
}

Performing C SOURCE FILE Test JANUS_SYS_HAS_CREATE_DIRECTORY failed with the following output:
Change Dir: /home/janus/NTNU_ROV_COM/lib/janus-c-3.0.5/CMakeFiles/CMakeTmp

Run Build Command(s):/usr/bin/make -f Makefile cmTC_ab60b/fast && /usr/bin/make  -f CMakeFiles/cmTC_ab60b.dir/build.make CMakeFiles/cmTC_ab60b.dir/build
make[1]: Entering directory '/home/janus/NTNU_ROV_COM/lib/janus-c-3.0.5/CMakeFiles/CMakeTmp'
Building C object CMakeFiles/cmTC_ab60b.dir/src.c.o
/usr/bin/cc -DJANUS_SYS_HAS_CREATE_DIRECTORY -I/home/janus/NTNU_ROV_COM/lib/janus-c-3.0.5/external/libraries/-bit-linux-glibc-gcc93/include -fPIC -std=c99 -Wall -Wshadow -pedantic -o CMakeFiles/cmTC_ab60b.dir/src.c.o -c /home/janus/NTNU_ROV_COM/lib/janus-c-3.0.5/CMakeFiles/CMakeTmp/src.c
/home/janus/NTNU_ROV_COM/lib/janus-c-3.0.5/CMakeFiles/CMakeTmp/src.c: In function ‘main’:
/home/janus/NTNU_ROV_COM/lib/janus-c-3.0.5/CMakeFiles/CMakeTmp/src.c:3:1: error: unknown type name ‘LPCTSTR’
    3 | LPCTSTR x;
      | ^~~~~~~
/home/janus/NTNU_ROV_COM/lib/janus-c-3.0.5/CMakeFiles/CMakeTmp/src.c:4:1: error: unknown type name ‘LPSECURITY_ATTRIBUTES’
    4 | LPSECURITY_ATTRIBUTES xx;
      | ^~~~~~~~~~~~~~~~~~~~~
/home/janus/NTNU_ROV_COM/lib/janus-c-3.0.5/CMakeFiles/CMakeTmp/src.c:6:2: error: unknown type name ‘BOOL’
    6 |  BOOL rv = CreateDirectory(x, xx);
      |  ^~~~
/home/janus/NTNU_ROV_COM/lib/janus-c-3.0.5/CMakeFiles/CMakeTmp/src.c:6:12: warning: implicit declaration of function ‘CreateDirectory’ [-Wimplicit-function-declaration]
    6 |  BOOL rv = CreateDirectory(x, xx);
      |            ^~~~~~~~~~~~~~~
/home/janus/NTNU_ROV_COM/lib/janus-c-3.0.5/CMakeFiles/CMakeTmp/src.c:6:7: warning: unused variable ‘rv’ [-Wunused-variable]
    6 |  BOOL rv = CreateDirectory(x, xx);
      |       ^~
make[1]: *** [CMakeFiles/cmTC_ab60b.dir/build.make:78: CMakeFiles/cmTC_ab60b.dir/src.c.o] Error 1
make[1]: Leaving directory '/home/janus/NTNU_ROV_COM/lib/janus-c-3.0.5/CMakeFiles/CMakeTmp'
make: *** [Makefile:127: cmTC_ab60b/fast] Error 2


Source file was:

int main(void) {
LPCTSTR x;
LPSECURITY_ATTRIBUTES xx;

 BOOL rv = CreateDirectory(x, xx);
return 0;
}

Performing C SOURCE FILE Test JANUS_SYS_HAS_SETTIMEOFDAY failed with the following output:
Change Dir: /home/janus/NTNU_ROV_COM/lib/janus-c-3.0.5/CMakeFiles/CMakeTmp

Run Build Command(s):/usr/bin/make -f Makefile cmTC_6aee3/fast && /usr/bin/make  -f CMakeFiles/cmTC_6aee3.dir/build.make CMakeFiles/cmTC_6aee3.dir/build
make[1]: Entering directory '/home/janus/NTNU_ROV_COM/lib/janus-c-3.0.5/CMakeFiles/CMakeTmp'
Building C object CMakeFiles/cmTC_6aee3.dir/src.c.o
/usr/bin/cc -DJANUS_SYS_HAS_SETTIMEOFDAY -I/home/janus/NTNU_ROV_COM/lib/janus-c-3.0.5/external/libraries/-bit-linux-glibc-gcc93/include -fPIC -std=c99 -Wall -Wshadow -pedantic -o CMakeFiles/cmTC_6aee3.dir/src.c.o -c /home/janus/NTNU_ROV_COM/lib/janus-c-3.0.5/CMakeFiles/CMakeTmp/src.c
/home/janus/NTNU_ROV_COM/lib/janus-c-3.0.5/CMakeFiles/CMakeTmp/src.c: In function ‘main’:
/home/janus/NTNU_ROV_COM/lib/janus-c-3.0.5/CMakeFiles/CMakeTmp/src.c:5:17: error: storage size of ‘xx’ isn’t known
    5 | struct timezone xx;
      |                 ^~
/home/janus/NTNU_ROV_COM/lib/janus-c-3.0.5/CMakeFiles/CMakeTmp/src.c:7:11: warning: implicit declaration of function ‘settimeofday’; did you mean ‘gettimeofday’? [-Wimplicit-function-declaration]
    7 |  int rv = settimeofday(&x, &xx);
      |           ^~~~~~~~~~~~
      |           gettimeofday
/home/janus/NTNU_ROV_COM/lib/janus-c-3.0.5/CMakeFiles/CMakeTmp/src.c:7:6: warning: unused variable ‘rv’ [-Wunused-variable]
    7 |  int rv = settimeofday(&x, &xx);
      |      ^~
/home/janus/NTNU_ROV_COM/lib/janus-c-3.0.5/CMakeFiles/CMakeTmp/src.c:5:17: warning: unused variable ‘xx’ [-Wunused-variable]
    5 | struct timezone xx;
      |                 ^~
make[1]: *** [CMakeFiles/cmTC_6aee3.dir/build.make:78: CMakeFiles/cmTC_6aee3.dir/src.c.o] Error 1
make[1]: Leaving directory '/home/janus/NTNU_ROV_COM/lib/janus-c-3.0.5/CMakeFiles/CMakeTmp'
make: *** [Makefile:127: cmTC_6aee3/fast] Error 2


Source file was:
#include <sys/time.h>

int main(void) {
struct timeval x;
struct timezone xx;

 int rv = settimeofday(&x, &xx);
return 0;
}

Performing C SOURCE FILE Test JANUS_SYS_HAS_WSA_STARTUP failed with the following output:
Change Dir: /home/janus/NTNU_ROV_COM/lib/janus-c-3.0.5/CMakeFiles/CMakeTmp

Run Build Command(s):/usr/bin/make -f Makefile cmTC_c3330/fast && /usr/bin/make  -f CMakeFiles/cmTC_c3330.dir/build.make CMakeFiles/cmTC_c3330.dir/build
make[1]: Entering directory '/home/janus/NTNU_ROV_COM/lib/janus-c-3.0.5/CMakeFiles/CMakeTmp'
Building C object CMakeFiles/cmTC_c3330.dir/src.c.o
/usr/bin/cc -DJANUS_SYS_HAS_WSA_STARTUP -I/home/janus/NTNU_ROV_COM/lib/janus-c-3.0.5/external/libraries/-bit-linux-glibc-gcc93/include -fPIC -std=c99 -Wall -Wshadow -pedantic -o CMakeFiles/cmTC_c3330.dir/src.c.o -c /home/janus/NTNU_ROV_COM/lib/janus-c-3.0.5/CMakeFiles/CMakeTmp/src.c
/home/janus/NTNU_ROV_COM/lib/janus-c-3.0.5/CMakeFiles/CMakeTmp/src.c: In function ‘main’:
/home/janus/NTNU_ROV_COM/lib/janus-c-3.0.5/CMakeFiles/CMakeTmp/src.c:3:1: error: unknown type name ‘WORD’
    3 | WORD x;
      | ^~~~
/home/janus/NTNU_ROV_COM/lib/janus-c-3.0.5/CMakeFiles/CMakeTmp/src.c:4:1: error: unknown type name ‘WSADATA’
    4 | WSADATA xx;
      | ^~~~~~~
/home/janus/NTNU_ROV_COM/lib/janus-c-3.0.5/CMakeFiles/CMakeTmp/src.c:6:11: warning: implicit declaration of function ‘WSAStartup’ [-Wimplicit-function-declaration]
    6 |  int rv = WSAStartup(x, &xx);
      |           ^~~~~~~~~~
/home/janus/NTNU_ROV_COM/lib/janus-c-3.0.5/CMakeFiles/CMakeTmp/src.c:6:6: warning: unused variable ‘rv’ [-Wunused-variable]
    6 |  int rv = WSAStartup(x, &xx);
      |      ^~
make[1]: *** [CMakeFiles/cmTC_c3330.dir/build.make:78: CMakeFiles/cmTC_c3330.dir/src.c.o] Error 1
make[1]: Leaving directory '/home/janus/NTNU_ROV_COM/lib/janus-c-3.0.5/CMakeFiles/CMakeTmp'
make: *** [Makefile:127: cmTC_c3330/fast] Error 2


Source file was:

int main(void) {
WORD x;
WSADATA xx;

 int rv = WSAStartup(x, &xx);
return 0;
}

Performing C SOURCE FILE Test JANUS_SYS_HAS_WSA_CLEANUP failed with the following output:
Change Dir: /home/janus/NTNU_ROV_COM/lib/janus-c-3.0.5/CMakeFiles/CMakeTmp

Run Build Command(s):/usr/bin/make -f Makefile cmTC_df76e/fast && /usr/bin/make  -f CMakeFiles/cmTC_df76e.dir/build.make CMakeFiles/cmTC_df76e.dir/build
make[1]: Entering directory '/home/janus/NTNU_ROV_COM/lib/janus-c-3.0.5/CMakeFiles/CMakeTmp'
Building C object CMakeFiles/cmTC_df76e.dir/src.c.o
/usr/bin/cc -DJANUS_SYS_HAS_WSA_CLEANUP -I/home/janus/NTNU_ROV_COM/lib/janus-c-3.0.5/external/libraries/-bit-linux-glibc-gcc93/include -fPIC -std=c99 -Wall -Wshadow -pedantic -o CMakeFiles/cmTC_df76e.dir/src.c.o -c /home/janus/NTNU_ROV_COM/lib/janus-c-3.0.5/CMakeFiles/CMakeTmp/src.c
/home/janus/NTNU_ROV_COM/lib/janus-c-3.0.5/CMakeFiles/CMakeTmp/src.c: In function ‘main’:
/home/janus/NTNU_ROV_COM/lib/janus-c-3.0.5/CMakeFiles/CMakeTmp/src.c:4:11: warning: implicit declaration of function ‘WSACleanup’ [-Wimplicit-function-declaration]
    4 |  int rv = WSACleanup();
      |           ^~~~~~~~~~
/home/janus/NTNU_ROV_COM/lib/janus-c-3.0.5/CMakeFiles/CMakeTmp/src.c:4:6: warning: unused variable ‘rv’ [-Wunused-variable]
    4 |  int rv = WSACleanup();
      |      ^~
Linking C executable cmTC_df76e
/snap/cmake/1009/bin/cmake -E cmake_link_script CMakeFiles/cmTC_df76e.dir/link.txt --verbose=1
/usr/bin/cc  -fPIC -std=c99 -Wall -Wshadow -pedantic -rdynamic CMakeFiles/cmTC_df76e.dir/src.c.o -o cmTC_df76e  -lrt -lpthread -lm -lnsl -ldl 
/usr/bin/ld: CMakeFiles/cmTC_df76e.dir/src.c.o: in function `main':
src.c:(.text+0x8): undefined reference to `WSACleanup'
collect2: error: ld returned 1 exit status
make[1]: *** [CMakeFiles/cmTC_df76e.dir/build.make:99: cmTC_df76e] Error 1
make[1]: Leaving directory '/home/janus/NTNU_ROV_COM/lib/janus-c-3.0.5/CMakeFiles/CMakeTmp'
make: *** [Makefile:127: cmTC_df76e/fast] Error 2


Source file was:

int main(void) {

 int rv = WSACleanup();
return 0;
}

Performing C SOURCE FILE Test JANUS_SYS_HAS_WSA_STRING_TO_ADDRESS failed with the following output:
Change Dir: /home/janus/NTNU_ROV_COM/lib/janus-c-3.0.5/CMakeFiles/CMakeTmp

Run Build Command(s):/usr/bin/make -f Makefile cmTC_c0544/fast && /usr/bin/make  -f CMakeFiles/cmTC_c0544.dir/build.make CMakeFiles/cmTC_c0544.dir/build
make[1]: Entering directory '/home/janus/NTNU_ROV_COM/lib/janus-c-3.0.5/CMakeFiles/CMakeTmp'
Building C object CMakeFiles/cmTC_c0544.dir/src.c.o
/usr/bin/cc -DJANUS_SYS_HAS_WSA_STRING_TO_ADDRESS -I/home/janus/NTNU_ROV_COM/lib/janus-c-3.0.5/external/libraries/-bit-linux-glibc-gcc93/include -fPIC -std=c99 -Wall -Wshadow -pedantic -o CMakeFiles/cmTC_c0544.dir/src.c.o -c /home/janus/NTNU_ROV_COM/lib/janus-c-3.0.5/CMakeFiles/CMakeTmp/src.c
/home/janus/NTNU_ROV_COM/lib/janus-c-3.0.5/CMakeFiles/CMakeTmp/src.c: In function ‘main’:
/home/janus/NTNU_ROV_COM/lib/janus-c-3.0.5/CMakeFiles/CMakeTmp/src.c:5:1: error: unknown type name ‘WSAPROTOCOL_INFO’
    5 | WSAPROTOCOL_INFO xxx;
      | ^~~~~~~~~~~~~~~~
/home/janus/NTNU_ROV_COM/lib/janus-c-3.0.5/CMakeFiles/CMakeTmp/src.c:6:1: error: unknown type name ‘SOCKADDR’
    6 | SOCKADDR xxxx;
      | ^~~~~~~~
/home/janus/NTNU_ROV_COM/lib/janus-c-3.0.5/CMakeFiles/CMakeTmp/src.c:9:11: warning: implicit declaration of function ‘WSAStringToAddress’ [-Wimplicit-function-declaration]
    9 |  int rv = WSAStringToAddress(&x, xx, &xxx, &xxxx, &xxxxx);
      |           ^~~~~~~~~~~~~~~~~~
/home/janus/NTNU_ROV_COM/lib/janus-c-3.0.5/CMakeFiles/CMakeTmp/src.c:9:6: warning: unused variable ‘rv’ [-Wunused-variable]
    9 |  int rv = WSAStringToAddress(&x, xx, &xxx, &xxxx, &xxxxx);
      |      ^~
make[1]: *** [CMakeFiles/cmTC_c0544.dir/build.make:78: CMakeFiles/cmTC_c0544.dir/src.c.o] Error 1
make[1]: Leaving directory '/home/janus/NTNU_ROV_COM/lib/janus-c-3.0.5/CMakeFiles/CMakeTmp'
make: *** [Makefile:127: cmTC_c0544/fast] Error 2


Source file was:

int main(void) {
char x;
int xx;
WSAPROTOCOL_INFO xxx;
SOCKADDR xxxx;
int xxxxx;

 int rv = WSAStringToAddress(&x, xx, &xxx, &xxxx, &xxxxx);
return 0;
}

Performing C SOURCE FILE Test JANUS_SYS_HAS_WSA_IOCTL failed with the following output:
Change Dir: /home/janus/NTNU_ROV_COM/lib/janus-c-3.0.5/CMakeFiles/CMakeTmp

Run Build Command(s):/usr/bin/make -f Makefile cmTC_4c3dd/fast && /usr/bin/make  -f CMakeFiles/cmTC_4c3dd.dir/build.make CMakeFiles/cmTC_4c3dd.dir/build
make[1]: Entering directory '/home/janus/NTNU_ROV_COM/lib/janus-c-3.0.5/CMakeFiles/CMakeTmp'
Building C object CMakeFiles/cmTC_4c3dd.dir/src.c.o
/usr/bin/cc -DJANUS_SYS_HAS_WSA_IOCTL -I/home/janus/NTNU_ROV_COM/lib/janus-c-3.0.5/external/libraries/-bit-linux-glibc-gcc93/include -fPIC -std=c99 -Wall -Wshadow -pedantic -o CMakeFiles/cmTC_4c3dd.dir/src.c.o -c /home/janus/NTNU_ROV_COM/lib/janus-c-3.0.5/CMakeFiles/CMakeTmp/src.c
/home/janus/NTNU_ROV_COM/lib/janus-c-3.0.5/CMakeFiles/CMakeTmp/src.c: In function ‘main’:
/home/janus/NTNU_ROV_COM/lib/janus-c-3.0.5/CMakeFiles/CMakeTmp/src.c:3:1: error: unknown type name ‘SOCKET’
    3 | SOCKET x;
      | ^~~~~~
/home/janus/NTNU_ROV_COM/lib/janus-c-3.0.5/CMakeFiles/CMakeTmp/src.c:4:1: error: unknown type name ‘DWORD’
    4 | DWORD xx;
      | ^~~~~
/home/janus/NTNU_ROV_COM/lib/janus-c-3.0.5/CMakeFiles/CMakeTmp/src.c:6:1: error: unknown type name ‘DWORD’
    6 | DWORD xxxx;
      | ^~~~~
/home/janus/NTNU_ROV_COM/lib/janus-c-3.0.5/CMakeFiles/CMakeTmp/src.c:8:1: error: unknown type name ‘DWORD’
    8 | DWORD xxxxxx;
      | ^~~~~
/home/janus/NTNU_ROV_COM/lib/janus-c-3.0.5/CMakeFiles/CMakeTmp/src.c:9:1: error: unknown type name ‘LPDWORD’
    9 | LPDWORD xxxxxxx;
      | ^~~~~~~
/home/janus/NTNU_ROV_COM/lib/janus-c-3.0.5/CMakeFiles/CMakeTmp/src.c:10:1: error: unknown type name ‘LPWSAOVERLAPPED’
   10 | LPWSAOVERLAPPED xxxxxxxx;
      | ^~~~~~~~~~~~~~~
/home/janus/NTNU_ROV_COM/lib/janus-c-3.0.5/CMakeFiles/CMakeTmp/src.c:11:1: error: unknown type name ‘LPWSAOVERLAPPED_COMPLETION_ROUTINE’
   11 | LPWSAOVERLAPPED_COMPLETION_ROUTINE xxxxxxxxx;
      | ^~~~~~~~~~~~~~~~~~~~~~~~~~~~~~~~~~
/home/janus/NTNU_ROV_COM/lib/janus-c-3.0.5/CMakeFiles/CMakeTmp/src.c:13:11: warning: implicit declaration of function ‘WSAIoctl’ [-Wimplicit-function-declaration]
   13 |  int rv = WSAIoctl(x, xx, &xxx, xxxx, &xxxxx, xxxxxx, xxxxxxx, xxxxxxxx, xxxxxxxxx);
      |           ^~~~~~~~
/home/janus/NTNU_ROV_COM/lib/janus-c-3.0.5/CMakeFiles/CMakeTmp/src.c:13:6: warning: unused variable ‘rv’ [-Wunused-variable]
   13 |  int rv = WSAIoctl(x, xx, &xxx, xxxx, &xxxxx, xxxxxx, xxxxxxx, xxxxxxxx, xxxxxxxxx);
      |      ^~
make[1]: *** [CMakeFiles/cmTC_4c3dd.dir/build.make:78: CMakeFiles/cmTC_4c3dd.dir/src.c.o] Error 1
make[1]: Leaving directory '/home/janus/NTNU_ROV_COM/lib/janus-c-3.0.5/CMakeFiles/CMakeTmp'
make: *** [Makefile:127: cmTC_4c3dd/fast] Error 2


Source file was:

int main(void) {
SOCKET x;
DWORD xx;
char xxx;
DWORD xxxx;
char xxxxx;
DWORD xxxxxx;
LPDWORD xxxxxxx;
LPWSAOVERLAPPED xxxxxxxx;
LPWSAOVERLAPPED_COMPLETION_ROUTINE xxxxxxxxx;

 int rv = WSAIoctl(x, xx, &xxx, xxxx, &xxxxx, xxxxxx, xxxxxxx, xxxxxxxx, xxxxxxxxx);
return 0;
}

Performing C SOURCE FILE Test JANUS_SYS_HAS_GNU_STRERROR_R failed with the following output:
Change Dir: /home/janus/NTNU_ROV_COM/lib/janus-c-3.0.5/CMakeFiles/CMakeTmp

Run Build Command(s):/usr/bin/make -f Makefile cmTC_0e8b0/fast && /usr/bin/make  -f CMakeFiles/cmTC_0e8b0.dir/build.make CMakeFiles/cmTC_0e8b0.dir/build
make[1]: Entering directory '/home/janus/NTNU_ROV_COM/lib/janus-c-3.0.5/CMakeFiles/CMakeTmp'
Building C object CMakeFiles/cmTC_0e8b0.dir/src.c.o
/usr/bin/cc -DJANUS_SYS_HAS_GNU_STRERROR_R -I/home/janus/NTNU_ROV_COM/lib/janus-c-3.0.5/external/libraries/-bit-linux-glibc-gcc93/include -fPIC -std=c99 -Wall -Wshadow -pedantic -o CMakeFiles/cmTC_0e8b0.dir/src.c.o -c /home/janus/NTNU_ROV_COM/lib/janus-c-3.0.5/CMakeFiles/CMakeTmp/src.c
/home/janus/NTNU_ROV_COM/lib/janus-c-3.0.5/CMakeFiles/CMakeTmp/src.c: In function ‘main’:
/home/janus/NTNU_ROV_COM/lib/janus-c-3.0.5/CMakeFiles/CMakeTmp/src.c:5:1: error: unknown type name ‘size_t’
    5 | size_t xxx;
      | ^~~~~~
/home/janus/NTNU_ROV_COM/lib/janus-c-3.0.5/CMakeFiles/CMakeTmp/src.c:1:1: note: ‘size_t’ is defined in header ‘<stddef.h>’; did you forget to ‘#include <stddef.h>’?
  +++ |+#include <stddef.h>
    1 | 
/home/janus/NTNU_ROV_COM/lib/janus-c-3.0.5/CMakeFiles/CMakeTmp/src.c:7:13: warning: implicit declaration of function ‘strerror_r’ [-Wimplicit-function-declaration]
    7 |  char* rv = strerror_r(x, &xx, xxx);
      |             ^~~~~~~~~~
/home/janus/NTNU_ROV_COM/lib/janus-c-3.0.5/CMakeFiles/CMakeTmp/src.c:7:13: warning: initialization of ‘char *’ from ‘int’ makes pointer from integer without a cast [-Wint-conversion]
/home/janus/NTNU_ROV_COM/lib/janus-c-3.0.5/CMakeFiles/CMakeTmp/src.c:7:8: warning: unused variable ‘rv’ [-Wunused-variable]
    7 |  char* rv = strerror_r(x, &xx, xxx);
      |        ^~
make[1]: *** [CMakeFiles/cmTC_0e8b0.dir/build.make:78: CMakeFiles/cmTC_0e8b0.dir/src.c.o] Error 1
make[1]: Leaving directory '/home/janus/NTNU_ROV_COM/lib/janus-c-3.0.5/CMakeFiles/CMakeTmp'
make: *** [Makefile:127: cmTC_0e8b0/fast] Error 2


Source file was:

int main(void) {
int x;
char xx;
size_t xxx;

 char* rv = strerror_r(x, &xx, xxx);
return 0;
}

Performing C SOURCE FILE Test JANUS_SYS_HAS_POSIX_STRERROR_R failed with the following output:
Change Dir: /home/janus/NTNU_ROV_COM/lib/janus-c-3.0.5/CMakeFiles/CMakeTmp

Run Build Command(s):/usr/bin/make -f Makefile cmTC_d6668/fast && /usr/bin/make  -f CMakeFiles/cmTC_d6668.dir/build.make CMakeFiles/cmTC_d6668.dir/build
make[1]: Entering directory '/home/janus/NTNU_ROV_COM/lib/janus-c-3.0.5/CMakeFiles/CMakeTmp'
Building C object CMakeFiles/cmTC_d6668.dir/src.c.o
/usr/bin/cc -DJANUS_SYS_HAS_POSIX_STRERROR_R -I/home/janus/NTNU_ROV_COM/lib/janus-c-3.0.5/external/libraries/-bit-linux-glibc-gcc93/include -fPIC -std=c99 -Wall -Wshadow -pedantic -o CMakeFiles/cmTC_d6668.dir/src.c.o -c /home/janus/NTNU_ROV_COM/lib/janus-c-3.0.5/CMakeFiles/CMakeTmp/src.c
/home/janus/NTNU_ROV_COM/lib/janus-c-3.0.5/CMakeFiles/CMakeTmp/src.c: In function ‘main’:
/home/janus/NTNU_ROV_COM/lib/janus-c-3.0.5/CMakeFiles/CMakeTmp/src.c:5:1: error: unknown type name ‘size_t’
    5 | size_t xxx;
      | ^~~~~~
/home/janus/NTNU_ROV_COM/lib/janus-c-3.0.5/CMakeFiles/CMakeTmp/src.c:1:1: note: ‘size_t’ is defined in header ‘<stddef.h>’; did you forget to ‘#include <stddef.h>’?
  +++ |+#include <stddef.h>
    1 | 
/home/janus/NTNU_ROV_COM/lib/janus-c-3.0.5/CMakeFiles/CMakeTmp/src.c:7:11: warning: implicit declaration of function ‘strerror_r’ [-Wimplicit-function-declaration]
    7 |  int rv = strerror_r(x, &xx, xxx);
      |           ^~~~~~~~~~
/home/janus/NTNU_ROV_COM/lib/janus-c-3.0.5/CMakeFiles/CMakeTmp/src.c:7:6: warning: unused variable ‘rv’ [-Wunused-variable]
    7 |  int rv = strerror_r(x, &xx, xxx);
      |      ^~
make[1]: *** [CMakeFiles/cmTC_d6668.dir/build.make:78: CMakeFiles/cmTC_d6668.dir/src.c.o] Error 1
make[1]: Leaving directory '/home/janus/NTNU_ROV_COM/lib/janus-c-3.0.5/CMakeFiles/CMakeTmp'
make: *** [Makefile:127: cmTC_d6668/fast] Error 2


Source file was:

int main(void) {
int x;
char xx;
size_t xxx;

 int rv = strerror_r(x, &xx, xxx);
return 0;
}

Performing C SOURCE FILE Test JANUS_SYS_HAS_CREATE_FILE failed with the following output:
Change Dir: /home/janus/NTNU_ROV_COM/lib/janus-c-3.0.5/CMakeFiles/CMakeTmp

Run Build Command(s):/usr/bin/make -f Makefile cmTC_5282a/fast && /usr/bin/make  -f CMakeFiles/cmTC_5282a.dir/build.make CMakeFiles/cmTC_5282a.dir/build
make[1]: Entering directory '/home/janus/NTNU_ROV_COM/lib/janus-c-3.0.5/CMakeFiles/CMakeTmp'
Building C object CMakeFiles/cmTC_5282a.dir/src.c.o
/usr/bin/cc -DJANUS_SYS_HAS_CREATE_FILE -I/home/janus/NTNU_ROV_COM/lib/janus-c-3.0.5/external/libraries/-bit-linux-glibc-gcc93/include -fPIC -std=c99 -Wall -Wshadow -pedantic -o CMakeFiles/cmTC_5282a.dir/src.c.o -c /home/janus/NTNU_ROV_COM/lib/janus-c-3.0.5/CMakeFiles/CMakeTmp/src.c
/home/janus/NTNU_ROV_COM/lib/janus-c-3.0.5/CMakeFiles/CMakeTmp/src.c: In function ‘main’:
/home/janus/NTNU_ROV_COM/lib/janus-c-3.0.5/CMakeFiles/CMakeTmp/src.c:3:1: error: unknown type name ‘LPCSTR’
    3 | LPCSTR x;
      | ^~~~~~
/home/janus/NTNU_ROV_COM/lib/janus-c-3.0.5/CMakeFiles/CMakeTmp/src.c:4:1: error: unknown type name ‘DWORD’
    4 | DWORD xx;
      | ^~~~~
/home/janus/NTNU_ROV_COM/lib/janus-c-3.0.5/CMakeFiles/CMakeTmp/src.c:5:1: error: unknown type name ‘DWORD’
    5 | DWORD xxx;
      | ^~~~~
/home/janus/NTNU_ROV_COM/lib/janus-c-3.0.5/CMakeFiles/CMakeTmp/src.c:6:1: error: unknown type name ‘SECURITY_ATTRIBUTES’
    6 | SECURITY_ATTRIBUTES xxxx;
      | ^~~~~~~~~~~~~~~~~~~
/home/janus/NTNU_ROV_COM/lib/janus-c-3.0.5/CMakeFiles/CMakeTmp/src.c:7:1: error: unknown type name ‘DWORD’
    7 | DWORD xxxxx;
      | ^~~~~
/home/janus/NTNU_ROV_COM/lib/janus-c-3.0.5/CMakeFiles/CMakeTmp/src.c:8:1: error: unknown type name ‘DWORD’
    8 | DWORD xxxxxx;
      | ^~~~~
/home/janus/NTNU_ROV_COM/lib/janus-c-3.0.5/CMakeFiles/CMakeTmp/src.c:9:1: error: unknown type name ‘HANDLE’
    9 | HANDLE xxxxxxx;
      | ^~~~~~
/home/janus/NTNU_ROV_COM/lib/janus-c-3.0.5/CMakeFiles/CMakeTmp/src.c:11:2: error: unknown type name ‘HANDLE’
   11 |  HANDLE rv = CreateFile(x, xx, xxx, &xxxx, xxxxx, xxxxxx, xxxxxxx);
      |  ^~~~~~
/home/janus/NTNU_ROV_COM/lib/janus-c-3.0.5/CMakeFiles/CMakeTmp/src.c:11:14: warning: implicit declaration of function ‘CreateFile’ [-Wimplicit-function-declaration]
   11 |  HANDLE rv = CreateFile(x, xx, xxx, &xxxx, xxxxx, xxxxxx, xxxxxxx);
      |              ^~~~~~~~~~
/home/janus/NTNU_ROV_COM/lib/janus-c-3.0.5/CMakeFiles/CMakeTmp/src.c:11:9: warning: unused variable ‘rv’ [-Wunused-variable]
   11 |  HANDLE rv = CreateFile(x, xx, xxx, &xxxx, xxxxx, xxxxxx, xxxxxxx);
      |         ^~
make[1]: *** [CMakeFiles/cmTC_5282a.dir/build.make:78: CMakeFiles/cmTC_5282a.dir/src.c.o] Error 1
make[1]: Leaving directory '/home/janus/NTNU_ROV_COM/lib/janus-c-3.0.5/CMakeFiles/CMakeTmp'
make: *** [Makefile:127: cmTC_5282a/fast] Error 2


Source file was:

int main(void) {
LPCSTR x;
DWORD xx;
DWORD xxx;
SECURITY_ATTRIBUTES xxxx;
DWORD xxxxx;
DWORD xxxxxx;
HANDLE xxxxxxx;

 HANDLE rv = CreateFile(x, xx, xxx, &xxxx, xxxxx, xxxxxx, xxxxxxx);
return 0;
}

Performing C SOURCE FILE Test JANUS_SYS_HAS_READ_FILE failed with the following output:
Change Dir: /home/janus/NTNU_ROV_COM/lib/janus-c-3.0.5/CMakeFiles/CMakeTmp

Run Build Command(s):/usr/bin/make -f Makefile cmTC_a3362/fast && /usr/bin/make  -f CMakeFiles/cmTC_a3362.dir/build.make CMakeFiles/cmTC_a3362.dir/build
make[1]: Entering directory '/home/janus/NTNU_ROV_COM/lib/janus-c-3.0.5/CMakeFiles/CMakeTmp'
Building C object CMakeFiles/cmTC_a3362.dir/src.c.o
/usr/bin/cc -DJANUS_SYS_HAS_READ_FILE -I/home/janus/NTNU_ROV_COM/lib/janus-c-3.0.5/external/libraries/-bit-linux-glibc-gcc93/include -fPIC -std=c99 -Wall -Wshadow -pedantic -o CMakeFiles/cmTC_a3362.dir/src.c.o -c /home/janus/NTNU_ROV_COM/lib/janus-c-3.0.5/CMakeFiles/CMakeTmp/src.c
/home/janus/NTNU_ROV_COM/lib/janus-c-3.0.5/CMakeFiles/CMakeTmp/src.c: In function ‘main’:
/home/janus/NTNU_ROV_COM/lib/janus-c-3.0.5/CMakeFiles/CMakeTmp/src.c:3:1: error: unknown type name ‘HANDLE’
    3 | HANDLE x;
      | ^~~~~~
/home/janus/NTNU_ROV_COM/lib/janus-c-3.0.5/CMakeFiles/CMakeTmp/src.c:4:1: error: unknown type name ‘LPVOID’
    4 | LPVOID xx;
      | ^~~~~~
/home/janus/NTNU_ROV_COM/lib/janus-c-3.0.5/CMakeFiles/CMakeTmp/src.c:5:1: error: unknown type name ‘DWORD’
    5 | DWORD xxx;
      | ^~~~~
/home/janus/NTNU_ROV_COM/lib/janus-c-3.0.5/CMakeFiles/CMakeTmp/src.c:6:1: error: unknown type name ‘DWORD’
    6 | DWORD xxxx;
      | ^~~~~
/home/janus/NTNU_ROV_COM/lib/janus-c-3.0.5/CMakeFiles/CMakeTmp/src.c:7:1: error: unknown type name ‘OVERLAPPED’
    7 | OVERLAPPED xxxxx;
      | ^~~~~~~~~~
/home/janus/NTNU_ROV_COM/lib/janus-c-3.0.5/CMakeFiles/CMakeTmp/src.c:9:2: error: unknown type name ‘BOOL’
    9 |  BOOL rv = ReadFile(x, xx, xxx, &xxxx, &xxxxx);
      |  ^~~~
/home/janus/NTNU_ROV_COM/lib/janus-c-3.0.5/CMakeFiles/CMakeTmp/src.c:9:12: warning: implicit declaration of function ‘ReadFile’ [-Wimplicit-function-declaration]
    9 |  BOOL rv = ReadFile(x, xx, xxx, &xxxx, &xxxxx);
      |            ^~~~~~~~
/home/janus/NTNU_ROV_COM/lib/janus-c-3.0.5/CMakeFiles/CMakeTmp/src.c:9:7: warning: unused variable ‘rv’ [-Wunused-variable]
    9 |  BOOL rv = ReadFile(x, xx, xxx, &xxxx, &xxxxx);
      |       ^~
make[1]: *** [CMakeFiles/cmTC_a3362.dir/build.make:78: CMakeFiles/cmTC_a3362.dir/src.c.o] Error 1
make[1]: Leaving directory '/home/janus/NTNU_ROV_COM/lib/janus-c-3.0.5/CMakeFiles/CMakeTmp'
make: *** [Makefile:127: cmTC_a3362/fast] Error 2


Source file was:

int main(void) {
HANDLE x;
LPVOID xx;
DWORD xxx;
DWORD xxxx;
OVERLAPPED xxxxx;

 BOOL rv = ReadFile(x, xx, xxx, &xxxx, &xxxxx);
return 0;
}

Performing C SOURCE FILE Test JANUS_SYS_HAS_WRITE_FILE failed with the following output:
Change Dir: /home/janus/NTNU_ROV_COM/lib/janus-c-3.0.5/CMakeFiles/CMakeTmp

Run Build Command(s):/usr/bin/make -f Makefile cmTC_9099f/fast && /usr/bin/make  -f CMakeFiles/cmTC_9099f.dir/build.make CMakeFiles/cmTC_9099f.dir/build
make[1]: Entering directory '/home/janus/NTNU_ROV_COM/lib/janus-c-3.0.5/CMakeFiles/CMakeTmp'
Building C object CMakeFiles/cmTC_9099f.dir/src.c.o
/usr/bin/cc -DJANUS_SYS_HAS_WRITE_FILE -I/home/janus/NTNU_ROV_COM/lib/janus-c-3.0.5/external/libraries/-bit-linux-glibc-gcc93/include -fPIC -std=c99 -Wall -Wshadow -pedantic -o CMakeFiles/cmTC_9099f.dir/src.c.o -c /home/janus/NTNU_ROV_COM/lib/janus-c-3.0.5/CMakeFiles/CMakeTmp/src.c
/home/janus/NTNU_ROV_COM/lib/janus-c-3.0.5/CMakeFiles/CMakeTmp/src.c: In function ‘main’:
/home/janus/NTNU_ROV_COM/lib/janus-c-3.0.5/CMakeFiles/CMakeTmp/src.c:3:1: error: unknown type name ‘HANDLE’
    3 | HANDLE x;
      | ^~~~~~
/home/janus/NTNU_ROV_COM/lib/janus-c-3.0.5/CMakeFiles/CMakeTmp/src.c:4:1: error: unknown type name ‘LPCVOID’
    4 | LPCVOID xx;
      | ^~~~~~~
/home/janus/NTNU_ROV_COM/lib/janus-c-3.0.5/CMakeFiles/CMakeTmp/src.c:5:1: error: unknown type name ‘DWORD’
    5 | DWORD xxx;
      | ^~~~~
/home/janus/NTNU_ROV_COM/lib/janus-c-3.0.5/CMakeFiles/CMakeTmp/src.c:6:1: error: unknown type name ‘DWORD’
    6 | DWORD xxxx;
      | ^~~~~
/home/janus/NTNU_ROV_COM/lib/janus-c-3.0.5/CMakeFiles/CMakeTmp/src.c:7:1: error: unknown type name ‘OVERLAPPED’
    7 | OVERLAPPED xxxxx;
      | ^~~~~~~~~~
/home/janus/NTNU_ROV_COM/lib/janus-c-3.0.5/CMakeFiles/CMakeTmp/src.c:9:2: error: unknown type name ‘BOOL’
    9 |  BOOL rv = WriteFile(x, xx, xxx, &xxxx, &xxxxx);
      |  ^~~~
/home/janus/NTNU_ROV_COM/lib/janus-c-3.0.5/CMakeFiles/CMakeTmp/src.c:9:12: warning: implicit declaration of function ‘WriteFile’ [-Wimplicit-function-declaration]
    9 |  BOOL rv = WriteFile(x, xx, xxx, &xxxx, &xxxxx);
      |            ^~~~~~~~~
/home/janus/NTNU_ROV_COM/lib/janus-c-3.0.5/CMakeFiles/CMakeTmp/src.c:9:7: warning: unused variable ‘rv’ [-Wunused-variable]
    9 |  BOOL rv = WriteFile(x, xx, xxx, &xxxx, &xxxxx);
      |       ^~
make[1]: *** [CMakeFiles/cmTC_9099f.dir/build.make:78: CMakeFiles/cmTC_9099f.dir/src.c.o] Error 1
make[1]: Leaving directory '/home/janus/NTNU_ROV_COM/lib/janus-c-3.0.5/CMakeFiles/CMakeTmp'
make: *** [Makefile:127: cmTC_9099f/fast] Error 2


Source file was:

int main(void) {
HANDLE x;
LPCVOID xx;
DWORD xxx;
DWORD xxxx;
OVERLAPPED xxxxx;

 BOOL rv = WriteFile(x, xx, xxx, &xxxx, &xxxxx);
return 0;
}

Performing C SOURCE FILE Test JANUS_SYS_HAS_GET_OVERLAPPED_RESULT failed with the following output:
Change Dir: /home/janus/NTNU_ROV_COM/lib/janus-c-3.0.5/CMakeFiles/CMakeTmp

Run Build Command(s):/usr/bin/make -f Makefile cmTC_867ac/fast && /usr/bin/make  -f CMakeFiles/cmTC_867ac.dir/build.make CMakeFiles/cmTC_867ac.dir/build
make[1]: Entering directory '/home/janus/NTNU_ROV_COM/lib/janus-c-3.0.5/CMakeFiles/CMakeTmp'
Building C object CMakeFiles/cmTC_867ac.dir/src.c.o
/usr/bin/cc -DJANUS_SYS_HAS_GET_OVERLAPPED_RESULT -I/home/janus/NTNU_ROV_COM/lib/janus-c-3.0.5/external/libraries/-bit-linux-glibc-gcc93/include -fPIC -std=c99 -Wall -Wshadow -pedantic -o CMakeFiles/cmTC_867ac.dir/src.c.o -c /home/janus/NTNU_ROV_COM/lib/janus-c-3.0.5/CMakeFiles/CMakeTmp/src.c
/home/janus/NTNU_ROV_COM/lib/janus-c-3.0.5/CMakeFiles/CMakeTmp/src.c: In function ‘main’:
/home/janus/NTNU_ROV_COM/lib/janus-c-3.0.5/CMakeFiles/CMakeTmp/src.c:3:1: error: unknown type name ‘HANDLE’
    3 | HANDLE x;
      | ^~~~~~
/home/janus/NTNU_ROV_COM/lib/janus-c-3.0.5/CMakeFiles/CMakeTmp/src.c:4:1: error: unknown type name ‘OVERLAPPED’
    4 | OVERLAPPED xx;
      | ^~~~~~~~~~
/home/janus/NTNU_ROV_COM/lib/janus-c-3.0.5/CMakeFiles/CMakeTmp/src.c:5:1: error: unknown type name ‘DWORD’
    5 | DWORD xxx;
      | ^~~~~
/home/janus/NTNU_ROV_COM/lib/janus-c-3.0.5/CMakeFiles/CMakeTmp/src.c:6:1: error: unknown type name ‘BOOL’
    6 | BOOL xxxx;
      | ^~~~
/home/janus/NTNU_ROV_COM/lib/janus-c-3.0.5/CMakeFiles/CMakeTmp/src.c:8:2: error: unknown type name ‘BOOL’
    8 |  BOOL rv = GetOverlappedResult(x, &xx, &xxx, xxxx);
      |  ^~~~
/home/janus/NTNU_ROV_COM/lib/janus-c-3.0.5/CMakeFiles/CMakeTmp/src.c:8:12: warning: implicit declaration of function ‘GetOverlappedResult’ [-Wimplicit-function-declaration]
    8 |  BOOL rv = GetOverlappedResult(x, &xx, &xxx, xxxx);
      |            ^~~~~~~~~~~~~~~~~~~
/home/janus/NTNU_ROV_COM/lib/janus-c-3.0.5/CMakeFiles/CMakeTmp/src.c:8:7: warning: unused variable ‘rv’ [-Wunused-variable]
    8 |  BOOL rv = GetOverlappedResult(x, &xx, &xxx, xxxx);
      |       ^~
make[1]: *** [CMakeFiles/cmTC_867ac.dir/build.make:78: CMakeFiles/cmTC_867ac.dir/src.c.o] Error 1
make[1]: Leaving directory '/home/janus/NTNU_ROV_COM/lib/janus-c-3.0.5/CMakeFiles/CMakeTmp'
make: *** [Makefile:127: cmTC_867ac/fast] Error 2


Source file was:

int main(void) {
HANDLE x;
OVERLAPPED xx;
DWORD xxx;
BOOL xxxx;

 BOOL rv = GetOverlappedResult(x, &xx, &xxx, xxxx);
return 0;
}

Performing C SOURCE FILE Test JANUS_SYS_HAS_SET_COMM_STATE failed with the following output:
Change Dir: /home/janus/NTNU_ROV_COM/lib/janus-c-3.0.5/CMakeFiles/CMakeTmp

Run Build Command(s):/usr/bin/make -f Makefile cmTC_eb088/fast && /usr/bin/make  -f CMakeFiles/cmTC_eb088.dir/build.make CMakeFiles/cmTC_eb088.dir/build
make[1]: Entering directory '/home/janus/NTNU_ROV_COM/lib/janus-c-3.0.5/CMakeFiles/CMakeTmp'
Building C object CMakeFiles/cmTC_eb088.dir/src.c.o
/usr/bin/cc -DJANUS_SYS_HAS_SET_COMM_STATE -I/home/janus/NTNU_ROV_COM/lib/janus-c-3.0.5/external/libraries/-bit-linux-glibc-gcc93/include -fPIC -std=c99 -Wall -Wshadow -pedantic -o CMakeFiles/cmTC_eb088.dir/src.c.o -c /home/janus/NTNU_ROV_COM/lib/janus-c-3.0.5/CMakeFiles/CMakeTmp/src.c
/home/janus/NTNU_ROV_COM/lib/janus-c-3.0.5/CMakeFiles/CMakeTmp/src.c: In function ‘main’:
/home/janus/NTNU_ROV_COM/lib/janus-c-3.0.5/CMakeFiles/CMakeTmp/src.c:3:1: error: unknown type name ‘HANDLE’
    3 | HANDLE x;
      | ^~~~~~
/home/janus/NTNU_ROV_COM/lib/janus-c-3.0.5/CMakeFiles/CMakeTmp/src.c:4:1: error: unknown type name ‘DCB’
    4 | DCB xx;
      | ^~~
/home/janus/NTNU_ROV_COM/lib/janus-c-3.0.5/CMakeFiles/CMakeTmp/src.c:6:2: error: unknown type name ‘BOOL’
    6 |  BOOL rv = SetCommState(x, &xx);
      |  ^~~~
/home/janus/NTNU_ROV_COM/lib/janus-c-3.0.5/CMakeFiles/CMakeTmp/src.c:6:12: warning: implicit declaration of function ‘SetCommState’ [-Wimplicit-function-declaration]
    6 |  BOOL rv = SetCommState(x, &xx);
      |            ^~~~~~~~~~~~
/home/janus/NTNU_ROV_COM/lib/janus-c-3.0.5/CMakeFiles/CMakeTmp/src.c:6:7: warning: unused variable ‘rv’ [-Wunused-variable]
    6 |  BOOL rv = SetCommState(x, &xx);
      |       ^~
make[1]: *** [CMakeFiles/cmTC_eb088.dir/build.make:78: CMakeFiles/cmTC_eb088.dir/src.c.o] Error 1
make[1]: Leaving directory '/home/janus/NTNU_ROV_COM/lib/janus-c-3.0.5/CMakeFiles/CMakeTmp'
make: *** [Makefile:127: cmTC_eb088/fast] Error 2


Source file was:

int main(void) {
HANDLE x;
DCB xx;

 BOOL rv = SetCommState(x, &xx);
return 0;
}

Performing C SOURCE FILE Test JANUS_SYS_HAS_GET_COMM_STATE failed with the following output:
Change Dir: /home/janus/NTNU_ROV_COM/lib/janus-c-3.0.5/CMakeFiles/CMakeTmp

Run Build Command(s):/usr/bin/make -f Makefile cmTC_965de/fast && /usr/bin/make  -f CMakeFiles/cmTC_965de.dir/build.make CMakeFiles/cmTC_965de.dir/build
make[1]: Entering directory '/home/janus/NTNU_ROV_COM/lib/janus-c-3.0.5/CMakeFiles/CMakeTmp'
Building C object CMakeFiles/cmTC_965de.dir/src.c.o
/usr/bin/cc -DJANUS_SYS_HAS_GET_COMM_STATE -I/home/janus/NTNU_ROV_COM/lib/janus-c-3.0.5/external/libraries/-bit-linux-glibc-gcc93/include -fPIC -std=c99 -Wall -Wshadow -pedantic -o CMakeFiles/cmTC_965de.dir/src.c.o -c /home/janus/NTNU_ROV_COM/lib/janus-c-3.0.5/CMakeFiles/CMakeTmp/src.c
/home/janus/NTNU_ROV_COM/lib/janus-c-3.0.5/CMakeFiles/CMakeTmp/src.c: In function ‘main’:
/home/janus/NTNU_ROV_COM/lib/janus-c-3.0.5/CMakeFiles/CMakeTmp/src.c:3:1: error: unknown type name ‘HANDLE’
    3 | HANDLE x;
      | ^~~~~~
/home/janus/NTNU_ROV_COM/lib/janus-c-3.0.5/CMakeFiles/CMakeTmp/src.c:4:1: error: unknown type name ‘DCB’
    4 | DCB xx;
      | ^~~
/home/janus/NTNU_ROV_COM/lib/janus-c-3.0.5/CMakeFiles/CMakeTmp/src.c:6:2: error: unknown type name ‘BOOL’
    6 |  BOOL rv = GetCommState(x, &xx);
      |  ^~~~
/home/janus/NTNU_ROV_COM/lib/janus-c-3.0.5/CMakeFiles/CMakeTmp/src.c:6:12: warning: implicit declaration of function ‘GetCommState’ [-Wimplicit-function-declaration]
    6 |  BOOL rv = GetCommState(x, &xx);
      |            ^~~~~~~~~~~~
/home/janus/NTNU_ROV_COM/lib/janus-c-3.0.5/CMakeFiles/CMakeTmp/src.c:6:7: warning: unused variable ‘rv’ [-Wunused-variable]
    6 |  BOOL rv = GetCommState(x, &xx);
      |       ^~
make[1]: *** [CMakeFiles/cmTC_965de.dir/build.make:78: CMakeFiles/cmTC_965de.dir/src.c.o] Error 1
make[1]: Leaving directory '/home/janus/NTNU_ROV_COM/lib/janus-c-3.0.5/CMakeFiles/CMakeTmp'
make: *** [Makefile:127: cmTC_965de/fast] Error 2


Source file was:

int main(void) {
HANDLE x;
DCB xx;

 BOOL rv = GetCommState(x, &xx);
return 0;
}

Performing C SOURCE FILE Test JANUS_SYS_HAS_SET_COMM_MASK failed with the following output:
Change Dir: /home/janus/NTNU_ROV_COM/lib/janus-c-3.0.5/CMakeFiles/CMakeTmp

Run Build Command(s):/usr/bin/make -f Makefile cmTC_126ee/fast && /usr/bin/make  -f CMakeFiles/cmTC_126ee.dir/build.make CMakeFiles/cmTC_126ee.dir/build
make[1]: Entering directory '/home/janus/NTNU_ROV_COM/lib/janus-c-3.0.5/CMakeFiles/CMakeTmp'
Building C object CMakeFiles/cmTC_126ee.dir/src.c.o
/usr/bin/cc -DJANUS_SYS_HAS_SET_COMM_MASK -I/home/janus/NTNU_ROV_COM/lib/janus-c-3.0.5/external/libraries/-bit-linux-glibc-gcc93/include -fPIC -std=c99 -Wall -Wshadow -pedantic -o CMakeFiles/cmTC_126ee.dir/src.c.o -c /home/janus/NTNU_ROV_COM/lib/janus-c-3.0.5/CMakeFiles/CMakeTmp/src.c
/home/janus/NTNU_ROV_COM/lib/janus-c-3.0.5/CMakeFiles/CMakeTmp/src.c: In function ‘main’:
/home/janus/NTNU_ROV_COM/lib/janus-c-3.0.5/CMakeFiles/CMakeTmp/src.c:3:1: error: unknown type name ‘HANDLE’
    3 | HANDLE x;
      | ^~~~~~
/home/janus/NTNU_ROV_COM/lib/janus-c-3.0.5/CMakeFiles/CMakeTmp/src.c:4:1: error: unknown type name ‘DWORD’
    4 | DWORD xx;
      | ^~~~~
/home/janus/NTNU_ROV_COM/lib/janus-c-3.0.5/CMakeFiles/CMakeTmp/src.c:6:2: error: unknown type name ‘BOOL’
    6 |  BOOL rv = SetCommMask(x, xx);
      |  ^~~~
/home/janus/NTNU_ROV_COM/lib/janus-c-3.0.5/CMakeFiles/CMakeTmp/src.c:6:12: warning: implicit declaration of function ‘SetCommMask’ [-Wimplicit-function-declaration]
    6 |  BOOL rv = SetCommMask(x, xx);
      |            ^~~~~~~~~~~
/home/janus/NTNU_ROV_COM/lib/janus-c-3.0.5/CMakeFiles/CMakeTmp/src.c:6:7: warning: unused variable ‘rv’ [-Wunused-variable]
    6 |  BOOL rv = SetCommMask(x, xx);
      |       ^~
make[1]: *** [CMakeFiles/cmTC_126ee.dir/build.make:78: CMakeFiles/cmTC_126ee.dir/src.c.o] Error 1
make[1]: Leaving directory '/home/janus/NTNU_ROV_COM/lib/janus-c-3.0.5/CMakeFiles/CMakeTmp'
make: *** [Makefile:127: cmTC_126ee/fast] Error 2


Source file was:

int main(void) {
HANDLE x;
DWORD xx;

 BOOL rv = SetCommMask(x, xx);
return 0;
}

Performing C SOURCE FILE Test JANUS_SYS_HAS_PURGE_COMM failed with the following output:
Change Dir: /home/janus/NTNU_ROV_COM/lib/janus-c-3.0.5/CMakeFiles/CMakeTmp

Run Build Command(s):/usr/bin/make -f Makefile cmTC_ee77f/fast && /usr/bin/make  -f CMakeFiles/cmTC_ee77f.dir/build.make CMakeFiles/cmTC_ee77f.dir/build
make[1]: Entering directory '/home/janus/NTNU_ROV_COM/lib/janus-c-3.0.5/CMakeFiles/CMakeTmp'
Building C object CMakeFiles/cmTC_ee77f.dir/src.c.o
/usr/bin/cc -DJANUS_SYS_HAS_PURGE_COMM -I/home/janus/NTNU_ROV_COM/lib/janus-c-3.0.5/external/libraries/-bit-linux-glibc-gcc93/include -fPIC -std=c99 -Wall -Wshadow -pedantic -o CMakeFiles/cmTC_ee77f.dir/src.c.o -c /home/janus/NTNU_ROV_COM/lib/janus-c-3.0.5/CMakeFiles/CMakeTmp/src.c
/home/janus/NTNU_ROV_COM/lib/janus-c-3.0.5/CMakeFiles/CMakeTmp/src.c: In function ‘main’:
/home/janus/NTNU_ROV_COM/lib/janus-c-3.0.5/CMakeFiles/CMakeTmp/src.c:3:1: error: unknown type name ‘HANDLE’
    3 | HANDLE x;
      | ^~~~~~
/home/janus/NTNU_ROV_COM/lib/janus-c-3.0.5/CMakeFiles/CMakeTmp/src.c:4:1: error: unknown type name ‘DWORD’
    4 | DWORD xx;
      | ^~~~~
/home/janus/NTNU_ROV_COM/lib/janus-c-3.0.5/CMakeFiles/CMakeTmp/src.c:6:2: error: unknown type name ‘BOOL’
    6 |  BOOL rv = PurgeComm(x, xx);
      |  ^~~~
/home/janus/NTNU_ROV_COM/lib/janus-c-3.0.5/CMakeFiles/CMakeTmp/src.c:6:12: warning: implicit declaration of function ‘PurgeComm’ [-Wimplicit-function-declaration]
    6 |  BOOL rv = PurgeComm(x, xx);
      |            ^~~~~~~~~
/home/janus/NTNU_ROV_COM/lib/janus-c-3.0.5/CMakeFiles/CMakeTmp/src.c:6:7: warning: unused variable ‘rv’ [-Wunused-variable]
    6 |  BOOL rv = PurgeComm(x, xx);
      |       ^~
make[1]: *** [CMakeFiles/cmTC_ee77f.dir/build.make:78: CMakeFiles/cmTC_ee77f.dir/src.c.o] Error 1
make[1]: Leaving directory '/home/janus/NTNU_ROV_COM/lib/janus-c-3.0.5/CMakeFiles/CMakeTmp'
make: *** [Makefile:127: cmTC_ee77f/fast] Error 2


Source file was:

int main(void) {
HANDLE x;
DWORD xx;

 BOOL rv = PurgeComm(x, xx);
return 0;
}

Performing C SOURCE FILE Test JANUS_SYS_HAS_WAIT_COMM_EVENT failed with the following output:
Change Dir: /home/janus/NTNU_ROV_COM/lib/janus-c-3.0.5/CMakeFiles/CMakeTmp

Run Build Command(s):/usr/bin/make -f Makefile cmTC_6083f/fast && /usr/bin/make  -f CMakeFiles/cmTC_6083f.dir/build.make CMakeFiles/cmTC_6083f.dir/build
make[1]: Entering directory '/home/janus/NTNU_ROV_COM/lib/janus-c-3.0.5/CMakeFiles/CMakeTmp'
Building C object CMakeFiles/cmTC_6083f.dir/src.c.o
/usr/bin/cc -DJANUS_SYS_HAS_WAIT_COMM_EVENT -I/home/janus/NTNU_ROV_COM/lib/janus-c-3.0.5/external/libraries/-bit-linux-glibc-gcc93/include -fPIC -std=c99 -Wall -Wshadow -pedantic -o CMakeFiles/cmTC_6083f.dir/src.c.o -c /home/janus/NTNU_ROV_COM/lib/janus-c-3.0.5/CMakeFiles/CMakeTmp/src.c
/home/janus/NTNU_ROV_COM/lib/janus-c-3.0.5/CMakeFiles/CMakeTmp/src.c: In function ‘main’:
/home/janus/NTNU_ROV_COM/lib/janus-c-3.0.5/CMakeFiles/CMakeTmp/src.c:3:1: error: unknown type name ‘HANDLE’
    3 | HANDLE x;
      | ^~~~~~
/home/janus/NTNU_ROV_COM/lib/janus-c-3.0.5/CMakeFiles/CMakeTmp/src.c:4:1: error: unknown type name ‘DWORD’
    4 | DWORD xx;
      | ^~~~~
/home/janus/NTNU_ROV_COM/lib/janus-c-3.0.5/CMakeFiles/CMakeTmp/src.c:5:1: error: unknown type name ‘OVERLAPPED’
    5 | OVERLAPPED xxx;
      | ^~~~~~~~~~
/home/janus/NTNU_ROV_COM/lib/janus-c-3.0.5/CMakeFiles/CMakeTmp/src.c:7:2: error: unknown type name ‘BOOL’
    7 |  BOOL rv = WaitCommEvent(x, &xx, &xxx);
      |  ^~~~
/home/janus/NTNU_ROV_COM/lib/janus-c-3.0.5/CMakeFiles/CMakeTmp/src.c:7:12: warning: implicit declaration of function ‘WaitCommEvent’ [-Wimplicit-function-declaration]
    7 |  BOOL rv = WaitCommEvent(x, &xx, &xxx);
      |            ^~~~~~~~~~~~~
/home/janus/NTNU_ROV_COM/lib/janus-c-3.0.5/CMakeFiles/CMakeTmp/src.c:7:7: warning: unused variable ‘rv’ [-Wunused-variable]
    7 |  BOOL rv = WaitCommEvent(x, &xx, &xxx);
      |       ^~
make[1]: *** [CMakeFiles/cmTC_6083f.dir/build.make:78: CMakeFiles/cmTC_6083f.dir/src.c.o] Error 1
make[1]: Leaving directory '/home/janus/NTNU_ROV_COM/lib/janus-c-3.0.5/CMakeFiles/CMakeTmp'
make: *** [Makefile:127: cmTC_6083f/fast] Error 2


Source file was:

int main(void) {
HANDLE x;
DWORD xx;
OVERLAPPED xxx;

 BOOL rv = WaitCommEvent(x, &xx, &xxx);
return 0;
}

Performing C SOURCE FILE Test JANUS_SYS_HAS_SET_COMM_BREAK failed with the following output:
Change Dir: /home/janus/NTNU_ROV_COM/lib/janus-c-3.0.5/CMakeFiles/CMakeTmp

Run Build Command(s):/usr/bin/make -f Makefile cmTC_a2e68/fast && /usr/bin/make  -f CMakeFiles/cmTC_a2e68.dir/build.make CMakeFiles/cmTC_a2e68.dir/build
make[1]: Entering directory '/home/janus/NTNU_ROV_COM/lib/janus-c-3.0.5/CMakeFiles/CMakeTmp'
Building C object CMakeFiles/cmTC_a2e68.dir/src.c.o
/usr/bin/cc -DJANUS_SYS_HAS_SET_COMM_BREAK -I/home/janus/NTNU_ROV_COM/lib/janus-c-3.0.5/external/libraries/-bit-linux-glibc-gcc93/include -fPIC -std=c99 -Wall -Wshadow -pedantic -o CMakeFiles/cmTC_a2e68.dir/src.c.o -c /home/janus/NTNU_ROV_COM/lib/janus-c-3.0.5/CMakeFiles/CMakeTmp/src.c
/home/janus/NTNU_ROV_COM/lib/janus-c-3.0.5/CMakeFiles/CMakeTmp/src.c: In function ‘main’:
/home/janus/NTNU_ROV_COM/lib/janus-c-3.0.5/CMakeFiles/CMakeTmp/src.c:3:1: error: unknown type name ‘HANDLE’
    3 | HANDLE x;
      | ^~~~~~
/home/janus/NTNU_ROV_COM/lib/janus-c-3.0.5/CMakeFiles/CMakeTmp/src.c:5:2: error: unknown type name ‘BOOL’
    5 |  BOOL rv = SetCommBreak(x);
      |  ^~~~
/home/janus/NTNU_ROV_COM/lib/janus-c-3.0.5/CMakeFiles/CMakeTmp/src.c:5:12: warning: implicit declaration of function ‘SetCommBreak’ [-Wimplicit-function-declaration]
    5 |  BOOL rv = SetCommBreak(x);
      |            ^~~~~~~~~~~~
/home/janus/NTNU_ROV_COM/lib/janus-c-3.0.5/CMakeFiles/CMakeTmp/src.c:5:7: warning: unused variable ‘rv’ [-Wunused-variable]
    5 |  BOOL rv = SetCommBreak(x);
      |       ^~
make[1]: *** [CMakeFiles/cmTC_a2e68.dir/build.make:78: CMakeFiles/cmTC_a2e68.dir/src.c.o] Error 1
make[1]: Leaving directory '/home/janus/NTNU_ROV_COM/lib/janus-c-3.0.5/CMakeFiles/CMakeTmp'
make: *** [Makefile:127: cmTC_a2e68/fast] Error 2


Source file was:

int main(void) {
HANDLE x;

 BOOL rv = SetCommBreak(x);
return 0;
}

Performing C SOURCE FILE Test JANUS_SYS_HAS_CLEAR_COMM_BREAK failed with the following output:
Change Dir: /home/janus/NTNU_ROV_COM/lib/janus-c-3.0.5/CMakeFiles/CMakeTmp

Run Build Command(s):/usr/bin/make -f Makefile cmTC_d27ad/fast && /usr/bin/make  -f CMakeFiles/cmTC_d27ad.dir/build.make CMakeFiles/cmTC_d27ad.dir/build
make[1]: Entering directory '/home/janus/NTNU_ROV_COM/lib/janus-c-3.0.5/CMakeFiles/CMakeTmp'
Building C object CMakeFiles/cmTC_d27ad.dir/src.c.o
/usr/bin/cc -DJANUS_SYS_HAS_CLEAR_COMM_BREAK -I/home/janus/NTNU_ROV_COM/lib/janus-c-3.0.5/external/libraries/-bit-linux-glibc-gcc93/include -fPIC -std=c99 -Wall -Wshadow -pedantic -o CMakeFiles/cmTC_d27ad.dir/src.c.o -c /home/janus/NTNU_ROV_COM/lib/janus-c-3.0.5/CMakeFiles/CMakeTmp/src.c
/home/janus/NTNU_ROV_COM/lib/janus-c-3.0.5/CMakeFiles/CMakeTmp/src.c: In function ‘main’:
/home/janus/NTNU_ROV_COM/lib/janus-c-3.0.5/CMakeFiles/CMakeTmp/src.c:3:1: error: unknown type name ‘HANDLE’
    3 | HANDLE x;
      | ^~~~~~
/home/janus/NTNU_ROV_COM/lib/janus-c-3.0.5/CMakeFiles/CMakeTmp/src.c:5:2: error: unknown type name ‘BOOL’
    5 |  BOOL rv = ClearCommBreak(x);
      |  ^~~~
/home/janus/NTNU_ROV_COM/lib/janus-c-3.0.5/CMakeFiles/CMakeTmp/src.c:5:12: warning: implicit declaration of function ‘ClearCommBreak’ [-Wimplicit-function-declaration]
    5 |  BOOL rv = ClearCommBreak(x);
      |            ^~~~~~~~~~~~~~
/home/janus/NTNU_ROV_COM/lib/janus-c-3.0.5/CMakeFiles/CMakeTmp/src.c:5:7: warning: unused variable ‘rv’ [-Wunused-variable]
    5 |  BOOL rv = ClearCommBreak(x);
      |       ^~
make[1]: *** [CMakeFiles/cmTC_d27ad.dir/build.make:78: CMakeFiles/cmTC_d27ad.dir/src.c.o] Error 1
make[1]: Leaving directory '/home/janus/NTNU_ROV_COM/lib/janus-c-3.0.5/CMakeFiles/CMakeTmp'
make: *** [Makefile:127: cmTC_d27ad/fast] Error 2


Source file was:

int main(void) {
HANDLE x;

 BOOL rv = ClearCommBreak(x);
return 0;
}

Performing C SOURCE FILE Test JANUS_SYS_HAS_CLEAR_COMM_ERROR failed with the following output:
Change Dir: /home/janus/NTNU_ROV_COM/lib/janus-c-3.0.5/CMakeFiles/CMakeTmp

Run Build Command(s):/usr/bin/make -f Makefile cmTC_f9531/fast && /usr/bin/make  -f CMakeFiles/cmTC_f9531.dir/build.make CMakeFiles/cmTC_f9531.dir/build
make[1]: Entering directory '/home/janus/NTNU_ROV_COM/lib/janus-c-3.0.5/CMakeFiles/CMakeTmp'
Building C object CMakeFiles/cmTC_f9531.dir/src.c.o
/usr/bin/cc -DJANUS_SYS_HAS_CLEAR_COMM_ERROR -I/home/janus/NTNU_ROV_COM/lib/janus-c-3.0.5/external/libraries/-bit-linux-glibc-gcc93/include -fPIC -std=c99 -Wall -Wshadow -pedantic -o CMakeFiles/cmTC_f9531.dir/src.c.o -c /home/janus/NTNU_ROV_COM/lib/janus-c-3.0.5/CMakeFiles/CMakeTmp/src.c
/home/janus/NTNU_ROV_COM/lib/janus-c-3.0.5/CMakeFiles/CMakeTmp/src.c: In function ‘main’:
/home/janus/NTNU_ROV_COM/lib/janus-c-3.0.5/CMakeFiles/CMakeTmp/src.c:3:1: error: unknown type name ‘HANDLE’
    3 | HANDLE x;
      | ^~~~~~
/home/janus/NTNU_ROV_COM/lib/janus-c-3.0.5/CMakeFiles/CMakeTmp/src.c:4:1: error: unknown type name ‘DWORD’
    4 | DWORD xx;
      | ^~~~~
/home/janus/NTNU_ROV_COM/lib/janus-c-3.0.5/CMakeFiles/CMakeTmp/src.c:5:1: error: unknown type name ‘COMSTAT’
    5 | COMSTAT xxx;
      | ^~~~~~~
/home/janus/NTNU_ROV_COM/lib/janus-c-3.0.5/CMakeFiles/CMakeTmp/src.c:7:2: error: unknown type name ‘BOOL’
    7 |  BOOL rv = ClearCommError(x, &xx, &xxx);
      |  ^~~~
/home/janus/NTNU_ROV_COM/lib/janus-c-3.0.5/CMakeFiles/CMakeTmp/src.c:7:12: warning: implicit declaration of function ‘ClearCommError’ [-Wimplicit-function-declaration]
    7 |  BOOL rv = ClearCommError(x, &xx, &xxx);
      |            ^~~~~~~~~~~~~~
/home/janus/NTNU_ROV_COM/lib/janus-c-3.0.5/CMakeFiles/CMakeTmp/src.c:7:7: warning: unused variable ‘rv’ [-Wunused-variable]
    7 |  BOOL rv = ClearCommError(x, &xx, &xxx);
      |       ^~
make[1]: *** [CMakeFiles/cmTC_f9531.dir/build.make:78: CMakeFiles/cmTC_f9531.dir/src.c.o] Error 1
make[1]: Leaving directory '/home/janus/NTNU_ROV_COM/lib/janus-c-3.0.5/CMakeFiles/CMakeTmp'
make: *** [Makefile:127: cmTC_f9531/fast] Error 2


Source file was:

int main(void) {
HANDLE x;
DWORD xx;
COMSTAT xxx;

 BOOL rv = ClearCommError(x, &xx, &xxx);
return 0;
}

Performing C SOURCE FILE Test JANUS_SYS_HAS_WAIT_FOR_SINGLE_OBJECT failed with the following output:
Change Dir: /home/janus/NTNU_ROV_COM/lib/janus-c-3.0.5/CMakeFiles/CMakeTmp

Run Build Command(s):/usr/bin/make -f Makefile cmTC_ac8c5/fast && /usr/bin/make  -f CMakeFiles/cmTC_ac8c5.dir/build.make CMakeFiles/cmTC_ac8c5.dir/build
make[1]: Entering directory '/home/janus/NTNU_ROV_COM/lib/janus-c-3.0.5/CMakeFiles/CMakeTmp'
Building C object CMakeFiles/cmTC_ac8c5.dir/src.c.o
/usr/bin/cc -DJANUS_SYS_HAS_WAIT_FOR_SINGLE_OBJECT -I/home/janus/NTNU_ROV_COM/lib/janus-c-3.0.5/external/libraries/-bit-linux-glibc-gcc93/include -fPIC -std=c99 -Wall -Wshadow -pedantic -o CMakeFiles/cmTC_ac8c5.dir/src.c.o -c /home/janus/NTNU_ROV_COM/lib/janus-c-3.0.5/CMakeFiles/CMakeTmp/src.c
/home/janus/NTNU_ROV_COM/lib/janus-c-3.0.5/CMakeFiles/CMakeTmp/src.c: In function ‘main’:
/home/janus/NTNU_ROV_COM/lib/janus-c-3.0.5/CMakeFiles/CMakeTmp/src.c:3:1: error: unknown type name ‘HANDLE’
    3 | HANDLE x;
      | ^~~~~~
/home/janus/NTNU_ROV_COM/lib/janus-c-3.0.5/CMakeFiles/CMakeTmp/src.c:4:1: error: unknown type name ‘DWORD’
    4 | DWORD xx;
      | ^~~~~
/home/janus/NTNU_ROV_COM/lib/janus-c-3.0.5/CMakeFiles/CMakeTmp/src.c:6:2: error: unknown type name ‘DWORD’
    6 |  DWORD rv = WaitForSingleObject(x, xx);
      |  ^~~~~
/home/janus/NTNU_ROV_COM/lib/janus-c-3.0.5/CMakeFiles/CMakeTmp/src.c:6:13: warning: implicit declaration of function ‘WaitForSingleObject’ [-Wimplicit-function-declaration]
    6 |  DWORD rv = WaitForSingleObject(x, xx);
      |             ^~~~~~~~~~~~~~~~~~~
/home/janus/NTNU_ROV_COM/lib/janus-c-3.0.5/CMakeFiles/CMakeTmp/src.c:6:8: warning: unused variable ‘rv’ [-Wunused-variable]
    6 |  DWORD rv = WaitForSingleObject(x, xx);
      |        ^~
make[1]: *** [CMakeFiles/cmTC_ac8c5.dir/build.make:78: CMakeFiles/cmTC_ac8c5.dir/src.c.o] Error 1
make[1]: Leaving directory '/home/janus/NTNU_ROV_COM/lib/janus-c-3.0.5/CMakeFiles/CMakeTmp'
make: *** [Makefile:127: cmTC_ac8c5/fast] Error 2


Source file was:

int main(void) {
HANDLE x;
DWORD xx;

 DWORD rv = WaitForSingleObject(x, xx);
return 0;
}

Performing C SOURCE FILE Test JANUS_SYS_HAS_CREATE_EVENT failed with the following output:
Change Dir: /home/janus/NTNU_ROV_COM/lib/janus-c-3.0.5/CMakeFiles/CMakeTmp

Run Build Command(s):/usr/bin/make -f Makefile cmTC_08238/fast && /usr/bin/make  -f CMakeFiles/cmTC_08238.dir/build.make CMakeFiles/cmTC_08238.dir/build
make[1]: Entering directory '/home/janus/NTNU_ROV_COM/lib/janus-c-3.0.5/CMakeFiles/CMakeTmp'
Building C object CMakeFiles/cmTC_08238.dir/src.c.o
/usr/bin/cc -DJANUS_SYS_HAS_CREATE_EVENT -I/home/janus/NTNU_ROV_COM/lib/janus-c-3.0.5/external/libraries/-bit-linux-glibc-gcc93/include -fPIC -std=c99 -Wall -Wshadow -pedantic -o CMakeFiles/cmTC_08238.dir/src.c.o -c /home/janus/NTNU_ROV_COM/lib/janus-c-3.0.5/CMakeFiles/CMakeTmp/src.c
/home/janus/NTNU_ROV_COM/lib/janus-c-3.0.5/CMakeFiles/CMakeTmp/src.c: In function ‘main’:
/home/janus/NTNU_ROV_COM/lib/janus-c-3.0.5/CMakeFiles/CMakeTmp/src.c:3:1: error: unknown type name ‘SECURITY_ATTRIBUTES’
    3 | SECURITY_ATTRIBUTES x;
      | ^~~~~~~~~~~~~~~~~~~
/home/janus/NTNU_ROV_COM/lib/janus-c-3.0.5/CMakeFiles/CMakeTmp/src.c:4:1: error: unknown type name ‘BOOL’
    4 | BOOL xx;
      | ^~~~
/home/janus/NTNU_ROV_COM/lib/janus-c-3.0.5/CMakeFiles/CMakeTmp/src.c:5:1: error: unknown type name ‘BOOL’
    5 | BOOL xxx;
      | ^~~~
/home/janus/NTNU_ROV_COM/lib/janus-c-3.0.5/CMakeFiles/CMakeTmp/src.c:6:1: error: unknown type name ‘LPCSTR’
    6 | LPCSTR xxxx;
      | ^~~~~~
/home/janus/NTNU_ROV_COM/lib/janus-c-3.0.5/CMakeFiles/CMakeTmp/src.c:8:2: error: unknown type name ‘HANDLE’
    8 |  HANDLE rv = CreateEvent(&x, xx, xxx, xxxx);
      |  ^~~~~~
/home/janus/NTNU_ROV_COM/lib/janus-c-3.0.5/CMakeFiles/CMakeTmp/src.c:8:14: warning: implicit declaration of function ‘CreateEvent’ [-Wimplicit-function-declaration]
    8 |  HANDLE rv = CreateEvent(&x, xx, xxx, xxxx);
      |              ^~~~~~~~~~~
/home/janus/NTNU_ROV_COM/lib/janus-c-3.0.5/CMakeFiles/CMakeTmp/src.c:8:9: warning: unused variable ‘rv’ [-Wunused-variable]
    8 |  HANDLE rv = CreateEvent(&x, xx, xxx, xxxx);
      |         ^~
make[1]: *** [CMakeFiles/cmTC_08238.dir/build.make:78: CMakeFiles/cmTC_08238.dir/src.c.o] Error 1
make[1]: Leaving directory '/home/janus/NTNU_ROV_COM/lib/janus-c-3.0.5/CMakeFiles/CMakeTmp'
make: *** [Makefile:127: cmTC_08238/fast] Error 2


Source file was:

int main(void) {
SECURITY_ATTRIBUTES x;
BOOL xx;
BOOL xxx;
LPCSTR xxxx;

 HANDLE rv = CreateEvent(&x, xx, xxx, xxxx);
return 0;
}

Performing C SOURCE FILE Test JANUS_SYS_HAS_FORK failed with the following output:
Change Dir: /home/janus/NTNU_ROV_COM/lib/janus-c-3.0.5/CMakeFiles/CMakeTmp

Run Build Command(s):/usr/bin/make -f Makefile cmTC_62be0/fast && /usr/bin/make  -f CMakeFiles/cmTC_62be0.dir/build.make CMakeFiles/cmTC_62be0.dir/build
make[1]: Entering directory '/home/janus/NTNU_ROV_COM/lib/janus-c-3.0.5/CMakeFiles/CMakeTmp'
Building C object CMakeFiles/cmTC_62be0.dir/src.c.o
/usr/bin/cc -DJANUS_SYS_HAS_FORK -I/home/janus/NTNU_ROV_COM/lib/janus-c-3.0.5/external/libraries/-bit-linux-glibc-gcc93/include -fPIC -std=c99 -Wall -Wshadow -pedantic -o CMakeFiles/cmTC_62be0.dir/src.c.o -c /home/janus/NTNU_ROV_COM/lib/janus-c-3.0.5/CMakeFiles/CMakeTmp/src.c
/home/janus/NTNU_ROV_COM/lib/janus-c-3.0.5/CMakeFiles/CMakeTmp/src.c: In function ‘main’:
/home/janus/NTNU_ROV_COM/lib/janus-c-3.0.5/CMakeFiles/CMakeTmp/src.c:5:2: error: unknown type name ‘pid_t’
    5 |  pid_t rv = fork();
      |  ^~~~~
/home/janus/NTNU_ROV_COM/lib/janus-c-3.0.5/CMakeFiles/CMakeTmp/src.c:5:8: warning: unused variable ‘rv’ [-Wunused-variable]
    5 |  pid_t rv = fork();
      |        ^~
make[1]: *** [CMakeFiles/cmTC_62be0.dir/build.make:78: CMakeFiles/cmTC_62be0.dir/src.c.o] Error 1
make[1]: Leaving directory '/home/janus/NTNU_ROV_COM/lib/janus-c-3.0.5/CMakeFiles/CMakeTmp'
make: *** [Makefile:127: cmTC_62be0/fast] Error 2


Source file was:
#include <unistd.h>

int main(void) {

 pid_t rv = fork();
return 0;
}

Performing C SOURCE FILE Test JANUS_SYS_HAS__ALLOCA failed with the following output:
Change Dir: /home/janus/NTNU_ROV_COM/lib/janus-c-3.0.5/CMakeFiles/CMakeTmp

Run Build Command(s):/usr/bin/make -f Makefile cmTC_e939c/fast && /usr/bin/make  -f CMakeFiles/cmTC_e939c.dir/build.make CMakeFiles/cmTC_e939c.dir/build
make[1]: Entering directory '/home/janus/NTNU_ROV_COM/lib/janus-c-3.0.5/CMakeFiles/CMakeTmp'
Building C object CMakeFiles/cmTC_e939c.dir/src.c.o
/usr/bin/cc -DJANUS_SYS_HAS__ALLOCA -I/home/janus/NTNU_ROV_COM/lib/janus-c-3.0.5/external/libraries/-bit-linux-glibc-gcc93/include -fPIC -std=c99 -Wall -Wshadow -pedantic -o CMakeFiles/cmTC_e939c.dir/src.c.o -c /home/janus/NTNU_ROV_COM/lib/janus-c-3.0.5/CMakeFiles/CMakeTmp/src.c
/home/janus/NTNU_ROV_COM/lib/janus-c-3.0.5/CMakeFiles/CMakeTmp/src.c: In function ‘main’:
/home/janus/NTNU_ROV_COM/lib/janus-c-3.0.5/CMakeFiles/CMakeTmp/src.c:3:1: error: unknown type name ‘size_t’
    3 | size_t x;
      | ^~~~~~
/home/janus/NTNU_ROV_COM/lib/janus-c-3.0.5/CMakeFiles/CMakeTmp/src.c:1:1: note: ‘size_t’ is defined in header ‘<stddef.h>’; did you forget to ‘#include <stddef.h>’?
  +++ |+#include <stddef.h>
    1 | 
/home/janus/NTNU_ROV_COM/lib/janus-c-3.0.5/CMakeFiles/CMakeTmp/src.c:5:13: warning: implicit declaration of function ‘_alloca’ [-Wimplicit-function-declaration]
    5 |  void* rv = _alloca(x);
      |             ^~~~~~~
/home/janus/NTNU_ROV_COM/lib/janus-c-3.0.5/CMakeFiles/CMakeTmp/src.c:5:13: warning: initialization of ‘void *’ from ‘int’ makes pointer from integer without a cast [-Wint-conversion]
/home/janus/NTNU_ROV_COM/lib/janus-c-3.0.5/CMakeFiles/CMakeTmp/src.c:5:8: warning: unused variable ‘rv’ [-Wunused-variable]
    5 |  void* rv = _alloca(x);
      |        ^~
make[1]: *** [CMakeFiles/cmTC_e939c.dir/build.make:78: CMakeFiles/cmTC_e939c.dir/src.c.o] Error 1
make[1]: Leaving directory '/home/janus/NTNU_ROV_COM/lib/janus-c-3.0.5/CMakeFiles/CMakeTmp'
make: *** [Makefile:127: cmTC_e939c/fast] Error 2


Source file was:

int main(void) {
size_t x;

 void* rv = _alloca(x);
return 0;
}

Performing C SOURCE FILE Test JANUS_SYS_HAS_CRITICAL_SECTION failed with the following output:
Change Dir: /home/janus/NTNU_ROV_COM/lib/janus-c-3.0.5/CMakeFiles/CMakeTmp

Run Build Command(s):/usr/bin/make -f Makefile cmTC_4314d/fast && /usr/bin/make  -f CMakeFiles/cmTC_4314d.dir/build.make CMakeFiles/cmTC_4314d.dir/build
make[1]: Entering directory '/home/janus/NTNU_ROV_COM/lib/janus-c-3.0.5/CMakeFiles/CMakeTmp'
Building C object CMakeFiles/cmTC_4314d.dir/src.c.o
/usr/bin/cc -DJANUS_SYS_HAS_CRITICAL_SECTION -I/home/janus/NTNU_ROV_COM/lib/janus-c-3.0.5/external/libraries/-bit-linux-glibc-gcc93/include -fPIC -std=c99 -Wall -Wshadow -pedantic -o CMakeFiles/cmTC_4314d.dir/src.c.o -c /home/janus/NTNU_ROV_COM/lib/janus-c-3.0.5/CMakeFiles/CMakeTmp/src.c
/home/janus/NTNU_ROV_COM/lib/janus-c-3.0.5/CMakeFiles/CMakeTmp/src.c: In function ‘main’:
/home/janus/NTNU_ROV_COM/lib/janus-c-3.0.5/CMakeFiles/CMakeTmp/src.c:2:18: error: unknown type name ‘CRITICAL_SECTION’
    2 | int main(void) { CRITICAL_SECTION x; return 0;}
      |                  ^~~~~~~~~~~~~~~~
/home/janus/NTNU_ROV_COM/lib/janus-c-3.0.5/CMakeFiles/CMakeTmp/src.c:2:35: warning: unused variable ‘x’ [-Wunused-variable]
    2 | int main(void) { CRITICAL_SECTION x; return 0;}
      |                                   ^
make[1]: *** [CMakeFiles/cmTC_4314d.dir/build.make:78: CMakeFiles/cmTC_4314d.dir/src.c.o] Error 1
make[1]: Leaving directory '/home/janus/NTNU_ROV_COM/lib/janus-c-3.0.5/CMakeFiles/CMakeTmp'
make: *** [Makefile:127: cmTC_4314d/fast] Error 2


Source file was:

int main(void) { CRITICAL_SECTION x; return 0;}

Performing C SOURCE FILE Test JANUS_SYS_HAS_STD_TR1_SHARED_PTR failed with the following output:
Change Dir: /home/janus/NTNU_ROV_COM/lib/janus-c-3.0.5/CMakeFiles/CMakeTmp

Run Build Command(s):/usr/bin/make -f Makefile cmTC_af586/fast && /usr/bin/make  -f CMakeFiles/cmTC_af586.dir/build.make CMakeFiles/cmTC_af586.dir/build
make[1]: Entering directory '/home/janus/NTNU_ROV_COM/lib/janus-c-3.0.5/CMakeFiles/CMakeTmp'
Building C object CMakeFiles/cmTC_af586.dir/src.c.o
/usr/bin/cc -DJANUS_SYS_HAS_STD_TR1_SHARED_PTR -I/home/janus/NTNU_ROV_COM/lib/janus-c-3.0.5/external/libraries/-bit-linux-glibc-gcc93/include -fPIC -std=c99 -Wall -Wshadow -pedantic -o CMakeFiles/cmTC_af586.dir/src.c.o -c /home/janus/NTNU_ROV_COM/lib/janus-c-3.0.5/CMakeFiles/CMakeTmp/src.c
/home/janus/NTNU_ROV_COM/lib/janus-c-3.0.5/CMakeFiles/CMakeTmp/src.c: In function ‘main’:
/home/janus/NTNU_ROV_COM/lib/janus-c-3.0.5/CMakeFiles/CMakeTmp/src.c:2:22: error: expected expression before ‘:’ token
    2 | int main(void) { std::tr1::shared_ptr<int> x; return 0;}
      |                      ^
/home/janus/NTNU_ROV_COM/lib/janus-c-3.0.5/CMakeFiles/CMakeTmp/src.c:2:18: warning: label ‘std’ defined but not used [-Wunused-label]
    2 | int main(void) { std::tr1::shared_ptr<int> x; return 0;}
      |                  ^~~
make[1]: *** [CMakeFiles/cmTC_af586.dir/build.make:78: CMakeFiles/cmTC_af586.dir/src.c.o] Error 1
make[1]: Leaving directory '/home/janus/NTNU_ROV_COM/lib/janus-c-3.0.5/CMakeFiles/CMakeTmp'
make: *** [Makefile:127: cmTC_af586/fast] Error 2


Source file was:

int main(void) { std::tr1::shared_ptr<int> x; return 0;}

Determining if the function snd_pcm_open exists in the asound failed with the following output:
Change Dir: /home/janus/NTNU_ROV_COM/lib/janus-c-3.0.5/CMakeFiles/CMakeTmp

Run Build Command(s):/usr/bin/make -f Makefile cmTC_efcab/fast && /usr/bin/make  -f CMakeFiles/cmTC_efcab.dir/build.make CMakeFiles/cmTC_efcab.dir/build
make[1]: Entering directory '/home/janus/NTNU_ROV_COM/lib/janus-c-3.0.5/CMakeFiles/CMakeTmp'
Building C object CMakeFiles/cmTC_efcab.dir/CheckFunctionExists.c.o
/usr/bin/cc   -fPIC -DCHECK_FUNCTION_EXISTS=snd_pcm_open -std=c99 -Wall -Wshadow -pedantic -o CMakeFiles/cmTC_efcab.dir/CheckFunctionExists.c.o -c /snap/cmake/1009/share/cmake-3.22/Modules/CheckFunctionExists.c
Linking C executable cmTC_efcab
/snap/cmake/1009/bin/cmake -E cmake_link_script CMakeFiles/cmTC_efcab.dir/link.txt --verbose=1
/usr/bin/cc  -fPIC -DCHECK_FUNCTION_EXISTS=snd_pcm_open -std=c99 -Wall -Wshadow -pedantic -rdynamic CMakeFiles/cmTC_efcab.dir/CheckFunctionExists.c.o -o cmTC_efcab  -lasound -lrt -lpthread -lm -lnsl -ldl 
/usr/bin/ld: cannot find -lasound
collect2: error: ld returned 1 exit status
make[1]: *** [CMakeFiles/cmTC_efcab.dir/build.make:99: cmTC_efcab] Error 1
make[1]: Leaving directory '/home/janus/NTNU_ROV_COM/lib/janus-c-3.0.5/CMakeFiles/CMakeTmp'
make: *** [Makefile:127: cmTC_efcab/fast] Error 2



Performing C SOURCE FILE Test JANUS_SYS_HAS_ALSA_ASOUNDLIB_H failed with the following output:
Change Dir: /home/janus/NTNU_ROV_COM/lib/janus-c-3.0.5/CMakeFiles/CMakeTmp

Run Build Command(s):/usr/bin/make -f Makefile cmTC_5aa81/fast && /usr/bin/make  -f CMakeFiles/cmTC_5aa81.dir/build.make CMakeFiles/cmTC_5aa81.dir/build
make[1]: Entering directory '/home/janus/NTNU_ROV_COM/lib/janus-c-3.0.5/CMakeFiles/CMakeTmp'
Building C object CMakeFiles/cmTC_5aa81.dir/src.c.o
/usr/bin/cc -DJANUS_SYS_HAS_ALSA_ASOUNDLIB_H -I/home/janus/NTNU_ROV_COM/lib/janus-c-3.0.5/external/libraries/-bit-linux-glibc-gcc93/include -fPIC -std=c99 -Wall -Wshadow -pedantic -o CMakeFiles/cmTC_5aa81.dir/src.c.o -c /home/janus/NTNU_ROV_COM/lib/janus-c-3.0.5/CMakeFiles/CMakeTmp/src.c
/home/janus/NTNU_ROV_COM/lib/janus-c-3.0.5/CMakeFiles/CMakeTmp/src.c:2:10: fatal error: alsa/asoundlib.h: No such file or directory
    2 | #include <alsa/asoundlib.h>
      |          ^~~~~~~~~~~~~~~~~~
compilation terminated.
make[1]: *** [CMakeFiles/cmTC_5aa81.dir/build.make:78: CMakeFiles/cmTC_5aa81.dir/src.c.o] Error 1
make[1]: Leaving directory '/home/janus/NTNU_ROV_COM/lib/janus-c-3.0.5/CMakeFiles/CMakeTmp'
make: *** [Makefile:127: cmTC_5aa81/fast] Error 2


Source file was:

#include <alsa/asoundlib.h>
int main(void){ return 0; }

Determining if the function FLAC__stream_encoder_process exists in the FLAC failed with the following output:
Change Dir: /home/janus/NTNU_ROV_COM/lib/janus-c-3.0.5/CMakeFiles/CMakeTmp

Run Build Command(s):/usr/bin/make -f Makefile cmTC_1c70d/fast && /usr/bin/make  -f CMakeFiles/cmTC_1c70d.dir/build.make CMakeFiles/cmTC_1c70d.dir/build
make[1]: Entering directory '/home/janus/NTNU_ROV_COM/lib/janus-c-3.0.5/CMakeFiles/CMakeTmp'
Building C object CMakeFiles/cmTC_1c70d.dir/CheckFunctionExists.c.o
/usr/bin/cc   -fPIC -DCHECK_FUNCTION_EXISTS=FLAC__stream_encoder_process -std=c99 -Wall -Wshadow -pedantic -o CMakeFiles/cmTC_1c70d.dir/CheckFunctionExists.c.o -c /snap/cmake/1009/share/cmake-3.22/Modules/CheckFunctionExists.c
Linking C executable cmTC_1c70d
/snap/cmake/1009/bin/cmake -E cmake_link_script CMakeFiles/cmTC_1c70d.dir/link.txt --verbose=1
/usr/bin/cc  -fPIC -DCHECK_FUNCTION_EXISTS=FLAC__stream_encoder_process -std=c99 -Wall -Wshadow -pedantic -rdynamic CMakeFiles/cmTC_1c70d.dir/CheckFunctionExists.c.o -o cmTC_1c70d  -lFLAC -lrt -lpthread -lm -lnsl -ldl 
/usr/bin/ld: cannot find -lFLAC
collect2: error: ld returned 1 exit status
make[1]: *** [CMakeFiles/cmTC_1c70d.dir/build.make:99: cmTC_1c70d] Error 1
make[1]: Leaving directory '/home/janus/NTNU_ROV_COM/lib/janus-c-3.0.5/CMakeFiles/CMakeTmp'
make: *** [Makefile:127: cmTC_1c70d/fast] Error 2



Performing C SOURCE FILE Test JANUS_SYS_HAS_FLAC_ALL_H failed with the following output:
Change Dir: /home/janus/NTNU_ROV_COM/lib/janus-c-3.0.5/CMakeFiles/CMakeTmp

Run Build Command(s):/usr/bin/make -f Makefile cmTC_57306/fast && /usr/bin/make  -f CMakeFiles/cmTC_57306.dir/build.make CMakeFiles/cmTC_57306.dir/build
make[1]: Entering directory '/home/janus/NTNU_ROV_COM/lib/janus-c-3.0.5/CMakeFiles/CMakeTmp'
Building C object CMakeFiles/cmTC_57306.dir/src.c.o
/usr/bin/cc -DJANUS_SYS_HAS_FLAC_ALL_H -I/home/janus/NTNU_ROV_COM/lib/janus-c-3.0.5/external/libraries/-bit-linux-glibc-gcc93/include -fPIC -std=c99 -Wall -Wshadow -pedantic -o CMakeFiles/cmTC_57306.dir/src.c.o -c /home/janus/NTNU_ROV_COM/lib/janus-c-3.0.5/CMakeFiles/CMakeTmp/src.c
/home/janus/NTNU_ROV_COM/lib/janus-c-3.0.5/CMakeFiles/CMakeTmp/src.c:2:10: fatal error: FLAC/all.h: No such file or directory
    2 | #include <FLAC/all.h>
      |          ^~~~~~~~~~~~
compilation terminated.
make[1]: *** [CMakeFiles/cmTC_57306.dir/build.make:78: CMakeFiles/cmTC_57306.dir/src.c.o] Error 1
make[1]: Leaving directory '/home/janus/NTNU_ROV_COM/lib/janus-c-3.0.5/CMakeFiles/CMakeTmp'
make: *** [Makefile:127: cmTC_57306/fast] Error 2


Source file was:

#include <FLAC/all.h>
int main(void){ return 0; }

Determining if the function pa_simple_new exists in the pulse-simple failed with the following output:
Change Dir: /home/janus/NTNU_ROV_COM/lib/janus-c-3.0.5/CMakeFiles/CMakeTmp

Run Build Command(s):/usr/bin/make -f Makefile cmTC_41320/fast && /usr/bin/make  -f CMakeFiles/cmTC_41320.dir/build.make CMakeFiles/cmTC_41320.dir/build
make[1]: Entering directory '/home/janus/NTNU_ROV_COM/lib/janus-c-3.0.5/CMakeFiles/CMakeTmp'
Building C object CMakeFiles/cmTC_41320.dir/CheckFunctionExists.c.o
/usr/bin/cc   -fPIC -DCHECK_FUNCTION_EXISTS=pa_simple_new -std=c99 -Wall -Wshadow -pedantic -o CMakeFiles/cmTC_41320.dir/CheckFunctionExists.c.o -c /snap/cmake/1009/share/cmake-3.22/Modules/CheckFunctionExists.c
Linking C executable cmTC_41320
/snap/cmake/1009/bin/cmake -E cmake_link_script CMakeFiles/cmTC_41320.dir/link.txt --verbose=1
/usr/bin/cc  -fPIC -DCHECK_FUNCTION_EXISTS=pa_simple_new -std=c99 -Wall -Wshadow -pedantic -rdynamic CMakeFiles/cmTC_41320.dir/CheckFunctionExists.c.o -o cmTC_41320  -lpulse-simple -lrt -lpthread -lm -lnsl -ldl 
/usr/bin/ld: cannot find -lpulse-simple
collect2: error: ld returned 1 exit status
make[1]: *** [CMakeFiles/cmTC_41320.dir/build.make:99: cmTC_41320] Error 1
make[1]: Leaving directory '/home/janus/NTNU_ROV_COM/lib/janus-c-3.0.5/CMakeFiles/CMakeTmp'
make: *** [Makefile:127: cmTC_41320/fast] Error 2



Determining if the function pa_strerror exists in the pulse failed with the following output:
Change Dir: /home/janus/NTNU_ROV_COM/lib/janus-c-3.0.5/CMakeFiles/CMakeTmp

Run Build Command(s):/usr/bin/make -f Makefile cmTC_0f787/fast && /usr/bin/make  -f CMakeFiles/cmTC_0f787.dir/build.make CMakeFiles/cmTC_0f787.dir/build
make[1]: Entering directory '/home/janus/NTNU_ROV_COM/lib/janus-c-3.0.5/CMakeFiles/CMakeTmp'
Building C object CMakeFiles/cmTC_0f787.dir/CheckFunctionExists.c.o
/usr/bin/cc   -fPIC -DCHECK_FUNCTION_EXISTS=pa_strerror -std=c99 -Wall -Wshadow -pedantic -o CMakeFiles/cmTC_0f787.dir/CheckFunctionExists.c.o -c /snap/cmake/1009/share/cmake-3.22/Modules/CheckFunctionExists.c
Linking C executable cmTC_0f787
/snap/cmake/1009/bin/cmake -E cmake_link_script CMakeFiles/cmTC_0f787.dir/link.txt --verbose=1
/usr/bin/cc  -fPIC -DCHECK_FUNCTION_EXISTS=pa_strerror -std=c99 -Wall -Wshadow -pedantic -rdynamic CMakeFiles/cmTC_0f787.dir/CheckFunctionExists.c.o -o cmTC_0f787  -lpulse -lrt -lpthread -lm -lnsl -ldl 
/usr/bin/ld: cannot find -lpulse
collect2: error: ld returned 1 exit status
make[1]: *** [CMakeFiles/cmTC_0f787.dir/build.make:99: cmTC_0f787] Error 1
make[1]: Leaving directory '/home/janus/NTNU_ROV_COM/lib/janus-c-3.0.5/CMakeFiles/CMakeTmp'
make: *** [Makefile:127: cmTC_0f787/fast] Error 2



Performing C SOURCE FILE Test JANUS_SYS_HAS_PULSE_SIMPLE_H failed with the following output:
Change Dir: /home/janus/NTNU_ROV_COM/lib/janus-c-3.0.5/CMakeFiles/CMakeTmp

Run Build Command(s):/usr/bin/make -f Makefile cmTC_da0ec/fast && /usr/bin/make  -f CMakeFiles/cmTC_da0ec.dir/build.make CMakeFiles/cmTC_da0ec.dir/build
make[1]: Entering directory '/home/janus/NTNU_ROV_COM/lib/janus-c-3.0.5/CMakeFiles/CMakeTmp'
Building C object CMakeFiles/cmTC_da0ec.dir/src.c.o
/usr/bin/cc -DJANUS_SYS_HAS_PULSE_SIMPLE_H -I/home/janus/NTNU_ROV_COM/lib/janus-c-3.0.5/external/libraries/-bit-linux-glibc-gcc93/include -fPIC -std=c99 -Wall -Wshadow -pedantic -o CMakeFiles/cmTC_da0ec.dir/src.c.o -c /home/janus/NTNU_ROV_COM/lib/janus-c-3.0.5/CMakeFiles/CMakeTmp/src.c
/home/janus/NTNU_ROV_COM/lib/janus-c-3.0.5/CMakeFiles/CMakeTmp/src.c:2:10: fatal error: pulse/simple.h: No such file or directory
    2 | #include <pulse/simple.h>
      |          ^~~~~~~~~~~~~~~~
compilation terminated.
make[1]: *** [CMakeFiles/cmTC_da0ec.dir/build.make:78: CMakeFiles/cmTC_da0ec.dir/src.c.o] Error 1
make[1]: Leaving directory '/home/janus/NTNU_ROV_COM/lib/janus-c-3.0.5/CMakeFiles/CMakeTmp'
make: *** [Makefile:127: cmTC_da0ec/fast] Error 2


Source file was:

#include <pulse/simple.h>
int main(void){ return 0; }

